ASxxxx Assembler V02.00 + NoICE + SDCC mods  (Zilog Z80 / Hitachi HD64180), page 1.
Hexadecimal [16-Bits]



                              1 ;; File 'src/map/mappk0.h.s' generated using cpct_pack
                              2 ;; Compresor used:   zx7b
                              3 ;; Files compressed: [ 'src/map0.bin' ]
                              4 ;; Uncompressed:     1520 bytes
                              5 ;; Compressed:       230 bytes
                              6 ;; Space saved:      1290 bytes
                              7 ;;
                              8 
                              9 ;; Declaration of the compressed array and
                             10 ;; the address of the latest byte of the compressed array (for unpacking purposes)
                             11 .globl _mappk0
                             12 .globl _mappk0_end
                             13 
                             14 ;; Compressed and uncompressed sizes
                     00E6    15 _mappk0_size_z == 230
                     05F0    16 _mappk0_size   == 1520
                             17 
                             18 
