ASxxxx Assembler V02.00 + NoICE + SDCC mods  (Zilog Z80 / Hitachi HD64180), page 1.
Hexadecimal [16-Bits]



                              1 ;; File 'src/map/mappk1.h.s' generated using cpct_pack
                              2 ;; Compresor used:   zx7b
                              3 ;; Files compressed: [ 'src/map1.bin' ]
                              4 ;; Uncompressed:     1520 bytes
                              5 ;; Compressed:       212 bytes
                              6 ;; Space saved:      1308 bytes
                              7 ;;
                              8 
                              9 ;; Declaration of the compressed array and
                             10 ;; the address of the latest byte of the compressed array (for unpacking purposes)
                             11 .globl _mappk1
                             12 .globl _mappk1_end
                             13 
                             14 ;; Compressed and uncompressed sizes
                     00D4    15 _mappk1_size_z == 212
                     05F0    16 _mappk1_size   == 1520
                             17 
                             18 
