ASxxxx Assembler V02.00 + NoICE + SDCC mods  (Zilog Z80 / Hitachi HD64180), page 1.
Hexadecimal [16-Bits]



                              1 ;; File 'src/map/mappk2.h.s' generated using cpct_pack
                              2 ;; Compresor used:   zx7b
                              3 ;; Files compressed: [ 'src/map2.bin' ]
                              4 ;; Uncompressed:     1520 bytes
                              5 ;; Compressed:       226 bytes
                              6 ;; Space saved:      1294 bytes
                              7 ;;
                              8 
                              9 ;; Declaration of the compressed array and
                             10 ;; the address of the latest byte of the compressed array (for unpacking purposes)
                             11 .globl _mappk2
                             12 .globl _mappk2_end
                             13 
                             14 ;; Compressed and uncompressed sizes
                     00E2    15 _mappk2_size_z == 226
                     05F0    16 _mappk2_size   == 1520
                             17 
                             18 
