ASxxxx Assembler V02.00 + NoICE + SDCC mods  (Zilog Z80 / Hitachi HD64180), page 1.
Hexadecimal [16-Bits]



                              1 ;; File 'src/map/mappk2.s' generated using cpct_pack
                              2 ;; Compresor used:   zx7b
                              3 ;; Files compressed: [ 'src/map2.bin' ]
                              4 ;; Uncompressed:     1520 bytes
                              5 ;; Compressed:       226 bytes
                              6 ;; Space saved:      1294 bytes
                              7 ;;
                              8 
                              9 ;; Data array definition
   0000                      10 _mappk2::
   0000 AB AA 03 AB A7 CA    11    .db  0xab, 0xaa, 0x03, 0xab, 0xa7, 0xca, 0x03, 0xba, 0xaa, 0xa7, 0xac, 0x03, 0xab, 0xa7, 0xca, 0x00
        03 BA AA A7 AC 03
        AB A7 CA 00
   0010 1A 82 03 4F 12 04    12    .db  0x1a, 0x82, 0x03, 0x4f, 0x12, 0x04, 0x41, 0x27, 0x83, 0x00, 0xe2, 0xaa, 0x27, 0x0b, 0xef, 0xab
        41 27 83 00 E2 AA
        27 0B EF AB
   0020 AF B6 5A EF AB 87    13    .db  0xaf, 0xb6, 0x5a, 0xef, 0xab, 0x87, 0xb4, 0x3a, 0xff, 0x2b, 0x87, 0xd2, 0xea, 0xff, 0x2c, 0x4f
        B4 3A FF 2B 87 D2
        EA FF 2C 4F
   0030 BA 03 EB FF 2C 0A    14    .db  0xba, 0x03, 0xeb, 0xff, 0x2c, 0x0a, 0x9f, 0x03, 0xbb, 0xff, 0xce, 0xa2, 0x27, 0x1b, 0xaf, 0x2b
        9F 03 BB FF CE A2
        27 1B AF 2B
   0040 27 06 E8 DF AC A7    15    .db  0x27, 0x06, 0xe8, 0xdf, 0xac, 0xa7, 0xc6, 0xaa, 0x97, 0x91, 0x0a, 0xcf, 0xeb, 0xff, 0x2c, 0x4f
        C6 AA 97 91 0A CF
        EB FF 2C 4F
   0050 BA A7 B1 03 AE B7    16    .db  0xba, 0xa7, 0xb1, 0x03, 0xae, 0xb7, 0xc6, 0x88, 0xff, 0x33, 0x27, 0xea, 0xbf, 0xc6, 0x03, 0xba
        C6 88 FF 33 27 EA
        BF C6 03 BA
   0060 1A B7 23 27 00 9E    17    .db  0x1a, 0xb7, 0x23, 0x27, 0x00, 0x9e, 0x03, 0x4f, 0xa8, 0xbf, 0x8d, 0x45, 0x00, 0x4f, 0x77, 0xc5
        03 4F A8 BF 8D 45
        00 4F 77 C5
   0070 B7 18 15 EF 06 E7    18    .db  0xb7, 0x18, 0x15, 0xef, 0x06, 0xe7, 0x85, 0x27, 0xd1, 0x0f, 0xc1, 0x27, 0xc5, 0xa7, 0x8d, 0x27
        85 27 D1 0F C1 27
        C5 A7 8D 27
   0080 D1 0F C1 27 C5 A7    19    .db  0xd1, 0x0f, 0xc1, 0x27, 0xc5, 0xa7, 0x8d, 0x27, 0xd1, 0x0f, 0xc1, 0x45, 0x9f, 0xd8, 0xa7, 0x18
        8D 27 D1 0F C1 45
        9F D8 A7 18
   0090 27 1D 0F 5C 27 DC    20    .db  0x27, 0x1d, 0x0f, 0x5c, 0x27, 0xdc, 0xa7, 0x18, 0x27, 0x4d, 0x0e, 0x4c, 0x27, 0x00, 0xdc, 0x03
        A7 18 27 4D 0E 4C
        27 00 DC 03
   00A0 50 27 A9 4F 89 00    21    .db  0x50, 0x27, 0xa9, 0x4f, 0x89, 0x00, 0x26, 0x01, 0x34, 0x35, 0x36, 0x08, 0x37, 0x27, 0x56, 0x18
        26 01 34 35 36 08
        37 27 56 18
   00B0 13 38 39 0B 49 30    22    .db  0x13, 0x38, 0x39, 0x0b, 0x49, 0x30, 0x31, 0x32, 0x33, 0x53, 0x61, 0x27, 0x17, 0x00, 0x13, 0x00
        31 32 33 53 61 27
        17 00 13 00
   00C0 01 27 25 03 71 0C    23    .db  0x01, 0x27, 0x25, 0x03, 0x71, 0x0c, 0x45, 0x0d, 0x0e, 0x0f, 0x27, 0x58, 0x03, 0x5c, 0x18, 0x19
        45 0D 0E 0F 27 58
        03 5C 18 19
   00D0 1A 11 1B 27 16 03    24    .db  0x1a, 0x11, 0x1b, 0x27, 0x16, 0x03, 0x57, 0x24, 0x25, 0x26, 0x27, 0x03, 0x04, 0x00, 0x01, 0x3a
        57 24 25 26 27 03
        04 00 01 3A
   00E0 2B 3B                25    .db  0x2b, 0x3b
                             26 ;; Address of the latest byte of the compressed array (for unpacking purposes)
                     00E1    27 _mappk2_end == . - 1
ASxxxx Assembler V02.00 + NoICE + SDCC mods  (Zilog Z80 / Hitachi HD64180), page 2.
Hexadecimal [16-Bits]



                             28 
