ASxxxx Assembler V02.00 + NoICE + SDCC mods  (Zilog Z80 / Hitachi HD64180), page 1.
Hexadecimal [16-Bits]



                              1 ;; File 'src/map/mappk0.s' generated using cpct_pack
                              2 ;; Compresor used:   zx7b
                              3 ;; Files compressed: [ 'src/map0.bin' ]
                              4 ;; Uncompressed:     1520 bytes
                              5 ;; Compressed:       230 bytes
                              6 ;; Space saved:      1290 bytes
                              7 ;;
                              8 
                              9 ;; Data array definition
   0000                      10 _mappk0::
   0000 AC AA F7 E6 8A 8A    11    .db  0xac, 0xaa, 0xf7, 0xe6, 0x8a, 0x8a, 0xff, 0x8b, 0xd0, 0xda, 0x03, 0xe2, 0x6f, 0xba, 0x03, 0xea
        FF 8B D0 DA 03 E2
        6F BA 03 EA
   0010 6F BA 03 EA 6F BA    12    .db  0x6f, 0xba, 0x03, 0xea, 0x6f, 0xba, 0x03, 0xea, 0x2a, 0xdf, 0xac, 0x03, 0xb8, 0x6f, 0xae, 0x03
        03 EA 2A DF AC 03
        B8 6F AE 03
   0020 BA 6F AE 7A 8F 8B    13    .db  0xba, 0x6f, 0xae, 0x7a, 0x8f, 0x8b, 0x4e, 0x0b, 0xbf, 0x46, 0x4a, 0x83, 0xa3, 0x57, 0x89, 0xb3
        4E 0B BF 46 4A 83
        A3 57 89 B3
   0030 C6 00 8E 6F 29 8F    14    .db  0xc6, 0x00, 0x8e, 0x6f, 0x29, 0x8f, 0x4a, 0x1a, 0xb3, 0x27, 0xbb, 0x2a, 0xd3, 0xac, 0x27, 0x29
        4A 1A B3 27 BB 2A
        D3 AC 27 29
   0040 08 D1 27 A7 00 E8    15    .db  0x08, 0xd1, 0x27, 0xa7, 0x00, 0xe8, 0xea, 0xaf, 0xac, 0x00, 0xba, 0x27, 0xae, 0x00, 0xae, 0xbf
        EA AF AC 00 BA 27
        AE 00 AE BF
   0050 91 00 E2 1A B7 A1    16    .db  0x91, 0x00, 0xe2, 0x1a, 0xb7, 0xa1, 0x4f, 0x3b, 0xe3, 0x27, 0x6b, 0x6a, 0xb7, 0x84, 0x4f, 0xee
        4F 3B E3 27 6B 6A
        B7 84 4F EE
   0060 E3 AC 03 8F 24 55    17    .db  0xe3, 0xac, 0x03, 0x8f, 0x24, 0x55, 0xef, 0x58, 0x05, 0x08, 0x09, 0x0a, 0x1d, 0x0b, 0x4f, 0x06
        EF 58 05 08 09 0A
        1D 0B 4F 06
   0070 EF 84 01 14 15 16    18    .db  0xef, 0x84, 0x01, 0x14, 0x15, 0x16, 0x17, 0x21, 0xbf, 0x16, 0x20, 0x21, 0x22, 0x10, 0x23, 0xc7
        17 21 BF 16 20 21
        22 10 23 C7
   0080 60 01 2C 2D 2E 2F    19    .db  0x60, 0x01, 0x2c, 0x2d, 0x2e, 0x2f, 0x01, 0xef, 0x02, 0x30, 0xbb, 0x42, 0xab, 0x63, 0x4f, 0xdd
        01 EF 02 30 BB 42
        AB 63 4F DD
   0090 A3 58 77 03 D7 13    20    .db  0xa3, 0x58, 0x77, 0x03, 0xd7, 0x13, 0x5d, 0x07, 0x4f, 0xdc, 0xf3, 0x8d, 0x27, 0x35, 0x00, 0x30
        5D 07 4F DC F3 8D
        27 35 00 30
   00A0 19 31 06 77 CC 00    21    .db  0x19, 0x31, 0x06, 0x77, 0xcc, 0x00, 0x5d, 0x03, 0x27, 0xa5, 0x4f, 0xba, 0xa8, 0x22, 0xab, 0x4f
        5D 03 27 A5 4F BA
        A8 22 AB 4F
   00B0 27 BB 0C E8 34 35    22    .db  0x27, 0xbb, 0x0c, 0xe8, 0x34, 0x35, 0x36, 0x37, 0x0a, 0x0d, 0x8b, 0x3a, 0x3b, 0x19, 0x16, 0x6c
        36 37 0A 0D 8B 3A
        3B 19 16 6C
   00C0 38 39 22 09 30 31    23    .db  0x38, 0x39, 0x22, 0x09, 0x30, 0x31, 0x21, 0x32, 0x33, 0x03, 0x00, 0x18, 0x01, 0x00, 0x94, 0x82
        21 32 33 03 00 18
        01 00 94 82
   00D0 00 03 16 0C 0D 0E    24    .db  0x00, 0x03, 0x16, 0x0c, 0x0d, 0x0e, 0x10, 0x0f, 0x03, 0x16, 0x18, 0x19, 0x1a, 0x10, 0x1b, 0x03
        10 0F 03 16 18 19
        1A 10 1B 03
   00E0 16 24 25 26 10 27    25    .db  0x16, 0x24, 0x25, 0x26, 0x10, 0x27
                             26 ;; Address of the latest byte of the compressed array (for unpacking purposes)
                     00E5    27 _mappk0_end == . - 1
ASxxxx Assembler V02.00 + NoICE + SDCC mods  (Zilog Z80 / Hitachi HD64180), page 2.
Hexadecimal [16-Bits]



                             28 
