                              1 ;--------------------------------------------------------
                              2 ; File Created by SDCC : free open source ANSI-C Compiler
                              3 ; Version 3.6.8 #9946 (CYGWIN)
                              4 ;--------------------------------------------------------
                              5 	.module aracnovirus
                              6 	.optsdcc -mz80
                              7 	
                              8 ;--------------------------------------------------------
                              9 ; Public variables in this module
                             10 ;--------------------------------------------------------
                             11 	.globl _g_aracnovirus_1
                             12 	.globl _g_aracnovirus_0
                             13 ;--------------------------------------------------------
                             14 ; special function registers
                             15 ;--------------------------------------------------------
                             16 ;--------------------------------------------------------
                             17 ; ram data
                             18 ;--------------------------------------------------------
                             19 	.area _DATA
                             20 ;--------------------------------------------------------
                             21 ; ram data
                             22 ;--------------------------------------------------------
                             23 	.area _INITIALIZED
                             24 ;--------------------------------------------------------
                             25 ; absolute external ram data
                             26 ;--------------------------------------------------------
                             27 	.area _DABS (ABS)
                             28 ;--------------------------------------------------------
                             29 ; global & static initialisations
                             30 ;--------------------------------------------------------
                             31 	.area _HOME
                             32 	.area _GSINIT
                             33 	.area _GSFINAL
                             34 	.area _GSINIT
                             35 ;--------------------------------------------------------
                             36 ; Home
                             37 ;--------------------------------------------------------
                             38 	.area _HOME
                             39 	.area _HOME
                             40 ;--------------------------------------------------------
                             41 ; code
                             42 ;--------------------------------------------------------
                             43 	.area _CODE
                             44 	.area _CODE
   0000                      45 _g_aracnovirus_0:
   0000 00                   46 	.db #0x00	; 0
   0001 00                   47 	.db #0x00	; 0
   0002 C0                   48 	.db #0xc0	; 192
   0003 C0                   49 	.db #0xc0	; 192
   0004 C0                   50 	.db #0xc0	; 192
   0005 C0                   51 	.db #0xc0	; 192
   0006 00                   52 	.db #0x00	; 0
   0007 00                   53 	.db #0x00	; 0
   0008 00                   54 	.db #0x00	; 0
   0009 40                   55 	.db #0x40	; 64
   000A 03                   56 	.db #0x03	; 3
   000B C3                   57 	.db #0xc3	; 195
   000C C7                   58 	.db #0xc7	; 199
   000D CE                   59 	.db #0xce	; 206
   000E 80                   60 	.db #0x80	; 128
   000F 00                   61 	.db #0x00	; 0
   0010 00                   62 	.db #0x00	; 0
   0011 81                   63 	.db #0x81	; 129
   0012 42                   64 	.db #0x42	; 66	'B'
   0013 C0                   65 	.db #0xc0	; 192
   0014 C0                   66 	.db #0xc0	; 192
   0015 C0                   67 	.db #0xc0	; 192
   0016 C8                   68 	.db #0xc8	; 200
   0017 00                   69 	.db #0x00	; 0
   0018 40                   70 	.db #0x40	; 64
   0019 03                   71 	.db #0x03	; 3
   001A D1                   72 	.db #0xd1	; 209
   001B F3                   73 	.db #0xf3	; 243
   001C D1                   74 	.db #0xd1	; 209
   001D F3                   75 	.db #0xf3	; 243
   001E C4                   76 	.db #0xc4	; 196
   001F 80                   77 	.db #0x80	; 128
   0020 40                   78 	.db #0x40	; 64
   0021 03                   79 	.db #0x03	; 3
   0022 D1                   80 	.db #0xd1	; 209
   0023 73                   81 	.db #0x73	; 115	's'
   0024 D1                   82 	.db #0xd1	; 209
   0025 73                   83 	.db #0x73	; 115	's'
   0026 C4                   84 	.db #0xc4	; 196
   0027 80                   85 	.db #0x80	; 128
   0028 40                   86 	.db #0x40	; 64
   0029 03                   87 	.db #0x03	; 3
   002A D1                   88 	.db #0xd1	; 209
   002B 73                   89 	.db #0x73	; 115	's'
   002C D1                   90 	.db #0xd1	; 209
   002D 73                   91 	.db #0x73	; 115	's'
   002E C5                   92 	.db #0xc5	; 197
   002F 80                   93 	.db #0x80	; 128
   0030 40                   94 	.db #0x40	; 64
   0031 03                   95 	.db #0x03	; 3
   0032 42                   96 	.db #0x42	; 66	'B'
   0033 C0                   97 	.db #0xc0	; 192
   0034 C0                   98 	.db #0xc0	; 192
   0035 C0                   99 	.db #0xc0	; 192
   0036 C7                  100 	.db #0xc7	; 199
   0037 80                  101 	.db #0x80	; 128
   0038 C0                  102 	.db #0xc0	; 192
   0039 81                  103 	.db #0x81	; 129
   003A 43                  104 	.db #0x43	; 67	'C'
   003B C3                  105 	.db #0xc3	; 195
   003C C9                  106 	.db #0xc9	; 201
   003D CB                  107 	.db #0xcb	; 203
   003E C6                  108 	.db #0xc6	; 198
   003F 80                  109 	.db #0x80	; 128
   0040 43                  110 	.db #0x43	; 67	'C'
   0041 C0                  111 	.db #0xc0	; 192
   0042 42                  112 	.db #0x42	; 66	'B'
   0043 CA                  113 	.db #0xca	; 202
   0044 C1                  114 	.db #0xc1	; 193
   0045 C5                  115 	.db #0xc5	; 197
   0046 C0                  116 	.db #0xc0	; 192
   0047 00                  117 	.db #0x00	; 0
   0048 C0                  118 	.db #0xc0	; 192
   0049 42                  119 	.db #0x42	; 66	'B'
   004A 81                  120 	.db #0x81	; 129
   004B C5                  121 	.db #0xc5	; 197
   004C C8                  122 	.db #0xc8	; 200
   004D CA                  123 	.db #0xca	; 202
   004E 00                  124 	.db #0x00	; 0
   004F 00                  125 	.db #0x00	; 0
   0050 00                  126 	.db #0x00	; 0
   0051 C1                  127 	.db #0xc1	; 193
   0052 C0                  128 	.db #0xc0	; 192
   0053 47                  129 	.db #0x47	; 71	'G'
   0054 C7                  130 	.db #0xc7	; 199
   0055 C0                  131 	.db #0xc0	; 192
   0056 C0                  132 	.db #0xc0	; 192
   0057 80                  133 	.db #0x80	; 128
   0058 40                  134 	.db #0x40	; 64
   0059 C0                  135 	.db #0xc0	; 192
   005A 83                  136 	.db #0x83	; 131
   005B C3                  137 	.db #0xc3	; 195
   005C C9                  138 	.db #0xc9	; 201
   005D 8B                  139 	.db #0x8b	; 139
   005E C7                  140 	.db #0xc7	; 199
   005F C8                  141 	.db #0xc8	; 200
   0060 C1                  142 	.db #0xc1	; 193
   0061 C2                  143 	.db #0xc2	; 194
   0062 81                  144 	.db #0x81	; 129
   0063 C7                  145 	.db #0xc7	; 199
   0064 C9                  146 	.db #0xc9	; 201
   0065 C2                  147 	.db #0xc2	; 194
   0066 C0                  148 	.db #0xc0	; 192
   0067 C4                  149 	.db #0xc4	; 196
   0068 C2                  150 	.db #0xc2	; 194
   0069 81                  151 	.db #0x81	; 129
   006A 81                  152 	.db #0x81	; 129
   006B C7                  153 	.db #0xc7	; 199
   006C C3                  154 	.db #0xc3	; 195
   006D CA                  155 	.db #0xca	; 202
   006E C0                  156 	.db #0xc0	; 192
   006F C0                  157 	.db #0xc0	; 192
   0070 42                  158 	.db #0x42	; 66	'B'
   0071 40                  159 	.db #0x40	; 64
   0072 81                  160 	.db #0x81	; 129
   0073 C3                  161 	.db #0xc3	; 195
   0074 C9                  162 	.db #0xc9	; 201
   0075 8B                  163 	.db #0x8b	; 139
   0076 C3                  164 	.db #0xc3	; 195
   0077 CA                  165 	.db #0xca	; 202
   0078 80                  166 	.db #0x80	; 128
   0079 00                  167 	.db #0x00	; 0
   007A 40                  168 	.db #0x40	; 64
   007B 6E                  169 	.db #0x6e	; 110	'n'
   007C BF                  170 	.db #0xbf	; 191
   007D C0                  171 	.db #0xc0	; 192
   007E C0                  172 	.db #0xc0	; 192
   007F C4                  173 	.db #0xc4	; 196
   0080                     174 _g_aracnovirus_1:
   0080 00                  175 	.db #0x00	; 0
   0081 40                  176 	.db #0x40	; 64
   0082 03                  177 	.db #0x03	; 3
   0083 C3                  178 	.db #0xc3	; 195
   0084 C7                  179 	.db #0xc7	; 199
   0085 CE                  180 	.db #0xce	; 206
   0086 80                  181 	.db #0x80	; 128
   0087 00                  182 	.db #0x00	; 0
   0088 00                  183 	.db #0x00	; 0
   0089 81                  184 	.db #0x81	; 129
   008A 42                  185 	.db #0x42	; 66	'B'
   008B C0                  186 	.db #0xc0	; 192
   008C C0                  187 	.db #0xc0	; 192
   008D C0                  188 	.db #0xc0	; 192
   008E C8                  189 	.db #0xc8	; 200
   008F 00                  190 	.db #0x00	; 0
   0090 40                  191 	.db #0x40	; 64
   0091 03                  192 	.db #0x03	; 3
   0092 D1                  193 	.db #0xd1	; 209
   0093 F3                  194 	.db #0xf3	; 243
   0094 D1                  195 	.db #0xd1	; 209
   0095 F3                  196 	.db #0xf3	; 243
   0096 C4                  197 	.db #0xc4	; 196
   0097 80                  198 	.db #0x80	; 128
   0098 40                  199 	.db #0x40	; 64
   0099 03                  200 	.db #0x03	; 3
   009A D1                  201 	.db #0xd1	; 209
   009B 73                  202 	.db #0x73	; 115	's'
   009C D1                  203 	.db #0xd1	; 209
   009D 73                  204 	.db #0x73	; 115	's'
   009E C4                  205 	.db #0xc4	; 196
   009F 80                  206 	.db #0x80	; 128
   00A0 40                  207 	.db #0x40	; 64
   00A1 03                  208 	.db #0x03	; 3
   00A2 D1                  209 	.db #0xd1	; 209
   00A3 73                  210 	.db #0x73	; 115	's'
   00A4 D1                  211 	.db #0xd1	; 209
   00A5 73                  212 	.db #0x73	; 115	's'
   00A6 C5                  213 	.db #0xc5	; 197
   00A7 80                  214 	.db #0x80	; 128
   00A8 40                  215 	.db #0x40	; 64
   00A9 03                  216 	.db #0x03	; 3
   00AA 42                  217 	.db #0x42	; 66	'B'
   00AB C0                  218 	.db #0xc0	; 192
   00AC C0                  219 	.db #0xc0	; 192
   00AD C0                  220 	.db #0xc0	; 192
   00AE C6                  221 	.db #0xc6	; 198
   00AF 80                  222 	.db #0x80	; 128
   00B0 40                  223 	.db #0x40	; 64
   00B1 03                  224 	.db #0x03	; 3
   00B2 43                  225 	.db #0x43	; 67	'C'
   00B3 C3                  226 	.db #0xc3	; 195
   00B4 C9                  227 	.db #0xc9	; 201
   00B5 CB                  228 	.db #0xcb	; 203
   00B6 C7                  229 	.db #0xc7	; 199
   00B7 80                  230 	.db #0x80	; 128
   00B8 00                  231 	.db #0x00	; 0
   00B9 81                  232 	.db #0x81	; 129
   00BA C0                  233 	.db #0xc0	; 192
   00BB CA                  234 	.db #0xca	; 202
   00BC C1                  235 	.db #0xc1	; 193
   00BD C0                  236 	.db #0xc0	; 192
   00BE C2                  237 	.db #0xc2	; 194
   00BF C0                  238 	.db #0xc0	; 192
   00C0 00                  239 	.db #0x00	; 0
   00C1 40                  240 	.db #0x40	; 64
   00C2 42                  241 	.db #0x42	; 66	'B'
   00C3 C0                  242 	.db #0xc0	; 192
   00C4 C0                  243 	.db #0xc0	; 192
   00C5 C5                  244 	.db #0xc5	; 197
   00C6 C0                  245 	.db #0xc0	; 192
   00C7 CC                  246 	.db #0xcc	; 204
   00C8 00                  247 	.db #0x00	; 0
   00C9 00                  248 	.db #0x00	; 0
   00CA 81                  249 	.db #0x81	; 129
   00CB C5                  250 	.db #0xc5	; 197
   00CC C8                  251 	.db #0xc8	; 200
   00CD C2                  252 	.db #0xc2	; 194
   00CE C5                  253 	.db #0xc5	; 197
   00CF C0                  254 	.db #0xc0	; 192
   00D0 40                  255 	.db #0x40	; 64
   00D1 C0                  256 	.db #0xc0	; 192
   00D2 C0                  257 	.db #0xc0	; 192
   00D3 47                  258 	.db #0x47	; 71	'G'
   00D4 C7                  259 	.db #0xc7	; 199
   00D5 C0                  260 	.db #0xc0	; 192
   00D6 C2                  261 	.db #0xc2	; 194
   00D7 00                  262 	.db #0x00	; 0
   00D8 C1                  263 	.db #0xc1	; 193
   00D9 83                  264 	.db #0x83	; 131
   00DA 03                  265 	.db #0x03	; 3
   00DB C3                  266 	.db #0xc3	; 195
   00DC C9                  267 	.db #0xc9	; 201
   00DD 8B                  268 	.db #0x8b	; 139
   00DE C0                  269 	.db #0xc0	; 192
   00DF 80                  270 	.db #0x80	; 128
   00E0 C2                  271 	.db #0xc2	; 194
   00E1 C0                  272 	.db #0xc0	; 192
   00E2 81                  273 	.db #0x81	; 129
   00E3 C7                  274 	.db #0xc7	; 199
   00E4 C9                  275 	.db #0xc9	; 201
   00E5 C2                  276 	.db #0xc2	; 194
   00E6 C5                  277 	.db #0xc5	; 197
   00E7 C8                  278 	.db #0xc8	; 200
   00E8 C0                  279 	.db #0xc0	; 192
   00E9 C0                  280 	.db #0xc0	; 192
   00EA 81                  281 	.db #0x81	; 129
   00EB C7                  282 	.db #0xc7	; 199
   00EC C3                  283 	.db #0xc3	; 195
   00ED CA                  284 	.db #0xca	; 202
   00EE C2                  285 	.db #0xc2	; 194
   00EF C4                  286 	.db #0xc4	; 196
   00F0 C1                  287 	.db #0xc1	; 193
   00F1 83                  288 	.db #0x83	; 131
   00F2 81                  289 	.db #0x81	; 129
   00F3 C3                  290 	.db #0xc3	; 195
   00F4 C9                  291 	.db #0xc9	; 201
   00F5 8B                  292 	.db #0x8b	; 139
   00F6 80                  293 	.db #0x80	; 128
   00F7 C4                  294 	.db #0xc4	; 196
   00F8 C2                  295 	.db #0xc2	; 194
   00F9 C0                  296 	.db #0xc0	; 192
   00FA C0                  297 	.db #0xc0	; 192
   00FB 6E                  298 	.db #0x6e	; 110	'n'
   00FC BF                  299 	.db #0xbf	; 191
   00FD C0                  300 	.db #0xc0	; 192
   00FE 00                  301 	.db #0x00	; 0
   00FF 40                  302 	.db #0x40	; 64
                            303 	.area _INITIALIZER
                            304 	.area _CABS (ABS)
