                              1 ;--------------------------------------------------------
                              2 ; File Created by SDCC : free open source ANSI-C Compiler
                              3 ; Version 3.6.8 #9946 (CYGWIN)
                              4 ;--------------------------------------------------------
                              5 	.module explosion
                              6 	.optsdcc -mz80
                              7 	
                              8 ;--------------------------------------------------------
                              9 ; Public variables in this module
                             10 ;--------------------------------------------------------
                             11 	.globl _g_explosion
                             12 ;--------------------------------------------------------
                             13 ; special function registers
                             14 ;--------------------------------------------------------
                             15 ;--------------------------------------------------------
                             16 ; ram data
                             17 ;--------------------------------------------------------
                             18 	.area _DATA
                             19 ;--------------------------------------------------------
                             20 ; ram data
                             21 ;--------------------------------------------------------
                             22 	.area _INITIALIZED
                             23 ;--------------------------------------------------------
                             24 ; absolute external ram data
                             25 ;--------------------------------------------------------
                             26 	.area _DABS (ABS)
                             27 ;--------------------------------------------------------
                             28 ; global & static initialisations
                             29 ;--------------------------------------------------------
                             30 	.area _HOME
                             31 	.area _GSINIT
                             32 	.area _GSFINAL
                             33 	.area _GSINIT
                             34 ;--------------------------------------------------------
                             35 ; Home
                             36 ;--------------------------------------------------------
                             37 	.area _HOME
                             38 	.area _HOME
                             39 ;--------------------------------------------------------
                             40 ; code
                             41 ;--------------------------------------------------------
                             42 	.area _CODE
                             43 	.area _CODE
   0000                      44 _g_explosion:
   0000 00                   45 	.db #0x00	; 0
   0001 00                   46 	.db #0x00	; 0
   0002 00                   47 	.db #0x00	; 0
   0003 00                   48 	.db #0x00	; 0
   0004 00                   49 	.db #0x00	; 0
   0005 00                   50 	.db #0x00	; 0
   0006 00                   51 	.db #0x00	; 0
   0007 00                   52 	.db #0x00	; 0
   0008 00                   53 	.db #0x00	; 0
   0009 00                   54 	.db #0x00	; 0
   000A 00                   55 	.db #0x00	; 0
   000B C0                   56 	.db #0xc0	; 192
   000C C0                   57 	.db #0xc0	; 192
   000D 00                   58 	.db #0x00	; 0
   000E 00                   59 	.db #0x00	; 0
   000F 00                   60 	.db #0x00	; 0
   0010 00                   61 	.db #0x00	; 0
   0011 00                   62 	.db #0x00	; 0
   0012 C0                   63 	.db #0xc0	; 192
   0013 C3                   64 	.db #0xc3	; 195
   0014 C3                   65 	.db #0xc3	; 195
   0015 C0                   66 	.db #0xc0	; 192
   0016 00                   67 	.db #0x00	; 0
   0017 00                   68 	.db #0x00	; 0
   0018 00                   69 	.db #0x00	; 0
   0019 40                   70 	.db #0x40	; 64
   001A C3                   71 	.db #0xc3	; 195
   001B 0F                   72 	.db #0x0f	; 15
   001C 0F                   73 	.db #0x0f	; 15
   001D C3                   74 	.db #0xc3	; 195
   001E 80                   75 	.db #0x80	; 128
   001F 00                   76 	.db #0x00	; 0
   0020 00                   77 	.db #0x00	; 0
   0021 C1                   78 	.db #0xc1	; 193
   0022 0F                   79 	.db #0x0f	; 15
   0023 FF                   80 	.db #0xff	; 255
   0024 FF                   81 	.db #0xff	; 255
   0025 0F                   82 	.db #0x0f	; 15
   0026 C2                   83 	.db #0xc2	; 194
   0027 00                   84 	.db #0x00	; 0
   0028 00                   85 	.db #0x00	; 0
   0029 C1                   86 	.db #0xc1	; 193
   002A 5F                   87 	.db #0x5f	; 95
   002B CC                   88 	.db #0xcc	; 204
   002C CC                   89 	.db #0xcc	; 204
   002D AF                   90 	.db #0xaf	; 175
   002E C2                   91 	.db #0xc2	; 194
   002F 00                   92 	.db #0x00	; 0
   0030 40                   93 	.db #0x40	; 64
   0031 87                   94 	.db #0x87	; 135
   0032 EE                   95 	.db #0xee	; 238
   0033 CC                   96 	.db #0xcc	; 204
   0034 CC                   97 	.db #0xcc	; 204
   0035 DD                   98 	.db #0xdd	; 221
   0036 4B                   99 	.db #0x4b	; 75	'K'
   0037 80                  100 	.db #0x80	; 128
   0038 40                  101 	.db #0x40	; 64
   0039 87                  102 	.db #0x87	; 135
   003A EE                  103 	.db #0xee	; 238
   003B CC                  104 	.db #0xcc	; 204
   003C CC                  105 	.db #0xcc	; 204
   003D DD                  106 	.db #0xdd	; 221
   003E 4B                  107 	.db #0x4b	; 75	'K'
   003F 80                  108 	.db #0x80	; 128
   0040 40                  109 	.db #0x40	; 64
   0041 87                  110 	.db #0x87	; 135
   0042 EE                  111 	.db #0xee	; 238
   0043 CC                  112 	.db #0xcc	; 204
   0044 CC                  113 	.db #0xcc	; 204
   0045 DD                  114 	.db #0xdd	; 221
   0046 4B                  115 	.db #0x4b	; 75	'K'
   0047 80                  116 	.db #0x80	; 128
   0048 40                  117 	.db #0x40	; 64
   0049 87                  118 	.db #0x87	; 135
   004A EE                  119 	.db #0xee	; 238
   004B CC                  120 	.db #0xcc	; 204
   004C CC                  121 	.db #0xcc	; 204
   004D DD                  122 	.db #0xdd	; 221
   004E 4B                  123 	.db #0x4b	; 75	'K'
   004F 80                  124 	.db #0x80	; 128
   0050 00                  125 	.db #0x00	; 0
   0051 C1                  126 	.db #0xc1	; 193
   0052 5F                  127 	.db #0x5f	; 95
   0053 CC                  128 	.db #0xcc	; 204
   0054 CC                  129 	.db #0xcc	; 204
   0055 AF                  130 	.db #0xaf	; 175
   0056 C2                  131 	.db #0xc2	; 194
   0057 00                  132 	.db #0x00	; 0
   0058 00                  133 	.db #0x00	; 0
   0059 C1                  134 	.db #0xc1	; 193
   005A 0F                  135 	.db #0x0f	; 15
   005B FF                  136 	.db #0xff	; 255
   005C FF                  137 	.db #0xff	; 255
   005D 0F                  138 	.db #0x0f	; 15
   005E C2                  139 	.db #0xc2	; 194
   005F 00                  140 	.db #0x00	; 0
   0060 00                  141 	.db #0x00	; 0
   0061 40                  142 	.db #0x40	; 64
   0062 C3                  143 	.db #0xc3	; 195
   0063 0F                  144 	.db #0x0f	; 15
   0064 0F                  145 	.db #0x0f	; 15
   0065 C3                  146 	.db #0xc3	; 195
   0066 80                  147 	.db #0x80	; 128
   0067 00                  148 	.db #0x00	; 0
   0068 00                  149 	.db #0x00	; 0
   0069 00                  150 	.db #0x00	; 0
   006A C0                  151 	.db #0xc0	; 192
   006B C3                  152 	.db #0xc3	; 195
   006C C3                  153 	.db #0xc3	; 195
   006D C0                  154 	.db #0xc0	; 192
   006E 00                  155 	.db #0x00	; 0
   006F 00                  156 	.db #0x00	; 0
   0070 00                  157 	.db #0x00	; 0
   0071 00                  158 	.db #0x00	; 0
   0072 00                  159 	.db #0x00	; 0
   0073 C0                  160 	.db #0xc0	; 192
   0074 C0                  161 	.db #0xc0	; 192
   0075 80                  162 	.db #0x80	; 128
   0076 00                  163 	.db #0x00	; 0
   0077 00                  164 	.db #0x00	; 0
   0078 00                  165 	.db #0x00	; 0
   0079 00                  166 	.db #0x00	; 0
   007A 00                  167 	.db #0x00	; 0
   007B 00                  168 	.db #0x00	; 0
   007C 00                  169 	.db #0x00	; 0
   007D 00                  170 	.db #0x00	; 0
   007E 00                  171 	.db #0x00	; 0
   007F 00                  172 	.db #0x00	; 0
   0080 00                  173 	.db #0x00	; 0
   0081 00                  174 	.db #0x00	; 0
   0082 C0                  175 	.db #0xc0	; 192
   0083 C3                  176 	.db #0xc3	; 195
   0084 C3                  177 	.db #0xc3	; 195
   0085 C0                  178 	.db #0xc0	; 192
   0086 00                  179 	.db #0x00	; 0
   0087 00                  180 	.db #0x00	; 0
   0088 00                  181 	.db #0x00	; 0
   0089 40                  182 	.db #0x40	; 64
   008A C3                  183 	.db #0xc3	; 195
   008B 0F                  184 	.db #0x0f	; 15
   008C 0F                  185 	.db #0x0f	; 15
   008D C3                  186 	.db #0xc3	; 195
   008E 80                  187 	.db #0x80	; 128
   008F 00                  188 	.db #0x00	; 0
   0090 00                  189 	.db #0x00	; 0
   0091 C1                  190 	.db #0xc1	; 193
   0092 0F                  191 	.db #0x0f	; 15
   0093 FF                  192 	.db #0xff	; 255
   0094 FF                  193 	.db #0xff	; 255
   0095 0F                  194 	.db #0x0f	; 15
   0096 C2                  195 	.db #0xc2	; 194
   0097 00                  196 	.db #0x00	; 0
   0098 40                  197 	.db #0x40	; 64
   0099 87                  198 	.db #0x87	; 135
   009A FF                  199 	.db #0xff	; 255
   009B CC                  200 	.db #0xcc	; 204
   009C CC                  201 	.db #0xcc	; 204
   009D FF                  202 	.db #0xff	; 255
   009E 4B                  203 	.db #0x4b	; 75	'K'
   009F 80                  204 	.db #0x80	; 128
   00A0 C1                  205 	.db #0xc1	; 193
   00A1 5F                  206 	.db #0x5f	; 95
   00A2 CC                  207 	.db #0xcc	; 204
   00A3 CC                  208 	.db #0xcc	; 204
   00A4 CC                  209 	.db #0xcc	; 204
   00A5 CC                  210 	.db #0xcc	; 204
   00A6 AF                  211 	.db #0xaf	; 175
   00A7 C2                  212 	.db #0xc2	; 194
   00A8 C1                  213 	.db #0xc1	; 193
   00A9 5F                  214 	.db #0x5f	; 95
   00AA CC                  215 	.db #0xcc	; 204
   00AB CC                  216 	.db #0xcc	; 204
   00AC CC                  217 	.db #0xcc	; 204
   00AD CC                  218 	.db #0xcc	; 204
   00AE AF                  219 	.db #0xaf	; 175
   00AF C2                  220 	.db #0xc2	; 194
   00B0 87                  221 	.db #0x87	; 135
   00B1 EE                  222 	.db #0xee	; 238
   00B2 CC                  223 	.db #0xcc	; 204
   00B3 CC                  224 	.db #0xcc	; 204
   00B4 CC                  225 	.db #0xcc	; 204
   00B5 CC                  226 	.db #0xcc	; 204
   00B6 DD                  227 	.db #0xdd	; 221
   00B7 4B                  228 	.db #0x4b	; 75	'K'
   00B8 87                  229 	.db #0x87	; 135
   00B9 EE                  230 	.db #0xee	; 238
   00BA CC                  231 	.db #0xcc	; 204
   00BB CC                  232 	.db #0xcc	; 204
   00BC CC                  233 	.db #0xcc	; 204
   00BD CC                  234 	.db #0xcc	; 204
   00BE DD                  235 	.db #0xdd	; 221
   00BF 4B                  236 	.db #0x4b	; 75	'K'
   00C0 87                  237 	.db #0x87	; 135
   00C1 EE                  238 	.db #0xee	; 238
   00C2 CC                  239 	.db #0xcc	; 204
   00C3 CC                  240 	.db #0xcc	; 204
   00C4 CC                  241 	.db #0xcc	; 204
   00C5 CC                  242 	.db #0xcc	; 204
   00C6 DD                  243 	.db #0xdd	; 221
   00C7 4B                  244 	.db #0x4b	; 75	'K'
   00C8 87                  245 	.db #0x87	; 135
   00C9 EE                  246 	.db #0xee	; 238
   00CA CC                  247 	.db #0xcc	; 204
   00CB CC                  248 	.db #0xcc	; 204
   00CC CC                  249 	.db #0xcc	; 204
   00CD CC                  250 	.db #0xcc	; 204
   00CE DD                  251 	.db #0xdd	; 221
   00CF 4B                  252 	.db #0x4b	; 75	'K'
   00D0 C1                  253 	.db #0xc1	; 193
   00D1 5F                  254 	.db #0x5f	; 95
   00D2 CC                  255 	.db #0xcc	; 204
   00D3 CC                  256 	.db #0xcc	; 204
   00D4 CC                  257 	.db #0xcc	; 204
   00D5 CC                  258 	.db #0xcc	; 204
   00D6 AF                  259 	.db #0xaf	; 175
   00D7 C2                  260 	.db #0xc2	; 194
   00D8 C1                  261 	.db #0xc1	; 193
   00D9 5F                  262 	.db #0x5f	; 95
   00DA CC                  263 	.db #0xcc	; 204
   00DB CC                  264 	.db #0xcc	; 204
   00DC CC                  265 	.db #0xcc	; 204
   00DD CC                  266 	.db #0xcc	; 204
   00DE AF                  267 	.db #0xaf	; 175
   00DF C2                  268 	.db #0xc2	; 194
   00E0 40                  269 	.db #0x40	; 64
   00E1 87                  270 	.db #0x87	; 135
   00E2 FF                  271 	.db #0xff	; 255
   00E3 CC                  272 	.db #0xcc	; 204
   00E4 CC                  273 	.db #0xcc	; 204
   00E5 FF                  274 	.db #0xff	; 255
   00E6 4B                  275 	.db #0x4b	; 75	'K'
   00E7 80                  276 	.db #0x80	; 128
   00E8 00                  277 	.db #0x00	; 0
   00E9 C1                  278 	.db #0xc1	; 193
   00EA 0F                  279 	.db #0x0f	; 15
   00EB FF                  280 	.db #0xff	; 255
   00EC FF                  281 	.db #0xff	; 255
   00ED 0F                  282 	.db #0x0f	; 15
   00EE C2                  283 	.db #0xc2	; 194
   00EF 00                  284 	.db #0x00	; 0
   00F0 00                  285 	.db #0x00	; 0
   00F1 40                  286 	.db #0x40	; 64
   00F2 C3                  287 	.db #0xc3	; 195
   00F3 0F                  288 	.db #0x0f	; 15
   00F4 0F                  289 	.db #0x0f	; 15
   00F5 C3                  290 	.db #0xc3	; 195
   00F6 80                  291 	.db #0x80	; 128
   00F7 00                  292 	.db #0x00	; 0
   00F8 00                  293 	.db #0x00	; 0
   00F9 00                  294 	.db #0x00	; 0
   00FA C0                  295 	.db #0xc0	; 192
   00FB C3                  296 	.db #0xc3	; 195
   00FC C3                  297 	.db #0xc3	; 195
   00FD C0                  298 	.db #0xc0	; 192
   00FE 00                  299 	.db #0x00	; 0
   00FF 00                  300 	.db #0x00	; 0
                            301 	.area _INITIALIZER
                            302 	.area _CABS (ABS)
