                              1 ;--------------------------------------------------------
                              2 ; File Created by SDCC : free open source ANSI-C Compiler
                              3 ; Version 3.6.8 #9946 (Linux)
                              4 ;--------------------------------------------------------
                              5 	.module infected
                              6 	.optsdcc -mz80
                              7 	
                              8 ;--------------------------------------------------------
                              9 ; Public variables in this module
                             10 ;--------------------------------------------------------
                             11 	.globl _g_infected_1
                             12 	.globl _g_infected_0
                             13 ;--------------------------------------------------------
                             14 ; special function registers
                             15 ;--------------------------------------------------------
                             16 ;--------------------------------------------------------
                             17 ; ram data
                             18 ;--------------------------------------------------------
                             19 	.area _DATA
                             20 ;--------------------------------------------------------
                             21 ; ram data
                             22 ;--------------------------------------------------------
                             23 	.area _INITIALIZED
                             24 ;--------------------------------------------------------
                             25 ; absolute external ram data
                             26 ;--------------------------------------------------------
                             27 	.area _DABS (ABS)
                             28 ;--------------------------------------------------------
                             29 ; global & static initialisations
                             30 ;--------------------------------------------------------
                             31 	.area _HOME
                             32 	.area _GSINIT
                             33 	.area _GSFINAL
                             34 	.area _GSINIT
                             35 ;--------------------------------------------------------
                             36 ; Home
                             37 ;--------------------------------------------------------
                             38 	.area _HOME
                             39 	.area _HOME
                             40 ;--------------------------------------------------------
                             41 ; code
                             42 ;--------------------------------------------------------
                             43 	.area _CODE
                             44 	.area _CODE
   0000                      45 _g_infected_0:
   0000 00                   46 	.db #0x00	; 0
   0001 40                   47 	.db #0x40	; 64
   0002 0C                   48 	.db #0x0c	; 12
   0003 0C                   49 	.db #0x0c	; 12
   0004 0C                   50 	.db #0x0c	; 12
   0005 80                   51 	.db #0x80	; 128
   0006 00                   52 	.db #0x00	; 0
   0007 00                   53 	.db #0x00	; 0
   0008 00                   54 	.db #0x00	; 0
   0009 84                   55 	.db #0x84	; 132
   000A CC                   56 	.db #0xcc	; 204
   000B CC                   57 	.db #0xcc	; 204
   000C CC                   58 	.db #0xcc	; 204
   000D 48                   59 	.db #0x48	; 72	'H'
   000E 00                   60 	.db #0x00	; 0
   000F 00                   61 	.db #0x00	; 0
   0010 00                   62 	.db #0x00	; 0
   0011 84                   63 	.db #0x84	; 132
   0012 C0                   64 	.db #0xc0	; 192
   0013 C0                   65 	.db #0xc0	; 192
   0014 C0                   66 	.db #0xc0	; 192
   0015 C8                   67 	.db #0xc8	; 200
   0016 00                   68 	.db #0x00	; 0
   0017 00                   69 	.db #0x00	; 0
   0018 40                   70 	.db #0x40	; 64
   0019 48                   71 	.db #0x48	; 72	'H'
   001A C1                   72 	.db #0xc1	; 193
   001B C2                   73 	.db #0xc2	; 194
   001C C3                   74 	.db #0xc3	; 195
   001D C4                   75 	.db #0xc4	; 196
   001E 80                   76 	.db #0x80	; 128
   001F 00                   77 	.db #0x00	; 0
   0020 40                   78 	.db #0x40	; 64
   0021 48                   79 	.db #0x48	; 72	'H'
   0022 C1                   80 	.db #0xc1	; 193
   0023 42                   81 	.db #0x42	; 66	'B'
   0024 83                   82 	.db #0x83	; 131
   0025 C4                   83 	.db #0xc4	; 196
   0026 80                   84 	.db #0x80	; 128
   0027 00                   85 	.db #0x00	; 0
   0028 40                   86 	.db #0x40	; 64
   0029 48                   87 	.db #0x48	; 72	'H'
   002A C1                   88 	.db #0xc1	; 193
   002B 42                   89 	.db #0x42	; 66	'B'
   002C 83                   90 	.db #0x83	; 131
   002D C4                   91 	.db #0xc4	; 196
   002E C0                   92 	.db #0xc0	; 192
   002F 80                   93 	.db #0x80	; 128
   0030 00                   94 	.db #0x00	; 0
   0031 C4                   95 	.db #0xc4	; 196
   0032 C0                   96 	.db #0xc0	; 192
   0033 C0                   97 	.db #0xc0	; 192
   0034 C0                   98 	.db #0xc0	; 192
   0035 C8                   99 	.db #0xc8	; 200
   0036 C4                  100 	.db #0xc4	; 196
   0037 80                  101 	.db #0x80	; 128
   0038 00                  102 	.db #0x00	; 0
   0039 40                  103 	.db #0x40	; 64
   003A CC                  104 	.db #0xcc	; 204
   003B 0C                  105 	.db #0x0c	; 12
   003C 0C                  106 	.db #0x0c	; 12
   003D C0                  107 	.db #0xc0	; 192
   003E C8                  108 	.db #0xc8	; 200
   003F 80                  109 	.db #0x80	; 128
   0040 00                  110 	.db #0x00	; 0
   0041 84                  111 	.db #0x84	; 132
   0042 43                  112 	.db #0x43	; 67	'C'
   0043 CF                  113 	.db #0xcf	; 207
   0044 83                  114 	.db #0x83	; 131
   0045 C0                  115 	.db #0xc0	; 192
   0046 48                  116 	.db #0x48	; 72	'H'
   0047 00                  117 	.db #0x00	; 0
   0048 40                  118 	.db #0x40	; 64
   0049 0C                  119 	.db #0x0c	; 12
   004A 4C                  120 	.db #0x4c	; 76	'L'
   004B CC                  121 	.db #0xcc	; 204
   004C 8C                  122 	.db #0x8c	; 140
   004D 4C                  123 	.db #0x4c	; 76	'L'
   004E 80                  124 	.db #0x80	; 128
   004F 00                  125 	.db #0x00	; 0
   0050 84                  126 	.db #0x84	; 132
   0051 C0                  127 	.db #0xc0	; 192
   0052 0C                  128 	.db #0x0c	; 12
   0053 78                  129 	.db #0x78	; 120	'x'
   0054 8C                  130 	.db #0x8c	; 140
   0055 C0                  131 	.db #0xc0	; 192
   0056 80                  132 	.db #0x80	; 128
   0057 00                  133 	.db #0x00	; 0
   0058 84                  134 	.db #0x84	; 132
   0059 C0                  135 	.db #0xc0	; 192
   005A 0C                  136 	.db #0x0c	; 12
   005B CC                  137 	.db #0xcc	; 204
   005C 8C                  138 	.db #0x8c	; 140
   005D C4                  139 	.db #0xc4	; 196
   005E C8                  140 	.db #0xc8	; 200
   005F 00                  141 	.db #0x00	; 0
   0060 48                  142 	.db #0x48	; 72	'H'
   0061 C0                  143 	.db #0xc0	; 192
   0062 0C                  144 	.db #0x0c	; 12
   0063 4C                  145 	.db #0x4c	; 76	'L'
   0064 8C                  146 	.db #0x8c	; 140
   0065 48                  147 	.db #0x48	; 72	'H'
   0066 C7                  148 	.db #0xc7	; 199
   0067 80                  149 	.db #0x80	; 128
   0068 C0                  150 	.db #0xc0	; 192
   0069 0C                  151 	.db #0x0c	; 12
   006A 0C                  152 	.db #0x0c	; 12
   006B 0C                  153 	.db #0x0c	; 12
   006C 0C                  154 	.db #0x0c	; 12
   006D C0                  155 	.db #0xc0	; 192
   006E CC                  156 	.db #0xcc	; 204
   006F C8                  157 	.db #0xc8	; 200
   0070 81                  158 	.db #0x81	; 129
   0071 42                  159 	.db #0x42	; 66	'B'
   0072 C0                  160 	.db #0xc0	; 192
   0073 C0                  161 	.db #0xc0	; 192
   0074 C0                  162 	.db #0xc0	; 192
   0075 80                  163 	.db #0x80	; 128
   0076 C0                  164 	.db #0xc0	; 192
   0077 C0                  165 	.db #0xc0	; 192
   0078 0C                  166 	.db #0x0c	; 12
   0079 48                  167 	.db #0x48	; 72	'H'
   007A 00                  168 	.db #0x00	; 0
   007B 00                  169 	.db #0x00	; 0
   007C 00                  170 	.db #0x00	; 0
   007D 00                  171 	.db #0x00	; 0
   007E 00                  172 	.db #0x00	; 0
   007F 00                  173 	.db #0x00	; 0
   0080                     174 _g_infected_1:
   0080 00                  175 	.db #0x00	; 0
   0081 00                  176 	.db #0x00	; 0
   0082 84                  177 	.db #0x84	; 132
   0083 0C                  178 	.db #0x0c	; 12
   0084 0C                  179 	.db #0x0c	; 12
   0085 48                  180 	.db #0x48	; 72	'H'
   0086 00                  181 	.db #0x00	; 0
   0087 00                  182 	.db #0x00	; 0
   0088 00                  183 	.db #0x00	; 0
   0089 40                  184 	.db #0x40	; 64
   008A 4C                  185 	.db #0x4c	; 76	'L'
   008B CC                  186 	.db #0xcc	; 204
   008C CC                  187 	.db #0xcc	; 204
   008D 8C                  188 	.db #0x8c	; 140
   008E 80                  189 	.db #0x80	; 128
   008F 00                  190 	.db #0x00	; 0
   0090 00                  191 	.db #0x00	; 0
   0091 40                  192 	.db #0x40	; 64
   0092 48                  193 	.db #0x48	; 72	'H'
   0093 C0                  194 	.db #0xc0	; 192
   0094 C0                  195 	.db #0xc0	; 192
   0095 C4                  196 	.db #0xc4	; 196
   0096 80                  197 	.db #0x80	; 128
   0097 00                  198 	.db #0x00	; 0
   0098 00                  199 	.db #0x00	; 0
   0099 84                  200 	.db #0x84	; 132
   009A C1                  201 	.db #0xc1	; 193
   009B C2                  202 	.db #0xc2	; 194
   009C C3                  203 	.db #0xc3	; 195
   009D C0                  204 	.db #0xc0	; 192
   009E C8                  205 	.db #0xc8	; 200
   009F 00                  206 	.db #0x00	; 0
   00A0 00                  207 	.db #0x00	; 0
   00A1 84                  208 	.db #0x84	; 132
   00A2 81                  209 	.db #0x81	; 129
   00A3 C2                  210 	.db #0xc2	; 194
   00A4 43                  211 	.db #0x43	; 67	'C'
   00A5 C0                  212 	.db #0xc0	; 192
   00A6 C8                  213 	.db #0xc8	; 200
   00A7 00                  214 	.db #0x00	; 0
   00A8 C0                  215 	.db #0xc0	; 192
   00A9 84                  216 	.db #0x84	; 132
   00AA 81                  217 	.db #0x81	; 129
   00AB C2                  218 	.db #0xc2	; 194
   00AC 43                  219 	.db #0x43	; 67	'C'
   00AD C0                  220 	.db #0xc0	; 192
   00AE C8                  221 	.db #0xc8	; 200
   00AF 00                  222 	.db #0x00	; 0
   00B0 84                  223 	.db #0x84	; 132
   00B1 C0                  224 	.db #0xc0	; 192
   00B2 C8                  225 	.db #0xc8	; 200
   00B3 C0                  226 	.db #0xc0	; 192
   00B4 C0                  227 	.db #0xc0	; 192
   00B5 C4                  228 	.db #0xc4	; 196
   00B6 80                  229 	.db #0x80	; 128
   00B7 00                  230 	.db #0x00	; 0
   00B8 C0                  231 	.db #0xc0	; 192
   00B9 48                  232 	.db #0x48	; 72	'H'
   00BA C4                  233 	.db #0xc4	; 196
   00BB 8C                  234 	.db #0x8c	; 140
   00BC 4C                  235 	.db #0x4c	; 76	'L'
   00BD C8                  236 	.db #0xc8	; 200
   00BE 00                  237 	.db #0x00	; 0
   00BF 00                  238 	.db #0x00	; 0
   00C0 40                  239 	.db #0x40	; 64
   00C1 48                  240 	.db #0x48	; 72	'H'
   00C2 81                  241 	.db #0x81	; 129
   00C3 C7                  242 	.db #0xc7	; 199
   00C4 CB                  243 	.db #0xcb	; 203
   00C5 42                  244 	.db #0x42	; 66	'B'
   00C6 80                  245 	.db #0x80	; 128
   00C7 00                  246 	.db #0x00	; 0
   00C8 00                  247 	.db #0x00	; 0
   00C9 84                  248 	.db #0x84	; 132
   00CA 84                  249 	.db #0x84	; 132
   00CB 4C                  250 	.db #0x4c	; 76	'L'
   00CC CC                  251 	.db #0xcc	; 204
   00CD 4C                  252 	.db #0x4c	; 76	'L'
   00CE C8                  253 	.db #0xc8	; 200
   00CF 00                  254 	.db #0x00	; 0
   00D0 00                  255 	.db #0x00	; 0
   00D1 C0                  256 	.db #0xc0	; 192
   00D2 84                  257 	.db #0x84	; 132
   00D3 D8                  258 	.db #0xd8	; 216
   00D4 6C                  259 	.db #0x6c	; 108	'l'
   00D5 48                  260 	.db #0x48	; 72	'H'
   00D6 84                  261 	.db #0x84	; 132
   00D7 80                  262 	.db #0x80	; 128
   00D8 40                  263 	.db #0x40	; 64
   00D9 0C                  264 	.db #0x0c	; 12
   00DA 84                  265 	.db #0x84	; 132
   00DB 4C                  266 	.db #0x4c	; 76	'L'
   00DC CC                  267 	.db #0xcc	; 204
   00DD 48                  268 	.db #0x48	; 72	'H'
   00DE C4                  269 	.db #0xc4	; 196
   00DF 80                  270 	.db #0x80	; 128
   00E0 81                  271 	.db #0x81	; 129
   00E1 42                  272 	.db #0x42	; 66	'B'
   00E2 84                  273 	.db #0x84	; 132
   00E3 0C                  274 	.db #0x0c	; 12
   00E4 CC                  275 	.db #0xcc	; 204
   00E5 48                  276 	.db #0x48	; 72	'H'
   00E6 C0                  277 	.db #0xc0	; 192
   00E7 C8                  278 	.db #0xc8	; 200
   00E8 0C                  279 	.db #0x0c	; 12
   00E9 48                  280 	.db #0x48	; 72	'H'
   00EA 84                  281 	.db #0x84	; 132
   00EB 0C                  282 	.db #0x0c	; 12
   00EC 0C                  283 	.db #0x0c	; 12
   00ED 4C                  284 	.db #0x4c	; 76	'L'
   00EE C8                  285 	.db #0xc8	; 200
   00EF 80                  286 	.db #0x80	; 128
   00F0 C0                  287 	.db #0xc0	; 192
   00F1 80                  288 	.db #0x80	; 128
   00F2 C0                  289 	.db #0xc0	; 192
   00F3 C0                  290 	.db #0xc0	; 192
   00F4 C0                  291 	.db #0xc0	; 192
   00F5 C0                  292 	.db #0xc0	; 192
   00F6 C7                  293 	.db #0xc7	; 199
   00F7 C0                  294 	.db #0xc0	; 192
   00F8 00                  295 	.db #0x00	; 0
   00F9 00                  296 	.db #0x00	; 0
   00FA 00                  297 	.db #0x00	; 0
   00FB 00                  298 	.db #0x00	; 0
   00FC 00                  299 	.db #0x00	; 0
   00FD 40                  300 	.db #0x40	; 64
   00FE CC                  301 	.db #0xcc	; 204
   00FF C8                  302 	.db #0xc8	; 200
                            303 	.area _INITIALIZER
                            304 	.area _CABS (ABS)
