                              1 ;--------------------------------------------------------
                              2 ; File Created by SDCC : free open source ANSI-C Compiler
                              3 ; Version 3.6.8 #9946 (CYGWIN)
                              4 ;--------------------------------------------------------
                              5 	.module lc
                              6 	.optsdcc -mz80
                              7 	
                              8 ;--------------------------------------------------------
                              9 ; Public variables in this module
                             10 ;--------------------------------------------------------
                             11 	.globl _g_lc
                             12 ;--------------------------------------------------------
                             13 ; special function registers
                             14 ;--------------------------------------------------------
                             15 ;--------------------------------------------------------
                             16 ; ram data
                             17 ;--------------------------------------------------------
                             18 	.area _DATA
                             19 ;--------------------------------------------------------
                             20 ; ram data
                             21 ;--------------------------------------------------------
                             22 	.area _INITIALIZED
                             23 ;--------------------------------------------------------
                             24 ; absolute external ram data
                             25 ;--------------------------------------------------------
                             26 	.area _DABS (ABS)
                             27 ;--------------------------------------------------------
                             28 ; global & static initialisations
                             29 ;--------------------------------------------------------
                             30 	.area _HOME
                             31 	.area _GSINIT
                             32 	.area _GSFINAL
                             33 	.area _GSINIT
                             34 ;--------------------------------------------------------
                             35 ; Home
                             36 ;--------------------------------------------------------
                             37 	.area _HOME
                             38 	.area _HOME
                             39 ;--------------------------------------------------------
                             40 ; code
                             41 ;--------------------------------------------------------
                             42 	.area _CODE
                             43 	.area _CODE
   0000                      44 _g_lc:
   0000 00                   45 	.db #0x00	; 0
   0001 C0                   46 	.db #0xc0	; 192
   0002 00                   47 	.db #0x00	; 0
   0003 00                   48 	.db #0x00	; 0
   0004 00                   49 	.db #0x00	; 0
   0005 00                   50 	.db #0x00	; 0
   0006 00                   51 	.db #0x00	; 0
   0007 00                   52 	.db #0x00	; 0
   0008 00                   53 	.db #0x00	; 0
   0009 C4                   54 	.db #0xc4	; 196
   000A 80                   55 	.db #0x80	; 128
   000B 00                   56 	.db #0x00	; 0
   000C 00                   57 	.db #0x00	; 0
   000D 00                   58 	.db #0x00	; 0
   000E 00                   59 	.db #0x00	; 0
   000F 00                   60 	.db #0x00	; 0
   0010 00                   61 	.db #0x00	; 0
   0011 91                   62 	.db #0x91	; 145
   0012 E2                   63 	.db #0xe2	; 226
   0013 00                   64 	.db #0x00	; 0
   0014 00                   65 	.db #0x00	; 0
   0015 00                   66 	.db #0x00	; 0
   0016 00                   67 	.db #0x00	; 0
   0017 00                   68 	.db #0x00	; 0
   0018 00                   69 	.db #0x00	; 0
   0019 91                   70 	.db #0x91	; 145
   001A 62                   71 	.db #0x62	; 98	'b'
   001B C0                   72 	.db #0xc0	; 192
   001C C0                   73 	.db #0xc0	; 192
   001D 00                   74 	.db #0x00	; 0
   001E 00                   75 	.db #0x00	; 0
   001F 00                   76 	.db #0x00	; 0
   0020 55                   77 	.db #0x55	; 85	'U'
   0021 C0                   78 	.db #0xc0	; 192
   0022 84                   79 	.db #0x84	; 132
   0023 8C                   80 	.db #0x8c	; 140
   0024 0C                   81 	.db #0x0c	; 12
   0025 80                   82 	.db #0x80	; 128
   0026 40                   83 	.db #0x40	; 64
   0027 C0                   84 	.db #0xc0	; 192
   0028 88                   85 	.db #0x88	; 136
   0029 84                   86 	.db #0x84	; 132
   002A CC                   87 	.db #0xcc	; 204
   002B CF                   88 	.db #0xcf	; 207
   002C CF                   89 	.db #0xcf	; 207
   002D C0                   90 	.db #0xc0	; 192
   002E C0                   91 	.db #0xc0	; 192
   002F 42                   92 	.db #0x42	; 66	'B'
   0030 AA                   93 	.db #0xaa	; 170
   0031 C0                   94 	.db #0xc0	; 192
   0032 C0                   95 	.db #0xc0	; 192
   0033 43                   96 	.db #0x43	; 67	'C'
   0034 C7                   97 	.db #0xc7	; 199
   0035 91                   98 	.db #0x91	; 145
   0036 C8                   99 	.db #0xc8	; 200
   0037 CA                  100 	.db #0xca	; 202
   0038 2A                  101 	.db #0x2a	; 42
   0039 C4                  102 	.db #0xc4	; 196
   003A 0C                  103 	.db #0x0c	; 12
   003B 81                  104 	.db #0x81	; 129
   003C C3                  105 	.db #0xc3	; 195
   003D 91                  106 	.db #0x91	; 145
   003E E2                  107 	.db #0xe2	; 226
   003F C2                  108 	.db #0xc2	; 194
   0040 15                  109 	.db #0x15	; 21
   0041 81                  110 	.db #0x81	; 129
   0042 03                  111 	.db #0x03	; 3
   0043 48                  112 	.db #0x48	; 72	'H'
   0044 43                  113 	.db #0x43	; 67	'C'
   0045 C0                  114 	.db #0xc0	; 192
   0046 C0                  115 	.db #0xc0	; 192
   0047 42                  116 	.db #0x42	; 66	'B'
   0048 00                  117 	.db #0x00	; 0
   0049 C5                  118 	.db #0xc5	; 197
   004A 83                  119 	.db #0x83	; 131
   004B 48                  120 	.db #0x48	; 72	'H'
   004C 03                  121 	.db #0x03	; 3
   004D 80                  122 	.db #0x80	; 128
   004E 40                  123 	.db #0x40	; 64
   004F C0                  124 	.db #0xc0	; 192
   0050 00                  125 	.db #0x00	; 0
   0051 40                  126 	.db #0x40	; 64
   0052 C0                  127 	.db #0xc0	; 192
   0053 C0                  128 	.db #0xc0	; 192
   0054 C0                  129 	.db #0xc0	; 192
   0055 00                  130 	.db #0x00	; 0
   0056 00                  131 	.db #0x00	; 0
   0057 00                  132 	.db #0x00	; 0
   0058 00                  133 	.db #0x00	; 0
   0059 00                  134 	.db #0x00	; 0
   005A 95                  135 	.db #0x95	; 149
   005B 9D                  136 	.db #0x9d	; 157
   005C 80                  137 	.db #0x80	; 128
   005D 00                  138 	.db #0x00	; 0
   005E 00                  139 	.db #0x00	; 0
   005F 00                  140 	.db #0x00	; 0
   0060 00                  141 	.db #0x00	; 0
   0061 00                  142 	.db #0x00	; 0
   0062 84                  143 	.db #0x84	; 132
   0063 8C                  144 	.db #0x8c	; 140
   0064 80                  145 	.db #0x80	; 128
   0065 00                  146 	.db #0x00	; 0
   0066 00                  147 	.db #0x00	; 0
   0067 00                  148 	.db #0x00	; 0
   0068 00                  149 	.db #0x00	; 0
   0069 C0                  150 	.db #0xc0	; 192
   006A C0                  151 	.db #0xc0	; 192
   006B C0                  152 	.db #0xc0	; 192
   006C C0                  153 	.db #0xc0	; 192
   006D 80                  154 	.db #0x80	; 128
   006E 00                  155 	.db #0x00	; 0
   006F 00                  156 	.db #0x00	; 0
   0070 40                  157 	.db #0x40	; 64
   0071 9A                  158 	.db #0x9a	; 154
   0072 D0                  159 	.db #0xd0	; 208
   0073 94                  160 	.db #0x94	; 148
   0074 D4                  161 	.db #0xd4	; 212
   0075 CA                  162 	.db #0xca	; 202
   0076 00                  163 	.db #0x00	; 0
   0077 00                  164 	.db #0x00	; 0
   0078 C1                  165 	.db #0xc1	; 193
   0079 03                  166 	.db #0x03	; 3
   007A 03                  167 	.db #0x03	; 3
   007B 03                  168 	.db #0x03	; 3
   007C 03                  169 	.db #0x03	; 3
   007D 43                  170 	.db #0x43	; 67	'C'
   007E 80                  171 	.db #0x80	; 128
   007F 00                  172 	.db #0x00	; 0
   0080 00                  173 	.db #0x00	; 0
   0081 00                  174 	.db #0x00	; 0
   0082 00                  175 	.db #0x00	; 0
   0083 00                  176 	.db #0x00	; 0
   0084 00                  177 	.db #0x00	; 0
   0085 00                  178 	.db #0x00	; 0
   0086 C0                  179 	.db #0xc0	; 192
   0087 00                  180 	.db #0x00	; 0
   0088 00                  181 	.db #0x00	; 0
   0089 00                  182 	.db #0x00	; 0
   008A 00                  183 	.db #0x00	; 0
   008B 00                  184 	.db #0x00	; 0
   008C 00                  185 	.db #0x00	; 0
   008D 40                  186 	.db #0x40	; 64
   008E C8                  187 	.db #0xc8	; 200
   008F 00                  188 	.db #0x00	; 0
   0090 00                  189 	.db #0x00	; 0
   0091 00                  190 	.db #0x00	; 0
   0092 00                  191 	.db #0x00	; 0
   0093 00                  192 	.db #0x00	; 0
   0094 00                  193 	.db #0x00	; 0
   0095 D1                  194 	.db #0xd1	; 209
   0096 62                  195 	.db #0x62	; 98	'b'
   0097 00                  196 	.db #0x00	; 0
   0098 00                  197 	.db #0x00	; 0
   0099 00                  198 	.db #0x00	; 0
   009A 00                  199 	.db #0x00	; 0
   009B C0                  200 	.db #0xc0	; 192
   009C C0                  201 	.db #0xc0	; 192
   009D 91                  202 	.db #0x91	; 145
   009E 62                  203 	.db #0x62	; 98	'b'
   009F 00                  204 	.db #0x00	; 0
   00A0 C0                  205 	.db #0xc0	; 192
   00A1 80                  206 	.db #0x80	; 128
   00A2 40                  207 	.db #0x40	; 64
   00A3 0C                  208 	.db #0x0c	; 12
   00A4 4C                  209 	.db #0x4c	; 76	'L'
   00A5 48                  210 	.db #0x48	; 72	'H'
   00A6 C0                  211 	.db #0xc0	; 192
   00A7 AA                  212 	.db #0xaa	; 170
   00A8 81                  213 	.db #0x81	; 129
   00A9 C0                  214 	.db #0xc0	; 192
   00AA C0                  215 	.db #0xc0	; 192
   00AB CF                  216 	.db #0xcf	; 207
   00AC CF                  217 	.db #0xcf	; 207
   00AD CC                  218 	.db #0xcc	; 204
   00AE 48                  219 	.db #0x48	; 72	'H'
   00AF 44                  220 	.db #0x44	; 68	'D'
   00B0 C5                  221 	.db #0xc5	; 197
   00B1 C4                  222 	.db #0xc4	; 196
   00B2 62                  223 	.db #0x62	; 98	'b'
   00B3 CB                  224 	.db #0xcb	; 203
   00B4 83                  225 	.db #0x83	; 131
   00B5 C0                  226 	.db #0xc0	; 192
   00B6 C0                  227 	.db #0xc0	; 192
   00B7 55                  228 	.db #0x55	; 85	'U'
   00B8 C1                  229 	.db #0xc1	; 193
   00B9 D1                  230 	.db #0xd1	; 209
   00BA 62                  231 	.db #0x62	; 98	'b'
   00BB C3                  232 	.db #0xc3	; 195
   00BC 42                  233 	.db #0x42	; 66	'B'
   00BD 0C                  234 	.db #0x0c	; 12
   00BE C8                  235 	.db #0xc8	; 200
   00BF 15                  236 	.db #0x15	; 21
   00C0 81                  237 	.db #0x81	; 129
   00C1 C0                  238 	.db #0xc0	; 192
   00C2 C0                  239 	.db #0xc0	; 192
   00C3 83                  240 	.db #0x83	; 131
   00C4 84                  241 	.db #0x84	; 132
   00C5 03                  242 	.db #0x03	; 3
   00C6 42                  243 	.db #0x42	; 66	'B'
   00C7 2A                  244 	.db #0x2a	; 42
   00C8 C0                  245 	.db #0xc0	; 192
   00C9 80                  246 	.db #0x80	; 128
   00CA 40                  247 	.db #0x40	; 64
   00CB 03                  248 	.db #0x03	; 3
   00CC 84                  249 	.db #0x84	; 132
   00CD 43                  250 	.db #0x43	; 67	'C'
   00CE CA                  251 	.db #0xca	; 202
   00CF 00                  252 	.db #0x00	; 0
   00D0 00                  253 	.db #0x00	; 0
   00D1 00                  254 	.db #0x00	; 0
   00D2 00                  255 	.db #0x00	; 0
   00D3 C0                  256 	.db #0xc0	; 192
   00D4 C0                  257 	.db #0xc0	; 192
   00D5 C0                  258 	.db #0xc0	; 192
   00D6 80                  259 	.db #0x80	; 128
   00D7 00                  260 	.db #0x00	; 0
   00D8 00                  261 	.db #0x00	; 0
   00D9 00                  262 	.db #0x00	; 0
   00DA 00                  263 	.db #0x00	; 0
   00DB 40                  264 	.db #0x40	; 64
   00DC 6E                  265 	.db #0x6e	; 110	'n'
   00DD 6A                  266 	.db #0x6a	; 106	'j'
   00DE 00                  267 	.db #0x00	; 0
   00DF 00                  268 	.db #0x00	; 0
   00E0 00                  269 	.db #0x00	; 0
   00E1 00                  270 	.db #0x00	; 0
   00E2 00                  271 	.db #0x00	; 0
   00E3 40                  272 	.db #0x40	; 64
   00E4 4C                  273 	.db #0x4c	; 76	'L'
   00E5 48                  274 	.db #0x48	; 72	'H'
   00E6 00                  275 	.db #0x00	; 0
   00E7 00                  276 	.db #0x00	; 0
   00E8 00                  277 	.db #0x00	; 0
   00E9 00                  278 	.db #0x00	; 0
   00EA 40                  279 	.db #0x40	; 64
   00EB C0                  280 	.db #0xc0	; 192
   00EC C0                  281 	.db #0xc0	; 192
   00ED C0                  282 	.db #0xc0	; 192
   00EE C0                  283 	.db #0xc0	; 192
   00EF 00                  284 	.db #0x00	; 0
   00F0 00                  285 	.db #0x00	; 0
   00F1 00                  286 	.db #0x00	; 0
   00F2 C5                  287 	.db #0xc5	; 197
   00F3 E8                  288 	.db #0xe8	; 232
   00F4 68                  289 	.db #0x68	; 104	'h'
   00F5 E0                  290 	.db #0xe0	; 224
   00F6 65                  291 	.db #0x65	; 101	'e'
   00F7 80                  292 	.db #0x80	; 128
   00F8 00                  293 	.db #0x00	; 0
   00F9 40                  294 	.db #0x40	; 64
   00FA 83                  295 	.db #0x83	; 131
   00FB 03                  296 	.db #0x03	; 3
   00FC 03                  297 	.db #0x03	; 3
   00FD 03                  298 	.db #0x03	; 3
   00FE 03                  299 	.db #0x03	; 3
   00FF C2                  300 	.db #0xc2	; 194
                            301 	.area _INITIALIZER
                            302 	.area _CABS (ABS)
