                              1 ;--------------------------------------------------------
                              2 ; File Created by SDCC : free open source ANSI-C Compiler
                              3 ; Version 3.6.8 #9946 (CYGWIN)
                              4 ;--------------------------------------------------------
                              5 	.module objects
                              6 	.optsdcc -mz80
                              7 	
                              8 ;--------------------------------------------------------
                              9 ; Public variables in this module
                             10 ;--------------------------------------------------------
                             11 	.globl _g_objects
                             12 ;--------------------------------------------------------
                             13 ; special function registers
                             14 ;--------------------------------------------------------
                             15 ;--------------------------------------------------------
                             16 ; ram data
                             17 ;--------------------------------------------------------
                             18 	.area _DATA
                             19 ;--------------------------------------------------------
                             20 ; ram data
                             21 ;--------------------------------------------------------
                             22 	.area _INITIALIZED
                             23 ;--------------------------------------------------------
                             24 ; absolute external ram data
                             25 ;--------------------------------------------------------
                             26 	.area _DABS (ABS)
                             27 ;--------------------------------------------------------
                             28 ; global & static initialisations
                             29 ;--------------------------------------------------------
                             30 	.area _HOME
                             31 	.area _GSINIT
                             32 	.area _GSFINAL
                             33 	.area _GSINIT
                             34 ;--------------------------------------------------------
                             35 ; Home
                             36 ;--------------------------------------------------------
                             37 	.area _HOME
                             38 	.area _HOME
                             39 ;--------------------------------------------------------
                             40 ; code
                             41 ;--------------------------------------------------------
                             42 	.area _CODE
                             43 	.area _CODE
   0000                      44 _g_objects:
   0000 00                   45 	.db #0x00	; 0
   0001 00                   46 	.db #0x00	; 0
   0002 00                   47 	.db #0x00	; 0
   0003 00                   48 	.db #0x00	; 0
   0004 00                   49 	.db #0x00	; 0
   0005 00                   50 	.db #0x00	; 0
   0006 00                   51 	.db #0x00	; 0
   0007 00                   52 	.db #0x00	; 0
   0008 00                   53 	.db #0x00	; 0
   0009 00                   54 	.db #0x00	; 0
   000A 00                   55 	.db #0x00	; 0
   000B 00                   56 	.db #0x00	; 0
   000C 00                   57 	.db #0x00	; 0
   000D 00                   58 	.db #0x00	; 0
   000E 00                   59 	.db #0x00	; 0
   000F 00                   60 	.db #0x00	; 0
   0010 00                   61 	.db #0x00	; 0
   0011 00                   62 	.db #0x00	; 0
   0012 00                   63 	.db #0x00	; 0
   0013 00                   64 	.db #0x00	; 0
   0014 00                   65 	.db #0x00	; 0
   0015 00                   66 	.db #0x00	; 0
   0016 00                   67 	.db #0x00	; 0
   0017 00                   68 	.db #0x00	; 0
   0018 C0                   69 	.db #0xc0	; 192
   0019 C0                   70 	.db #0xc0	; 192
   001A C0                   71 	.db #0xc0	; 192
   001B C0                   72 	.db #0xc0	; 192
   001C C0                   73 	.db #0xc0	; 192
   001D 80                   74 	.db #0x80	; 128
   001E 3F                   75 	.db #0x3f	; 63
   001F 3F                   76 	.db #0x3f	; 63
   0020 3F                   77 	.db #0x3f	; 63
   0021 3F                   78 	.db #0x3f	; 63
   0022 3F                   79 	.db #0x3f	; 63
   0023 6A                   80 	.db #0x6a	; 106	'j'
   0024 3A                   81 	.db #0x3a	; 58
   0025 75                   82 	.db #0x75	; 117	'u'
   0026 FF                   83 	.db #0xff	; 255
   0027 EE                   84 	.db #0xee	; 238
   0028 CC                   85 	.db #0xcc	; 204
   0029 6A                   86 	.db #0x6a	; 106	'j'
   002A 3A                   87 	.db #0x3a	; 58
   002B FF                   88 	.db #0xff	; 255
   002C FF                   89 	.db #0xff	; 255
   002D FF                   90 	.db #0xff	; 255
   002E EE                   91 	.db #0xee	; 238
   002F 6A                   92 	.db #0x6a	; 106	'j'
   0030 3E                   93 	.db #0x3e	; 62
   0031 AF                   94 	.db #0xaf	; 175
   0032 AB                   95 	.db #0xab	; 171
   0033 5F                   96 	.db #0x5f	; 95
   0034 EE                   97 	.db #0xee	; 238
   0035 EA                   98 	.db #0xea	; 234
   0036 3A                   99 	.db #0x3a	; 58
   0037 AF                  100 	.db #0xaf	; 175
   0038 AF                  101 	.db #0xaf	; 175
   0039 AF                  102 	.db #0xaf	; 175
   003A EE                  103 	.db #0xee	; 238
   003B EA                  104 	.db #0xea	; 234
   003C 3E                  105 	.db #0x3e	; 62
   003D AB                  106 	.db #0xab	; 171
   003E AB                  107 	.db #0xab	; 171
   003F AB                  108 	.db #0xab	; 171
   0040 EE                  109 	.db #0xee	; 238
   0041 6A                  110 	.db #0x6a	; 106	'j'
   0042 3A                  111 	.db #0x3a	; 58
   0043 AB                  112 	.db #0xab	; 171
   0044 AB                  113 	.db #0xab	; 171
   0045 57                  114 	.db #0x57	; 87	'W'
   0046 EE                  115 	.db #0xee	; 238
   0047 6A                  116 	.db #0x6a	; 106	'j'
   0048 3E                  117 	.db #0x3e	; 62
   0049 75                  118 	.db #0x75	; 117	'u'
   004A FF                  119 	.db #0xff	; 255
   004B FF                  120 	.db #0xff	; 255
   004C FF                  121 	.db #0xff	; 255
   004D C0                  122 	.db #0xc0	; 192
   004E C0                  123 	.db #0xc0	; 192
   004F C0                  124 	.db #0xc0	; 192
   0050 C0                  125 	.db #0xc0	; 192
   0051 C0                  126 	.db #0xc0	; 192
   0052 C0                  127 	.db #0xc0	; 192
   0053 C0                  128 	.db #0xc0	; 192
   0054 C0                  129 	.db #0xc0	; 192
   0055 C0                  130 	.db #0xc0	; 192
   0056 C0                  131 	.db #0xc0	; 192
   0057 C0                  132 	.db #0xc0	; 192
   0058 C0                  133 	.db #0xc0	; 192
   0059 6A                  134 	.db #0x6a	; 106	'j'
   005A 7F                  135 	.db #0x7f	; 127
   005B AF                  136 	.db #0xaf	; 175
   005C 3F                  137 	.db #0x3f	; 63
   005D 3F                  138 	.db #0x3f	; 63
   005E 3F                  139 	.db #0x3f	; 63
   005F 2A                  140 	.db #0x2a	; 42
   0060 00                  141 	.db #0x00	; 0
   0061 40                  142 	.db #0x40	; 64
   0062 C0                  143 	.db #0xc0	; 192
   0063 C0                  144 	.db #0xc0	; 192
   0064 C0                  145 	.db #0xc0	; 192
   0065 00                  146 	.db #0x00	; 0
   0066 00                  147 	.db #0x00	; 0
   0067 84                  148 	.db #0x84	; 132
   0068 0C                  149 	.db #0x0c	; 12
   0069 0C                  150 	.db #0x0c	; 12
   006A 4C                  151 	.db #0x4c	; 76	'L'
   006B 80                  152 	.db #0x80	; 128
   006C 40                  153 	.db #0x40	; 64
   006D CC                  154 	.db #0xcc	; 204
   006E CC                  155 	.db #0xcc	; 204
   006F CC                  156 	.db #0xcc	; 204
   0070 CC                  157 	.db #0xcc	; 204
   0071 C8                  158 	.db #0xc8	; 200
   0072 C4                  159 	.db #0xc4	; 196
   0073 C0                  160 	.db #0xc0	; 192
   0074 C4                  161 	.db #0xc4	; 196
   0075 C0                  162 	.db #0xc0	; 192
   0076 C0                  163 	.db #0xc0	; 192
   0077 C4                  164 	.db #0xc4	; 196
   0078 C0                  165 	.db #0xc0	; 192
   0079 33                  166 	.db #0x33	; 51	'3'
   007A C0                  167 	.db #0xc0	; 192
   007B 95                  168 	.db #0x95	; 149
   007C 6A                  169 	.db #0x6a	; 106	'j'
   007D C4                  170 	.db #0xc4	; 196
   007E C0                  171 	.db #0xc0	; 192
   007F 33                  172 	.db #0x33	; 51	'3'
   0080 C0                  173 	.db #0xc0	; 192
   0081 D5                  174 	.db #0xd5	; 213
   0082 95                  175 	.db #0x95	; 149
   0083 C4                  176 	.db #0xc4	; 196
   0084 C0                  177 	.db #0xc0	; 192
   0085 F3                  178 	.db #0xf3	; 243
   0086 84                  179 	.db #0x84	; 132
   0087 C0                  180 	.db #0xc0	; 192
   0088 6E                  181 	.db #0x6e	; 110	'n'
   0089 C4                  182 	.db #0xc4	; 196
   008A C0                  183 	.db #0xc0	; 192
   008B 73                  184 	.db #0x73	; 115	's'
   008C C0                  185 	.db #0xc0	; 192
   008D 95                  186 	.db #0x95	; 149
   008E EA                  187 	.db #0xea	; 234
   008F C4                  188 	.db #0xc4	; 196
   0090 C0                  189 	.db #0xc0	; 192
   0091 B3                  190 	.db #0xb3	; 179
   0092 94                  191 	.db #0x94	; 148
   0093 D5                  192 	.db #0xd5	; 213
   0094 95                  193 	.db #0x95	; 149
   0095 84                  194 	.db #0x84	; 132
   0096 C0                  195 	.db #0xc0	; 192
   0097 73                  196 	.db #0x73	; 115	's'
   0098 C0                  197 	.db #0xc0	; 192
   0099 C0                  198 	.db #0xc0	; 192
   009A 6E                  199 	.db #0x6e	; 110	'n'
   009B 84                  200 	.db #0x84	; 132
   009C C0                  201 	.db #0xc0	; 192
   009D B3                  202 	.db #0xb3	; 179
   009E 84                  203 	.db #0x84	; 132
   009F 95                  204 	.db #0x95	; 149
   00A0 EA                  205 	.db #0xea	; 234
   00A1 C4                  206 	.db #0xc4	; 196
   00A2 C0                  207 	.db #0xc0	; 192
   00A3 F3                  208 	.db #0xf3	; 243
   00A4 C0                  209 	.db #0xc0	; 192
   00A5 D5                  210 	.db #0xd5	; 213
   00A6 95                  211 	.db #0x95	; 149
   00A7 C4                  212 	.db #0xc4	; 196
   00A8 C0                  213 	.db #0xc0	; 192
   00A9 73                  214 	.db #0x73	; 115	's'
   00AA C0                  215 	.db #0xc0	; 192
   00AB C0                  216 	.db #0xc0	; 192
   00AC 7F                  217 	.db #0x7f	; 127
   00AD 84                  218 	.db #0x84	; 132
   00AE C4                  219 	.db #0xc4	; 196
   00AF C0                  220 	.db #0xc0	; 192
   00B0 C4                  221 	.db #0xc4	; 196
   00B1 C0                  222 	.db #0xc0	; 192
   00B2 C0                  223 	.db #0xc0	; 192
   00B3 84                  224 	.db #0x84	; 132
   00B4 84                  225 	.db #0x84	; 132
   00B5 CC                  226 	.db #0xcc	; 204
   00B6 E4                  227 	.db #0xe4	; 228
   00B7 6C                  228 	.db #0x6c	; 108	'l'
   00B8 C6                  229 	.db #0xc6	; 198
   00B9 48                  230 	.db #0x48	; 72	'H'
   00BA 40                  231 	.db #0x40	; 64
   00BB 0C                  232 	.db #0x0c	; 12
   00BC 0C                  233 	.db #0x0c	; 12
   00BD 0C                  234 	.db #0x0c	; 12
   00BE 0C                  235 	.db #0x0c	; 12
   00BF 80                  236 	.db #0x80	; 128
   00C0 00                  237 	.db #0x00	; 0
   00C1 00                  238 	.db #0x00	; 0
   00C2 00                  239 	.db #0x00	; 0
   00C3 00                  240 	.db #0x00	; 0
   00C4 00                  241 	.db #0x00	; 0
   00C5 00                  242 	.db #0x00	; 0
   00C6 40                  243 	.db #0x40	; 64
   00C7 80                  244 	.db #0x80	; 128
   00C8 C0                  245 	.db #0xc0	; 192
   00C9 80                  246 	.db #0x80	; 128
   00CA C0                  247 	.db #0xc0	; 192
   00CB 80                  248 	.db #0x80	; 128
   00CC C4                  249 	.db #0xc4	; 196
   00CD 42                  250 	.db #0x42	; 66	'B'
   00CE 83                  251 	.db #0x83	; 131
   00CF C8                  252 	.db #0xc8	; 200
   00D0 83                  253 	.db #0x83	; 131
   00D1 C2                  254 	.db #0xc2	; 194
   00D2 C5                  255 	.db #0xc5	; 197
   00D3 C8                  256 	.db #0xc8	; 200
   00D4 43                  257 	.db #0x43	; 67	'C'
   00D5 CA                  258 	.db #0xca	; 202
   00D6 43                  259 	.db #0x43	; 67	'C'
   00D7 C8                  260 	.db #0xc8	; 200
   00D8 C0                  261 	.db #0xc0	; 192
   00D9 C0                  262 	.db #0xc0	; 192
   00DA C0                  263 	.db #0xc0	; 192
   00DB C0                  264 	.db #0xc0	; 192
   00DC C0                  265 	.db #0xc0	; 192
   00DD C0                  266 	.db #0xc0	; 192
   00DE 91                  267 	.db #0x91	; 145
   00DF 62                  268 	.db #0x62	; 98	'b'
   00E0 70                  269 	.db #0x70	; 112	'p'
   00E1 F0                  270 	.db #0xf0	; 240
   00E2 CC                  271 	.db #0xcc	; 204
   00E3 60                  272 	.db #0x60	; 96
   00E4 D1                  273 	.db #0xd1	; 209
   00E5 62                  274 	.db #0x62	; 98	'b'
   00E6 3C                  275 	.db #0x3c	; 60
   00E7 3C                  276 	.db #0x3c	; 60
   00E8 E4                  277 	.db #0xe4	; 228
   00E9 E0                  278 	.db #0xe0	; 224
   00EA 91                  279 	.db #0x91	; 145
   00EB 62                  280 	.db #0x62	; 98	'b'
   00EC CC                  281 	.db #0xcc	; 204
   00ED 9C                  282 	.db #0x9c	; 156
   00EE 9C                  283 	.db #0x9c	; 156
   00EF 68                  284 	.db #0x68	; 104	'h'
   00F0 D1                  285 	.db #0xd1	; 209
   00F1 E2                  286 	.db #0xe2	; 226
   00F2 D8                  287 	.db #0xd8	; 216
   00F3 9C                  288 	.db #0x9c	; 156
   00F4 CC                  289 	.db #0xcc	; 204
   00F5 68                  290 	.db #0x68	; 104	'h'
   00F6 91                  291 	.db #0x91	; 145
   00F7 62                  292 	.db #0x62	; 98	'b'
   00F8 D8                  293 	.db #0xd8	; 216
   00F9 9C                  294 	.db #0x9c	; 156
   00FA 3C                  295 	.db #0x3c	; 60
   00FB 68                  296 	.db #0x68	; 104	'h'
   00FC D1                  297 	.db #0xd1	; 209
   00FD 62                  298 	.db #0x62	; 98	'b'
   00FE D8                  299 	.db #0xd8	; 216
   00FF 9C                  300 	.db #0x9c	; 156
   0100 3C                  301 	.db #0x3c	; 60
   0101 68                  302 	.db #0x68	; 104	'h'
   0102 91                  303 	.db #0x91	; 145
   0103 62                  304 	.db #0x62	; 98	'b'
   0104 CC                  305 	.db #0xcc	; 204
   0105 9C                  306 	.db #0x9c	; 156
   0106 3C                  307 	.db #0x3c	; 60
   0107 E0                  308 	.db #0xe0	; 224
   0108 C4                  309 	.db #0xc4	; 196
   0109 C0                  310 	.db #0xc0	; 192
   010A 30                  311 	.db #0x30	; 48	'0'
   010B 30                  312 	.db #0x30	; 48	'0'
   010C 30                  313 	.db #0x30	; 48	'0'
   010D 60                  314 	.db #0x60	; 96
   010E C0                  315 	.db #0xc0	; 192
   010F EA                  316 	.db #0xea	; 234
   0110 EA                  317 	.db #0xea	; 234
   0111 6A                  318 	.db #0x6a	; 106	'j'
   0112 EA                  319 	.db #0xea	; 234
   0113 C8                  320 	.db #0xc8	; 200
   0114 95                  321 	.db #0x95	; 149
   0115 95                  322 	.db #0x95	; 149
   0116 D5                  323 	.db #0xd5	; 213
   0117 D5                  324 	.db #0xd5	; 213
   0118 D5                  325 	.db #0xd5	; 213
   0119 C0                  326 	.db #0xc0	; 192
   011A 40                  327 	.db #0x40	; 64
   011B C0                  328 	.db #0xc0	; 192
   011C C0                  329 	.db #0xc0	; 192
   011D C0                  330 	.db #0xc0	; 192
   011E C0                  331 	.db #0xc0	; 192
   011F 80                  332 	.db #0x80	; 128
   0120 00                  333 	.db #0x00	; 0
   0121 00                  334 	.db #0x00	; 0
   0122 00                  335 	.db #0x00	; 0
   0123 00                  336 	.db #0x00	; 0
   0124 00                  337 	.db #0x00	; 0
   0125 00                  338 	.db #0x00	; 0
   0126 00                  339 	.db #0x00	; 0
   0127 00                  340 	.db #0x00	; 0
   0128 00                  341 	.db #0x00	; 0
   0129 00                  342 	.db #0x00	; 0
   012A 00                  343 	.db #0x00	; 0
   012B 00                  344 	.db #0x00	; 0
   012C 00                  345 	.db #0x00	; 0
   012D 00                  346 	.db #0x00	; 0
   012E 00                  347 	.db #0x00	; 0
   012F 00                  348 	.db #0x00	; 0
   0130 00                  349 	.db #0x00	; 0
   0131 00                  350 	.db #0x00	; 0
   0132 00                  351 	.db #0x00	; 0
   0133 00                  352 	.db #0x00	; 0
   0134 00                  353 	.db #0x00	; 0
   0135 00                  354 	.db #0x00	; 0
   0136 00                  355 	.db #0x00	; 0
   0137 00                  356 	.db #0x00	; 0
   0138 00                  357 	.db #0x00	; 0
   0139 C0                  358 	.db #0xc0	; 192
   013A C0                  359 	.db #0xc0	; 192
   013B C0                  360 	.db #0xc0	; 192
   013C C0                  361 	.db #0xc0	; 192
   013D 80                  362 	.db #0x80	; 128
   013E 40                  363 	.db #0x40	; 64
   013F 06                  364 	.db #0x06	; 6
   0140 0C                  365 	.db #0x0c	; 12
   0141 4C                  366 	.db #0x4c	; 76	'L'
   0142 89                  367 	.db #0x89	; 137
   0143 C8                  368 	.db #0xc8	; 200
   0144 81                  369 	.db #0x81	; 129
   0145 86                  370 	.db #0x86	; 134
   0146 06                  371 	.db #0x06	; 6
   0147 0C                  372 	.db #0x0c	; 12
   0148 49                  373 	.db #0x49	; 73	'I'
   0149 C8                  374 	.db #0xc8	; 200
   014A C1                  375 	.db #0xc1	; 193
   014B 86                  376 	.db #0x86	; 134
   014C 06                  377 	.db #0x06	; 6
   014D 0C                  378 	.db #0x0c	; 12
   014E C9                  379 	.db #0xc9	; 201
   014F CA                  380 	.db #0xca	; 202
   0150 C1                  381 	.db #0xc1	; 193
   0151 86                  382 	.db #0x86	; 134
   0152 06                  383 	.db #0x06	; 6
   0153 0C                  384 	.db #0x0c	; 12
   0154 C9                  385 	.db #0xc9	; 201
   0155 CA                  386 	.db #0xca	; 202
   0156 C1                  387 	.db #0xc1	; 193
   0157 C3                  388 	.db #0xc3	; 195
   0158 C3                  389 	.db #0xc3	; 195
   0159 C3                  390 	.db #0xc3	; 195
   015A C3                  391 	.db #0xc3	; 195
   015B CA                  392 	.db #0xca	; 202
   015C C1                  393 	.db #0xc1	; 193
   015D 83                  394 	.db #0x83	; 131
   015E 03                  395 	.db #0x03	; 3
   015F 03                  396 	.db #0x03	; 3
   0160 C3                  397 	.db #0xc3	; 195
   0161 C8                  398 	.db #0xc8	; 200
   0162 C1                  399 	.db #0xc1	; 193
   0163 46                  400 	.db #0x46	; 70	'F'
   0164 CC                  401 	.db #0xcc	; 204
   0165 C8                  402 	.db #0xc8	; 200
   0166 43                  403 	.db #0x43	; 67	'C'
   0167 CA                  404 	.db #0xca	; 202
   0168 C1                  405 	.db #0xc1	; 193
   0169 42                  406 	.db #0x42	; 66	'B'
   016A C4                  407 	.db #0xc4	; 196
   016B CC                  408 	.db #0xcc	; 204
   016C 43                  409 	.db #0x43	; 67	'C'
   016D 42                  410 	.db #0x42	; 66	'B'
   016E C1                  411 	.db #0xc1	; 193
   016F 46                  412 	.db #0x46	; 70	'F'
   0170 CC                  413 	.db #0xcc	; 204
   0171 C8                  414 	.db #0xc8	; 200
   0172 43                  415 	.db #0x43	; 67	'C'
   0173 42                  416 	.db #0x42	; 66	'B'
   0174 C1                  417 	.db #0xc1	; 193
   0175 46                  418 	.db #0x46	; 70	'F'
   0176 C4                  419 	.db #0xc4	; 196
   0177 CC                  420 	.db #0xcc	; 204
   0178 43                  421 	.db #0x43	; 67	'C'
   0179 42                  422 	.db #0x42	; 66	'B'
   017A 81                  423 	.db #0x81	; 129
   017B 03                  424 	.db #0x03	; 3
   017C 03                  425 	.db #0x03	; 3
   017D 03                  426 	.db #0x03	; 3
   017E 03                  427 	.db #0x03	; 3
   017F 42                  428 	.db #0x42	; 66	'B'
   0180 00                  429 	.db #0x00	; 0
   0181 00                  430 	.db #0x00	; 0
   0182 00                  431 	.db #0x00	; 0
   0183 00                  432 	.db #0x00	; 0
   0184 00                  433 	.db #0x00	; 0
   0185 00                  434 	.db #0x00	; 0
   0186 00                  435 	.db #0x00	; 0
   0187 00                  436 	.db #0x00	; 0
   0188 00                  437 	.db #0x00	; 0
   0189 00                  438 	.db #0x00	; 0
   018A 00                  439 	.db #0x00	; 0
   018B 00                  440 	.db #0x00	; 0
   018C 00                  441 	.db #0x00	; 0
   018D 00                  442 	.db #0x00	; 0
   018E 00                  443 	.db #0x00	; 0
   018F 00                  444 	.db #0x00	; 0
   0190 00                  445 	.db #0x00	; 0
   0191 00                  446 	.db #0x00	; 0
   0192 00                  447 	.db #0x00	; 0
   0193 00                  448 	.db #0x00	; 0
   0194 00                  449 	.db #0x00	; 0
   0195 00                  450 	.db #0x00	; 0
   0196 00                  451 	.db #0x00	; 0
   0197 00                  452 	.db #0x00	; 0
   0198 00                  453 	.db #0x00	; 0
   0199 00                  454 	.db #0x00	; 0
   019A 40                  455 	.db #0x40	; 64
   019B C0                  456 	.db #0xc0	; 192
   019C 80                  457 	.db #0x80	; 128
   019D 00                  458 	.db #0x00	; 0
   019E 00                  459 	.db #0x00	; 0
   019F 00                  460 	.db #0x00	; 0
   01A0 84                  461 	.db #0x84	; 132
   01A1 CC                  462 	.db #0xcc	; 204
   01A2 48                  463 	.db #0x48	; 72	'H'
   01A3 00                  464 	.db #0x00	; 0
   01A4 00                  465 	.db #0x00	; 0
   01A5 00                  466 	.db #0x00	; 0
   01A6 40                  467 	.db #0x40	; 64
   01A7 4C                  468 	.db #0x4c	; 76	'L'
   01A8 48                  469 	.db #0x48	; 72	'H'
   01A9 00                  470 	.db #0x00	; 0
   01AA 00                  471 	.db #0x00	; 0
   01AB 00                  472 	.db #0x00	; 0
   01AC 80                  473 	.db #0x80	; 128
   01AD 84                  474 	.db #0x84	; 132
   01AE C8                  475 	.db #0xc8	; 200
   01AF 00                  476 	.db #0x00	; 0
   01B0 00                  477 	.db #0x00	; 0
   01B1 40                  478 	.db #0x40	; 64
   01B2 48                  479 	.db #0x48	; 72	'H'
   01B3 84                  480 	.db #0x84	; 132
   01B4 C8                  481 	.db #0xc8	; 200
   01B5 00                  482 	.db #0x00	; 0
   01B6 00                  483 	.db #0x00	; 0
   01B7 40                  484 	.db #0x40	; 64
   01B8 CC                  485 	.db #0xcc	; 204
   01B9 73                  486 	.db #0x73	; 115	's'
   01BA 48                  487 	.db #0x48	; 72	'H'
   01BB 00                  488 	.db #0x00	; 0
   01BC 00                  489 	.db #0x00	; 0
   01BD 00                  490 	.db #0x00	; 0
   01BE 84                  491 	.db #0x84	; 132
   01BF 47                  492 	.db #0x47	; 71	'G'
   01C0 48                  493 	.db #0x48	; 72	'H'
   01C1 00                  494 	.db #0x00	; 0
   01C2 00                  495 	.db #0x00	; 0
   01C3 00                  496 	.db #0x00	; 0
   01C4 40                  497 	.db #0x40	; 64
   01C5 47                  498 	.db #0x47	; 71	'G'
   01C6 80                  499 	.db #0x80	; 128
   01C7 00                  500 	.db #0x00	; 0
   01C8 00                  501 	.db #0x00	; 0
   01C9 00                  502 	.db #0x00	; 0
   01CA 40                  503 	.db #0x40	; 64
   01CB 47                  504 	.db #0x47	; 71	'G'
   01CC 80                  505 	.db #0x80	; 128
   01CD 00                  506 	.db #0x00	; 0
   01CE 00                  507 	.db #0x00	; 0
   01CF 00                  508 	.db #0x00	; 0
   01D0 40                  509 	.db #0x40	; 64
   01D1 43                  510 	.db #0x43	; 67	'C'
   01D2 80                  511 	.db #0x80	; 128
   01D3 00                  512 	.db #0x00	; 0
   01D4 00                  513 	.db #0x00	; 0
   01D5 00                  514 	.db #0x00	; 0
   01D6 40                  515 	.db #0x40	; 64
   01D7 03                  516 	.db #0x03	; 3
   01D8 80                  517 	.db #0x80	; 128
   01D9 00                  518 	.db #0x00	; 0
   01DA 00                  519 	.db #0x00	; 0
   01DB 00                  520 	.db #0x00	; 0
   01DC 00                  521 	.db #0x00	; 0
   01DD C0                  522 	.db #0xc0	; 192
   01DE 80                  523 	.db #0x80	; 128
   01DF 00                  524 	.db #0x00	; 0
   01E0 00                  525 	.db #0x00	; 0
   01E1 00                  526 	.db #0x00	; 0
   01E2 00                  527 	.db #0x00	; 0
   01E3 00                  528 	.db #0x00	; 0
   01E4 00                  529 	.db #0x00	; 0
   01E5 00                  530 	.db #0x00	; 0
   01E6 00                  531 	.db #0x00	; 0
   01E7 00                  532 	.db #0x00	; 0
   01E8 00                  533 	.db #0x00	; 0
   01E9 00                  534 	.db #0x00	; 0
   01EA 00                  535 	.db #0x00	; 0
   01EB 00                  536 	.db #0x00	; 0
   01EC 00                  537 	.db #0x00	; 0
   01ED 00                  538 	.db #0x00	; 0
   01EE 40                  539 	.db #0x40	; 64
   01EF C0                  540 	.db #0xc0	; 192
   01F0 00                  541 	.db #0x00	; 0
   01F1 00                  542 	.db #0x00	; 0
   01F2 00                  543 	.db #0x00	; 0
   01F3 00                  544 	.db #0x00	; 0
   01F4 C1                  545 	.db #0xc1	; 193
   01F5 47                  546 	.db #0x47	; 71	'G'
   01F6 80                  547 	.db #0x80	; 128
   01F7 00                  548 	.db #0x00	; 0
   01F8 00                  549 	.db #0x00	; 0
   01F9 40                  550 	.db #0x40	; 64
   01FA 43                  551 	.db #0x43	; 67	'C'
   01FB CF                  552 	.db #0xcf	; 207
   01FC C8                  553 	.db #0xc8	; 200
   01FD 00                  554 	.db #0x00	; 0
   01FE 00                  555 	.db #0x00	; 0
   01FF 40                  556 	.db #0x40	; 64
   0200 03                  557 	.db #0x03	; 3
   0201 03                  558 	.db #0x03	; 3
   0202 C8                  559 	.db #0xc8	; 200
   0203 00                  560 	.db #0x00	; 0
   0204 00                  561 	.db #0x00	; 0
   0205 40                  562 	.db #0x40	; 64
   0206 03                  563 	.db #0x03	; 3
   0207 AB                  564 	.db #0xab	; 171
   0208 C8                  565 	.db #0xc8	; 200
   0209 00                  566 	.db #0x00	; 0
   020A 00                  567 	.db #0x00	; 0
   020B 00                  568 	.db #0x00	; 0
   020C 91                  569 	.db #0x91	; 145
   020D 33                  570 	.db #0x33	; 51	'3'
   020E 80                  571 	.db #0x80	; 128
   020F 00                  572 	.db #0x00	; 0
   0210 00                  573 	.db #0x00	; 0
   0211 00                  574 	.db #0x00	; 0
   0212 C0                  575 	.db #0xc0	; 192
   0213 E2                  576 	.db #0xe2	; 226
   0214 80                  577 	.db #0x80	; 128
   0215 00                  578 	.db #0x00	; 0
   0216 00                  579 	.db #0x00	; 0
   0217 00                  580 	.db #0x00	; 0
   0218 91                  581 	.db #0x91	; 145
   0219 E2                  582 	.db #0xe2	; 226
   021A 80                  583 	.db #0x80	; 128
   021B 00                  584 	.db #0x00	; 0
   021C 00                  585 	.db #0x00	; 0
   021D 00                  586 	.db #0x00	; 0
   021E C0                  587 	.db #0xc0	; 192
   021F D1                  588 	.db #0xd1	; 209
   0220 80                  589 	.db #0x80	; 128
   0221 00                  590 	.db #0x00	; 0
   0222 00                  591 	.db #0x00	; 0
   0223 40                  592 	.db #0x40	; 64
   0224 42                  593 	.db #0x42	; 66	'B'
   0225 91                  594 	.db #0x91	; 145
   0226 C8                  595 	.db #0xc8	; 200
   0227 00                  596 	.db #0x00	; 0
   0228 00                  597 	.db #0x00	; 0
   0229 40                  598 	.db #0x40	; 64
   022A 13                  599 	.db #0x13	; 19
   022B E6                  600 	.db #0xe6	; 230
   022C C8                  601 	.db #0xc8	; 200
   022D 00                  602 	.db #0x00	; 0
   022E 00                  603 	.db #0x00	; 0
   022F 40                  604 	.db #0x40	; 64
   0230 03                  605 	.db #0x03	; 3
   0231 03                  606 	.db #0x03	; 3
   0232 C2                  607 	.db #0xc2	; 194
   0233 00                  608 	.db #0x00	; 0
   0234 00                  609 	.db #0x00	; 0
   0235 00                  610 	.db #0x00	; 0
   0236 81                  611 	.db #0x81	; 129
   0237 2B                  612 	.db #0x2b	; 43
   0238 80                  613 	.db #0x80	; 128
   0239 00                  614 	.db #0x00	; 0
   023A 00                  615 	.db #0x00	; 0
   023B 00                  616 	.db #0x00	; 0
   023C 40                  617 	.db #0x40	; 64
   023D C0                  618 	.db #0xc0	; 192
   023E 00                  619 	.db #0x00	; 0
   023F 00                  620 	.db #0x00	; 0
   0240 00                  621 	.db #0x00	; 0
   0241 00                  622 	.db #0x00	; 0
   0242 00                  623 	.db #0x00	; 0
   0243 00                  624 	.db #0x00	; 0
   0244 00                  625 	.db #0x00	; 0
   0245 00                  626 	.db #0x00	; 0
   0246 00                  627 	.db #0x00	; 0
   0247 40                  628 	.db #0x40	; 64
   0248 C0                  629 	.db #0xc0	; 192
   0249 C0                  630 	.db #0xc0	; 192
   024A 80                  631 	.db #0x80	; 128
   024B 00                  632 	.db #0x00	; 0
   024C 00                  633 	.db #0x00	; 0
   024D C4                  634 	.db #0xc4	; 196
   024E BC                  635 	.db #0xbc	; 188
   024F 3C                  636 	.db #0x3c	; 60
   0250 60                  637 	.db #0x60	; 96
   0251 00                  638 	.db #0x00	; 0
   0252 40                  639 	.db #0x40	; 64
   0253 B8                  640 	.db #0xb8	; 184
   0254 30                  641 	.db #0x30	; 48	'0'
   0255 30                  642 	.db #0x30	; 48	'0'
   0256 38                  643 	.db #0x38	; 56	'8'
   0257 80                  644 	.db #0x80	; 128
   0258 C4                  645 	.db #0xc4	; 196
   0259 60                  646 	.db #0x60	; 96
   025A C0                  647 	.db #0xc0	; 192
   025B C0                  648 	.db #0xc0	; 192
   025C 34                  649 	.db #0x34	; 52	'4'
   025D 60                  650 	.db #0x60	; 96
   025E 94                  651 	.db #0x94	; 148
   025F 64                  652 	.db #0x64	; 100	'd'
   0260 3C                  653 	.db #0x3c	; 60
   0261 3C                  654 	.db #0x3c	; 60
   0262 34                  655 	.db #0x34	; 52	'4'
   0263 60                  656 	.db #0x60	; 96
   0264 D0                  657 	.db #0xd0	; 208
   0265 7C                  658 	.db #0x7c	; 124
   0266 CC                  659 	.db #0xcc	; 204
   0267 CC                  660 	.db #0xcc	; 204
   0268 78                  661 	.db #0x78	; 120	'x'
   0269 60                  662 	.db #0x60	; 96
   026A D0                  663 	.db #0xd0	; 208
   026B 6C                  664 	.db #0x6c	; 108	'l'
   026C CD                  665 	.db #0xcd	; 205
   026D CC                  666 	.db #0xcc	; 204
   026E 78                  667 	.db #0x78	; 120	'x'
   026F 60                  668 	.db #0x60	; 96
   0270 D0                  669 	.db #0xd0	; 208
   0271 6C                  670 	.db #0x6c	; 108	'l'
   0272 C9                  671 	.db #0xc9	; 201
   0273 CC                  672 	.db #0xcc	; 204
   0274 78                  673 	.db #0x78	; 120	'x'
   0275 60                  674 	.db #0x60	; 96
   0276 D0                  675 	.db #0xd0	; 208
   0277 6C                  676 	.db #0x6c	; 108	'l'
   0278 CB                  677 	.db #0xcb	; 203
   0279 C6                  678 	.db #0xc6	; 198
   027A 78                  679 	.db #0x78	; 120	'x'
   027B 60                  680 	.db #0x60	; 96
   027C D0                  681 	.db #0xd0	; 208
   027D 6C                  682 	.db #0x6c	; 108	'l'
   027E C3                  683 	.db #0xc3	; 195
   027F C6                  684 	.db #0xc6	; 198
   0280 78                  685 	.db #0x78	; 120	'x'
   0281 60                  686 	.db #0x60	; 96
   0282 D0                  687 	.db #0xd0	; 208
   0283 6C                  688 	.db #0x6c	; 108	'l'
   0284 43                  689 	.db #0x43	; 67	'C'
   0285 46                  690 	.db #0x46	; 70	'F'
   0286 78                  691 	.db #0x78	; 120	'x'
   0287 60                  692 	.db #0x60	; 96
   0288 D0                  693 	.db #0xd0	; 208
   0289 6C                  694 	.db #0x6c	; 108	'l'
   028A C9                  695 	.db #0xc9	; 201
   028B CC                  696 	.db #0xcc	; 204
   028C 78                  697 	.db #0x78	; 120	'x'
   028D 60                  698 	.db #0x60	; 96
   028E D0                  699 	.db #0xd0	; 208
   028F 6C                  700 	.db #0x6c	; 108	'l'
   0290 89                  701 	.db #0x89	; 137
   0291 CC                  702 	.db #0xcc	; 204
   0292 78                  703 	.db #0x78	; 120	'x'
   0293 60                  704 	.db #0x60	; 96
   0294 90                  705 	.db #0x90	; 144
   0295 3C                  706 	.db #0x3c	; 60
   0296 CC                  707 	.db #0xcc	; 204
   0297 9C                  708 	.db #0x9c	; 156
   0298 78                  709 	.db #0x78	; 120	'x'
   0299 60                  710 	.db #0x60	; 96
   029A 90                  711 	.db #0x90	; 144
   029B B4                  712 	.db #0xb4	; 180
   029C 3C                  713 	.db #0x3c	; 60
   029D 3C                  714 	.db #0x3c	; 60
   029E B0                  715 	.db #0xb0	; 176
   029F 80                  716 	.db #0x80	; 128
   02A0 00                  717 	.db #0x00	; 0
   02A1 00                  718 	.db #0x00	; 0
   02A2 00                  719 	.db #0x00	; 0
   02A3 00                  720 	.db #0x00	; 0
   02A4 00                  721 	.db #0x00	; 0
   02A5 00                  722 	.db #0x00	; 0
   02A6 00                  723 	.db #0x00	; 0
   02A7 00                  724 	.db #0x00	; 0
   02A8 00                  725 	.db #0x00	; 0
   02A9 00                  726 	.db #0x00	; 0
   02AA 00                  727 	.db #0x00	; 0
   02AB 00                  728 	.db #0x00	; 0
   02AC 00                  729 	.db #0x00	; 0
   02AD 40                  730 	.db #0x40	; 64
   02AE 00                  731 	.db #0x00	; 0
   02AF 40                  732 	.db #0x40	; 64
   02B0 80                  733 	.db #0x80	; 128
   02B1 00                  734 	.db #0x00	; 0
   02B2 00                  735 	.db #0x00	; 0
   02B3 C4                  736 	.db #0xc4	; 196
   02B4 80                  737 	.db #0x80	; 128
   02B5 C4                  738 	.db #0xc4	; 196
   02B6 C0                  739 	.db #0xc0	; 192
   02B7 00                  740 	.db #0x00	; 0
   02B8 00                  741 	.db #0x00	; 0
   02B9 C1                  742 	.db #0xc1	; 193
   02BA 80                  743 	.db #0x80	; 128
   02BB C1                  744 	.db #0xc1	; 193
   02BC C0                  745 	.db #0xc0	; 192
   02BD 00                  746 	.db #0x00	; 0
   02BE 00                  747 	.db #0x00	; 0
   02BF 81                  748 	.db #0x81	; 129
   02C0 80                  749 	.db #0x80	; 128
   02C1 81                  750 	.db #0x81	; 129
   02C2 C0                  751 	.db #0xc0	; 192
   02C3 00                  752 	.db #0x00	; 0
   02C4 00                  753 	.db #0x00	; 0
   02C5 C0                  754 	.db #0xc0	; 192
   02C6 80                  755 	.db #0x80	; 128
   02C7 C0                  756 	.db #0xc0	; 192
   02C8 C0                  757 	.db #0xc0	; 192
   02C9 00                  758 	.db #0x00	; 0
   02CA 40                  759 	.db #0x40	; 64
   02CB 66                  760 	.db #0x66	; 102	'f'
   02CC 62                  761 	.db #0x62	; 98	'b'
   02CD 66                  762 	.db #0x66	; 102	'f'
   02CE 62                  763 	.db #0x62	; 98	'b'
   02CF 80                  764 	.db #0x80	; 128
   02D0 40                  765 	.db #0x40	; 64
   02D1 66                  766 	.db #0x66	; 102	'f'
   02D2 62                  767 	.db #0x62	; 98	'b'
   02D3 66                  768 	.db #0x66	; 102	'f'
   02D4 62                  769 	.db #0x62	; 98	'b'
   02D5 80                  770 	.db #0x80	; 128
   02D6 40                  771 	.db #0x40	; 64
   02D7 73                  772 	.db #0x73	; 115	's'
   02D8 33                  773 	.db #0x33	; 51	'3'
   02D9 66                  774 	.db #0x66	; 102	'f'
   02DA 62                  775 	.db #0x62	; 98	'b'
   02DB 80                  776 	.db #0x80	; 128
   02DC 40                  777 	.db #0x40	; 64
   02DD 73                  778 	.db #0x73	; 115	's'
   02DE 62                  779 	.db #0x62	; 98	'b'
   02DF 73                  780 	.db #0x73	; 115	's'
   02E0 62                  781 	.db #0x62	; 98	'b'
   02E1 80                  782 	.db #0x80	; 128
   02E2 40                  783 	.db #0x40	; 64
   02E3 73                  784 	.db #0x73	; 115	's'
   02E4 33                  785 	.db #0x33	; 51	'3'
   02E5 73                  786 	.db #0x73	; 115	's'
   02E6 62                  787 	.db #0x62	; 98	'b'
   02E7 80                  788 	.db #0x80	; 128
   02E8 40                  789 	.db #0x40	; 64
   02E9 73                  790 	.db #0x73	; 115	's'
   02EA 62                  791 	.db #0x62	; 98	'b'
   02EB 73                  792 	.db #0x73	; 115	's'
   02EC 62                  793 	.db #0x62	; 98	'b'
   02ED 80                  794 	.db #0x80	; 128
   02EE 40                  795 	.db #0x40	; 64
   02EF 84                  796 	.db #0x84	; 132
   02F0 C0                  797 	.db #0xc0	; 192
   02F1 84                  798 	.db #0x84	; 132
   02F2 C0                  799 	.db #0xc0	; 192
   02F3 80                  800 	.db #0x80	; 128
   02F4 40                  801 	.db #0x40	; 64
   02F5 73                  802 	.db #0x73	; 115	's'
   02F6 62                  803 	.db #0x62	; 98	'b'
   02F7 73                  804 	.db #0x73	; 115	's'
   02F8 62                  805 	.db #0x62	; 98	'b'
   02F9 80                  806 	.db #0x80	; 128
   02FA 40                  807 	.db #0x40	; 64
   02FB C0                  808 	.db #0xc0	; 192
   02FC C0                  809 	.db #0xc0	; 192
   02FD C0                  810 	.db #0xc0	; 192
   02FE C0                  811 	.db #0xc0	; 192
   02FF 00                  812 	.db #0x00	; 0
                            813 	.area _INITIALIZER
                            814 	.area _CABS (ABS)
