                              1 ;--------------------------------------------------------
                              2 ; File Created by SDCC : free open source ANSI-C Compiler
                              3 ; Version 3.6.8 #9946 (CYGWIN)
                              4 ;--------------------------------------------------------
                              5 	.module pelusoid
                              6 	.optsdcc -mz80
                              7 	
                              8 ;--------------------------------------------------------
                              9 ; Public variables in this module
                             10 ;--------------------------------------------------------
                             11 	.globl _g_pelusoid_1
                             12 	.globl _g_pelusoid_0
                             13 ;--------------------------------------------------------
                             14 ; special function registers
                             15 ;--------------------------------------------------------
                             16 ;--------------------------------------------------------
                             17 ; ram data
                             18 ;--------------------------------------------------------
                             19 	.area _DATA
                             20 ;--------------------------------------------------------
                             21 ; ram data
                             22 ;--------------------------------------------------------
                             23 	.area _INITIALIZED
                             24 ;--------------------------------------------------------
                             25 ; absolute external ram data
                             26 ;--------------------------------------------------------
                             27 	.area _DABS (ABS)
                             28 ;--------------------------------------------------------
                             29 ; global & static initialisations
                             30 ;--------------------------------------------------------
                             31 	.area _HOME
                             32 	.area _GSINIT
                             33 	.area _GSFINAL
                             34 	.area _GSINIT
                             35 ;--------------------------------------------------------
                             36 ; Home
                             37 ;--------------------------------------------------------
                             38 	.area _HOME
                             39 	.area _HOME
                             40 ;--------------------------------------------------------
                             41 ; code
                             42 ;--------------------------------------------------------
                             43 	.area _CODE
                             44 	.area _CODE
   0000                      45 _g_pelusoid_0:
   0000 00                   46 	.db #0x00	; 0
   0001 C0                   47 	.db #0xc0	; 192
   0002 C0                   48 	.db #0xc0	; 192
   0003 00                   49 	.db #0x00	; 0
   0004 40                   50 	.db #0x40	; 64
   0005 C0                   51 	.db #0xc0	; 192
   0006 80                   52 	.db #0x80	; 128
   0007 00                   53 	.db #0x00	; 0
   0008 40                   54 	.db #0x40	; 64
   0009 8B                   55 	.db #0x8b	; 139
   000A 83                   56 	.db #0x83	; 131
   000B 80                   57 	.db #0x80	; 128
   000C 81                   58 	.db #0x81	; 129
   000D C9                   59 	.db #0xc9	; 201
   000E 42                   60 	.db #0x42	; 66	'B'
   000F 00                   61 	.db #0x00	; 0
   0010 40                   62 	.db #0x40	; 64
   0011 C8                   63 	.db #0xc8	; 200
   0012 81                   64 	.db #0x81	; 129
   0013 42                   65 	.db #0x42	; 66	'B'
   0014 C2                   66 	.db #0xc2	; 194
   0015 33                   67 	.db #0x33	; 51	'3'
   0016 81                   68 	.db #0x81	; 129
   0017 80                   69 	.db #0x80	; 128
   0018 40                   70 	.db #0x40	; 64
   0019 33                   71 	.db #0x33	; 51	'3'
   001A C0                   72 	.db #0xc0	; 192
   001B 42                   73 	.db #0x42	; 66	'B'
   001C 42                   74 	.db #0x42	; 66	'B'
   001D C0                   75 	.db #0xc0	; 192
   001E 81                   76 	.db #0x81	; 129
   001F 80                   77 	.db #0x80	; 128
   0020 D1                   78 	.db #0xd1	; 209
   0021 C0                   79 	.db #0xc0	; 192
   0022 CC                   80 	.db #0xcc	; 204
   0023 C0                   81 	.db #0xc0	; 192
   0024 C4                   82 	.db #0xc4	; 196
   0025 C8                   83 	.db #0xc8	; 200
   0026 E2                   84 	.db #0xe2	; 226
   0027 00                   85 	.db #0x00	; 0
   0028 62                   86 	.db #0x62	; 98	'b'
   0029 C4                   87 	.db #0xc4	; 196
   002A 9C                   88 	.db #0x9c	; 156
   002B C8                   89 	.db #0xc8	; 200
   002C 9C                   90 	.db #0x9c	; 156
   002D CC                   91 	.db #0xcc	; 204
   002E 91                   92 	.db #0x91	; 145
   002F 80                   93 	.db #0x80	; 128
   0030 62                   94 	.db #0x62	; 98	'b'
   0031 C4                   95 	.db #0xc4	; 196
   0032 D8                   96 	.db #0xd8	; 216
   0033 C8                   97 	.db #0xc8	; 200
   0034 D8                   98 	.db #0xd8	; 216
   0035 CC                   99 	.db #0xcc	; 204
   0036 91                  100 	.db #0x91	; 145
   0037 62                  101 	.db #0x62	; 98	'b'
   0038 C0                  102 	.db #0xc0	; 192
   0039 62                  103 	.db #0x62	; 98	'b'
   003A CC                  104 	.db #0xcc	; 204
   003B 91                  105 	.db #0x91	; 145
   003C C4                  106 	.db #0xc4	; 196
   003D C8                  107 	.db #0xc8	; 200
   003E D1                  108 	.db #0xd1	; 209
   003F 91                  109 	.db #0x91	; 145
   0040 91                  110 	.db #0x91	; 145
   0041 C0                  111 	.db #0xc0	; 192
   0042 91                  112 	.db #0x91	; 145
   0043 D1                  113 	.db #0xd1	; 209
   0044 D1                  114 	.db #0xd1	; 209
   0045 D1                  115 	.db #0xd1	; 209
   0046 D1                  116 	.db #0xd1	; 209
   0047 91                  117 	.db #0x91	; 145
   0048 E2                  118 	.db #0xe2	; 226
   0049 91                  119 	.db #0x91	; 145
   004A 91                  120 	.db #0x91	; 145
   004B 91                  121 	.db #0x91	; 145
   004C 91                  122 	.db #0x91	; 145
   004D 91                  123 	.db #0x91	; 145
   004E C0                  124 	.db #0xc0	; 192
   004F D1                  125 	.db #0xd1	; 209
   0050 62                  126 	.db #0x62	; 98	'b'
   0051 F3                  127 	.db #0xf3	; 243
   0052 C0                  128 	.db #0xc0	; 192
   0053 62                  129 	.db #0x62	; 98	'b'
   0054 C0                  130 	.db #0xc0	; 192
   0055 E2                  131 	.db #0xe2	; 226
   0056 E2                  132 	.db #0xe2	; 226
   0057 62                  133 	.db #0x62	; 98	'b'
   0058 C0                  134 	.db #0xc0	; 192
   0059 62                  135 	.db #0x62	; 98	'b'
   005A 91                  136 	.db #0x91	; 145
   005B E2                  137 	.db #0xe2	; 226
   005C 62                  138 	.db #0x62	; 98	'b'
   005D E2                  139 	.db #0xe2	; 226
   005E D1                  140 	.db #0xd1	; 209
   005F 62                  141 	.db #0x62	; 98	'b'
   0060 40                  142 	.db #0x40	; 64
   0061 E2                  143 	.db #0xe2	; 226
   0062 D1                  144 	.db #0xd1	; 209
   0063 C0                  145 	.db #0xc0	; 192
   0064 D1                  146 	.db #0xd1	; 209
   0065 91                  147 	.db #0x91	; 145
   0066 91                  148 	.db #0x91	; 145
   0067 80                  149 	.db #0x80	; 128
   0068 91                  150 	.db #0x91	; 145
   0069 80                  151 	.db #0x80	; 128
   006A 62                  152 	.db #0x62	; 98	'b'
   006B 00                  153 	.db #0x00	; 0
   006C 91                  154 	.db #0x91	; 145
   006D D1                  155 	.db #0xd1	; 209
   006E 40                  156 	.db #0x40	; 64
   006F 00                  157 	.db #0x00	; 0
   0070 40                  158 	.db #0x40	; 64
   0071 00                  159 	.db #0x00	; 0
   0072 80                  160 	.db #0x80	; 128
   0073 00                  161 	.db #0x00	; 0
   0074 40                  162 	.db #0x40	; 64
   0075 40                  163 	.db #0x40	; 64
   0076 00                  164 	.db #0x00	; 0
   0077 00                  165 	.db #0x00	; 0
   0078 00                  166 	.db #0x00	; 0
   0079 00                  167 	.db #0x00	; 0
   007A 00                  168 	.db #0x00	; 0
   007B 00                  169 	.db #0x00	; 0
   007C 00                  170 	.db #0x00	; 0
   007D 00                  171 	.db #0x00	; 0
   007E 00                  172 	.db #0x00	; 0
   007F 00                  173 	.db #0x00	; 0
   0080                     174 _g_pelusoid_1:
   0080 40                  175 	.db #0x40	; 64
   0081 CB                  176 	.db #0xcb	; 203
   0082 42                  177 	.db #0x42	; 66	'B'
   0083 00                  178 	.db #0x00	; 0
   0084 40                  179 	.db #0x40	; 64
   0085 CB                  180 	.db #0xcb	; 203
   0086 42                  181 	.db #0x42	; 66	'B'
   0087 00                  182 	.db #0x00	; 0
   0088 C4                  183 	.db #0xc4	; 196
   0089 C2                  184 	.db #0xc2	; 194
   008A C1                  185 	.db #0xc1	; 193
   008B 80                  186 	.db #0x80	; 128
   008C 81                  187 	.db #0x81	; 129
   008D C0                  188 	.db #0xc0	; 192
   008E 81                  189 	.db #0x81	; 129
   008F 80                  190 	.db #0x80	; 128
   0090 40                  191 	.db #0x40	; 64
   0091 C0                  192 	.db #0xc0	; 192
   0092 23                  193 	.db #0x23	; 35
   0093 42                  194 	.db #0x42	; 66	'B'
   0094 C2                  195 	.db #0xc2	; 194
   0095 33                  196 	.db #0x33	; 51	'3'
   0096 C0                  197 	.db #0xc0	; 192
   0097 42                  198 	.db #0x42	; 66	'B'
   0098 40                  199 	.db #0x40	; 64
   0099 91                  200 	.db #0x91	; 145
   009A 62                  201 	.db #0x62	; 98	'b'
   009B 42                  202 	.db #0x42	; 66	'B'
   009C 42                  203 	.db #0x42	; 66	'B'
   009D C0                  204 	.db #0xc0	; 192
   009E 80                  205 	.db #0x80	; 128
   009F 80                  206 	.db #0x80	; 128
   00A0 D1                  207 	.db #0xd1	; 209
   00A1 C0                  208 	.db #0xc0	; 192
   00A2 CC                  209 	.db #0xcc	; 204
   00A3 C0                  210 	.db #0xc0	; 192
   00A4 C4                  211 	.db #0xc4	; 196
   00A5 C8                  212 	.db #0xc8	; 200
   00A6 E2                  213 	.db #0xe2	; 226
   00A7 00                  214 	.db #0x00	; 0
   00A8 62                  215 	.db #0x62	; 98	'b'
   00A9 C4                  216 	.db #0xc4	; 196
   00AA 9C                  217 	.db #0x9c	; 156
   00AB C8                  218 	.db #0xc8	; 200
   00AC 9C                  219 	.db #0x9c	; 156
   00AD CC                  220 	.db #0xcc	; 204
   00AE 91                  221 	.db #0x91	; 145
   00AF 80                  222 	.db #0x80	; 128
   00B0 C0                  223 	.db #0xc0	; 192
   00B1 66                  224 	.db #0x66	; 102	'f'
   00B2 D8                  225 	.db #0xd8	; 216
   00B3 C8                  226 	.db #0xc8	; 200
   00B4 D8                  227 	.db #0xd8	; 216
   00B5 CC                  228 	.db #0xcc	; 204
   00B6 91                  229 	.db #0x91	; 145
   00B7 62                  230 	.db #0x62	; 98	'b'
   00B8 91                  231 	.db #0x91	; 145
   00B9 C0                  232 	.db #0xc0	; 192
   00BA CC                  233 	.db #0xcc	; 204
   00BB C0                  234 	.db #0xc0	; 192
   00BC C4                  235 	.db #0xc4	; 196
   00BD C8                  236 	.db #0xc8	; 200
   00BE D1                  237 	.db #0xd1	; 209
   00BF 80                  238 	.db #0x80	; 128
   00C0 D1                  239 	.db #0xd1	; 209
   00C1 D1                  240 	.db #0xd1	; 209
   00C2 D1                  241 	.db #0xd1	; 209
   00C3 D1                  242 	.db #0xd1	; 209
   00C4 D1                  243 	.db #0xd1	; 209
   00C5 D1                  244 	.db #0xd1	; 209
   00C6 D1                  245 	.db #0xd1	; 209
   00C7 80                  246 	.db #0x80	; 128
   00C8 40                  247 	.db #0x40	; 64
   00C9 62                  248 	.db #0x62	; 98	'b'
   00CA 91                  249 	.db #0x91	; 145
   00CB 91                  250 	.db #0x91	; 145
   00CC 91                  251 	.db #0x91	; 145
   00CD 91                  252 	.db #0x91	; 145
   00CE C0                  253 	.db #0xc0	; 192
   00CF 62                  254 	.db #0x62	; 98	'b'
   00D0 40                  255 	.db #0x40	; 64
   00D1 E2                  256 	.db #0xe2	; 226
   00D2 91                  257 	.db #0x91	; 145
   00D3 D1                  258 	.db #0xd1	; 209
   00D4 D1                  259 	.db #0xd1	; 209
   00D5 C0                  260 	.db #0xc0	; 192
   00D6 62                  261 	.db #0x62	; 98	'b'
   00D7 E2                  262 	.db #0xe2	; 226
   00D8 D1                  263 	.db #0xd1	; 209
   00D9 C0                  264 	.db #0xc0	; 192
   00DA E2                  265 	.db #0xe2	; 226
   00DB 91                  266 	.db #0x91	; 145
   00DC C0                  267 	.db #0xc0	; 192
   00DD E2                  268 	.db #0xe2	; 226
   00DE E2                  269 	.db #0xe2	; 226
   00DF 80                  270 	.db #0x80	; 128
   00E0 62                  271 	.db #0x62	; 98	'b'
   00E1 C0                  272 	.db #0xc0	; 192
   00E2 E2                  273 	.db #0xe2	; 226
   00E3 B3                  274 	.db #0xb3	; 179
   00E4 C0                  275 	.db #0xc0	; 192
   00E5 E2                  276 	.db #0xe2	; 226
   00E6 E2                  277 	.db #0xe2	; 226
   00E7 00                  278 	.db #0x00	; 0
   00E8 C0                  279 	.db #0xc0	; 192
   00E9 D1                  280 	.db #0xd1	; 209
   00EA C0                  281 	.db #0xc0	; 192
   00EB E2                  282 	.db #0xe2	; 226
   00EC C0                  283 	.db #0xc0	; 192
   00ED 62                  284 	.db #0x62	; 98	'b'
   00EE 91                  285 	.db #0x91	; 145
   00EF 00                  286 	.db #0x00	; 0
   00F0 40                  287 	.db #0x40	; 64
   00F1 62                  288 	.db #0x62	; 98	'b'
   00F2 91                  289 	.db #0x91	; 145
   00F3 C0                  290 	.db #0xc0	; 192
   00F4 62                  291 	.db #0x62	; 98	'b'
   00F5 F3                  292 	.db #0xf3	; 243
   00F6 C0                  293 	.db #0xc0	; 192
   00F7 00                  294 	.db #0x00	; 0
   00F8 00                  295 	.db #0x00	; 0
   00F9 80                  296 	.db #0x80	; 128
   00FA 91                  297 	.db #0x91	; 145
   00FB 80                  298 	.db #0x80	; 128
   00FC 80                  299 	.db #0x80	; 128
   00FD 91                  300 	.db #0x91	; 145
   00FE 00                  301 	.db #0x00	; 0
   00FF 00                  302 	.db #0x00	; 0
                            303 	.area _INITIALIZER
                            304 	.area _CABS (ABS)
