                              1 ;--------------------------------------------------------
                              2 ; File Created by SDCC : free open source ANSI-C Compiler
                              3 ; Version 3.6.8 #9946 (CYGWIN)
                              4 ;--------------------------------------------------------
                              5 	.module player
                              6 	.optsdcc -mz80
                              7 	
                              8 ;--------------------------------------------------------
                              9 ; Public variables in this module
                             10 ;--------------------------------------------------------
                             11 	.globl _g_player_8
                             12 	.globl _g_player_7
                             13 	.globl _g_player_6
                             14 	.globl _g_player_5
                             15 	.globl _g_player_4
                             16 	.globl _g_player_3
                             17 	.globl _g_player_2
                             18 	.globl _g_player_1
                             19 	.globl _g_player_0
                             20 ;--------------------------------------------------------
                             21 ; special function registers
                             22 ;--------------------------------------------------------
                             23 ;--------------------------------------------------------
                             24 ; ram data
                             25 ;--------------------------------------------------------
                             26 	.area _DATA
                             27 ;--------------------------------------------------------
                             28 ; ram data
                             29 ;--------------------------------------------------------
                             30 	.area _INITIALIZED
                             31 ;--------------------------------------------------------
                             32 ; absolute external ram data
                             33 ;--------------------------------------------------------
                             34 	.area _DABS (ABS)
                             35 ;--------------------------------------------------------
                             36 ; global & static initialisations
                             37 ;--------------------------------------------------------
                             38 	.area _HOME
                             39 	.area _GSINIT
                             40 	.area _GSFINAL
                             41 	.area _GSINIT
                             42 ;--------------------------------------------------------
                             43 ; Home
                             44 ;--------------------------------------------------------
                             45 	.area _HOME
                             46 	.area _HOME
                             47 ;--------------------------------------------------------
                             48 ; code
                             49 ;--------------------------------------------------------
                             50 	.area _CODE
                             51 	.area _CODE
   0000                      52 _g_player_0:
   0000 00                   53 	.db #0x00	; 0
   0001 80                   54 	.db #0x80	; 128
   0002 00                   55 	.db #0x00	; 0
   0003 C0                   56 	.db #0xc0	; 192
   0004 C0                   57 	.db #0xc0	; 192
   0005 80                   58 	.db #0x80	; 128
   0006 00                   59 	.db #0x00	; 0
   0007 00                   60 	.db #0x00	; 0
   0008 40                   61 	.db #0x40	; 64
   0009 C8                   62 	.db #0xc8	; 200
   000A 40                   63 	.db #0x40	; 64
   000B 0C                   64 	.db #0x0c	; 12
   000C 0C                   65 	.db #0x0c	; 12
   000D 48                   66 	.db #0x48	; 72	'H'
   000E 00                   67 	.db #0x00	; 0
   000F 00                   68 	.db #0x00	; 0
   0010 40                   69 	.db #0x40	; 64
   0011 CA                   70 	.db #0xca	; 202
   0012 84                   71 	.db #0x84	; 132
   0013 CC                   72 	.db #0xcc	; 204
   0014 CC                   73 	.db #0xcc	; 204
   0015 8C                   74 	.db #0x8c	; 140
   0016 80                   75 	.db #0x80	; 128
   0017 00                   76 	.db #0x00	; 0
   0018 40                   77 	.db #0x40	; 64
   0019 CA                   78 	.db #0xca	; 202
   001A 4C                   79 	.db #0x4c	; 76	'L'
   001B 4C                   80 	.db #0x4c	; 76	'L'
   001C 8C                   81 	.db #0x8c	; 140
   001D 0C                   82 	.db #0x0c	; 12
   001E 80                   83 	.db #0x80	; 128
   001F 00                   84 	.db #0x00	; 0
   0020 40                   85 	.db #0x40	; 64
   0021 C2                   86 	.db #0xc2	; 194
   0022 0C                   87 	.db #0x0c	; 12
   0023 CC                   88 	.db #0xcc	; 204
   0024 1C                   89 	.db #0x1c	; 28
   0025 98                   90 	.db #0x98	; 152
   0026 80                   91 	.db #0x80	; 128
   0027 00                   92 	.db #0x00	; 0
   0028 40                   93 	.db #0x40	; 64
   0029 C2                   94 	.db #0xc2	; 194
   002A 4C                   95 	.db #0x4c	; 76	'L'
   002B CC                   96 	.db #0xcc	; 204
   002C 1C                   97 	.db #0x1c	; 28
   002D B0                   98 	.db #0xb0	; 176
   002E 80                   99 	.db #0x80	; 128
   002F 00                  100 	.db #0x00	; 0
   0030 40                  101 	.db #0x40	; 64
   0031 42                  102 	.db #0x42	; 66	'B'
   0032 0C                  103 	.db #0x0c	; 12
   0033 CC                  104 	.db #0xcc	; 204
   0034 8C                  105 	.db #0x8c	; 140
   0035 0C                  106 	.db #0x0c	; 12
   0036 80                  107 	.db #0x80	; 128
   0037 00                  108 	.db #0x00	; 0
   0038 40                  109 	.db #0x40	; 64
   0039 42                  110 	.db #0x42	; 66	'B'
   003A 06                  111 	.db #0x06	; 6
   003B 4C                  112 	.db #0x4c	; 76	'L'
   003C CC                  113 	.db #0xcc	; 204
   003D 8C                  114 	.db #0x8c	; 140
   003E C0                  115 	.db #0xc0	; 192
   003F 40                  116 	.db #0x40	; 64
   0040 00                  117 	.db #0x00	; 0
   0041 81                  118 	.db #0x81	; 129
   0042 42                  119 	.db #0x42	; 66	'B'
   0043 43                  120 	.db #0x43	; 67	'C'
   0044 CB                  121 	.db #0xcb	; 203
   0045 42                  122 	.db #0x42	; 66	'B'
   0046 91                  123 	.db #0x91	; 145
   0047 91                  124 	.db #0x91	; 145
   0048 40                  125 	.db #0x40	; 64
   0049 57                  126 	.db #0x57	; 87	'W'
   004A C6                  127 	.db #0xc6	; 198
   004B B4                  128 	.db #0xb4	; 180
   004C 73                  129 	.db #0x73	; 115	's'
   004D 39                  130 	.db #0x39	; 57	'9'
   004E 73                  131 	.db #0x73	; 115	's'
   004F 33                  132 	.db #0x33	; 51	'3'
   0050 40                  133 	.db #0x40	; 64
   0051 16                  134 	.db #0x16	; 22
   0052 06                  135 	.db #0x06	; 6
   0053 70                  136 	.db #0x70	; 112	'p'
   0054 33                  137 	.db #0x33	; 51	'3'
   0055 A4                  138 	.db #0xa4	; 164
   0056 99                  139 	.db #0x99	; 153
   0057 91                  140 	.db #0x91	; 145
   0058 40                  141 	.db #0x40	; 64
   0059 43                  142 	.db #0x43	; 67	'C'
   005A 46                  143 	.db #0x46	; 70	'F'
   005B 4C                  144 	.db #0x4c	; 76	'L'
   005C 99                  145 	.db #0x99	; 153
   005D 48                  146 	.db #0x48	; 72	'H'
   005E C0                  147 	.db #0xc0	; 192
   005F 40                  148 	.db #0x40	; 64
   0060 00                  149 	.db #0x00	; 0
   0061 81                  150 	.db #0x81	; 129
   0062 03                  151 	.db #0x03	; 3
   0063 99                  152 	.db #0x99	; 153
   0064 CC                  153 	.db #0xcc	; 204
   0065 80                  154 	.db #0x80	; 128
   0066 00                  155 	.db #0x00	; 0
   0067 00                  156 	.db #0x00	; 0
   0068 00                  157 	.db #0x00	; 0
   0069 40                  158 	.db #0x40	; 64
   006A 84                  159 	.db #0x84	; 132
   006B 4C                  160 	.db #0x4c	; 76	'L'
   006C C8                  161 	.db #0xc8	; 200
   006D 00                  162 	.db #0x00	; 0
   006E 00                  163 	.db #0x00	; 0
   006F 00                  164 	.db #0x00	; 0
   0070 00                  165 	.db #0x00	; 0
   0071 00                  166 	.db #0x00	; 0
   0072 81                  167 	.db #0x81	; 129
   0073 43                  168 	.db #0x43	; 67	'C'
   0074 CA                  169 	.db #0xca	; 202
   0075 80                  170 	.db #0x80	; 128
   0076 00                  171 	.db #0x00	; 0
   0077 00                  172 	.db #0x00	; 0
   0078 00                  173 	.db #0x00	; 0
   0079 00                  174 	.db #0x00	; 0
   007A 84                  175 	.db #0x84	; 132
   007B 4C                  176 	.db #0x4c	; 76	'L'
   007C CC                  177 	.db #0xcc	; 204
   007D 80                  178 	.db #0x80	; 128
   007E 00                  179 	.db #0x00	; 0
   007F 00                  180 	.db #0x00	; 0
   0080                     181 _g_player_1:
   0080 40                  182 	.db #0x40	; 64
   0081 00                  183 	.db #0x00	; 0
   0082 00                  184 	.db #0x00	; 0
   0083 C0                  185 	.db #0xc0	; 192
   0084 C0                  186 	.db #0xc0	; 192
   0085 80                  187 	.db #0x80	; 128
   0086 00                  188 	.db #0x00	; 0
   0087 00                  189 	.db #0x00	; 0
   0088 C4                  190 	.db #0xc4	; 196
   0089 80                  191 	.db #0x80	; 128
   008A 40                  192 	.db #0x40	; 64
   008B 0C                  193 	.db #0x0c	; 12
   008C 0C                  194 	.db #0x0c	; 12
   008D 48                  195 	.db #0x48	; 72	'H'
   008E 00                  196 	.db #0x00	; 0
   008F 00                  197 	.db #0x00	; 0
   0090 C5                  198 	.db #0xc5	; 197
   0091 80                  199 	.db #0x80	; 128
   0092 84                  200 	.db #0x84	; 132
   0093 CC                  201 	.db #0xcc	; 204
   0094 CC                  202 	.db #0xcc	; 204
   0095 8C                  203 	.db #0x8c	; 140
   0096 80                  204 	.db #0x80	; 128
   0097 00                  205 	.db #0x00	; 0
   0098 C5                  206 	.db #0xc5	; 197
   0099 C0                  207 	.db #0xc0	; 192
   009A 4C                  208 	.db #0x4c	; 76	'L'
   009B 4C                  209 	.db #0x4c	; 76	'L'
   009C 0C                  210 	.db #0x0c	; 12
   009D 0C                  211 	.db #0x0c	; 12
   009E 80                  212 	.db #0x80	; 128
   009F 00                  213 	.db #0x00	; 0
   00A0 C1                  214 	.db #0xc1	; 193
   00A1 C0                  215 	.db #0xc0	; 192
   00A2 0C                  216 	.db #0x0c	; 12
   00A3 8C                  217 	.db #0x8c	; 140
   00A4 78                  218 	.db #0x78	; 120	'x'
   00A5 98                  219 	.db #0x98	; 152
   00A6 80                  220 	.db #0x80	; 128
   00A7 00                  221 	.db #0x00	; 0
   00A8 40                  222 	.db #0x40	; 64
   00A9 C2                  223 	.db #0xc2	; 194
   00AA 4C                  224 	.db #0x4c	; 76	'L'
   00AB 8C                  225 	.db #0x8c	; 140
   00AC 6C                  226 	.db #0x6c	; 108	'l'
   00AD B0                  227 	.db #0xb0	; 176
   00AE 80                  228 	.db #0x80	; 128
   00AF 00                  229 	.db #0x00	; 0
   00B0 40                  230 	.db #0x40	; 64
   00B1 42                  231 	.db #0x42	; 66	'B'
   00B2 0C                  232 	.db #0x0c	; 12
   00B3 CC                  233 	.db #0xcc	; 204
   00B4 0C                  234 	.db #0x0c	; 12
   00B5 0C                  235 	.db #0x0c	; 12
   00B6 80                  236 	.db #0x80	; 128
   00B7 00                  237 	.db #0x00	; 0
   00B8 40                  238 	.db #0x40	; 64
   00B9 42                  239 	.db #0x42	; 66	'B'
   00BA 06                  240 	.db #0x06	; 6
   00BB 4C                  241 	.db #0x4c	; 76	'L'
   00BC CC                  242 	.db #0xcc	; 204
   00BD CC                  243 	.db #0xcc	; 204
   00BE 80                  244 	.db #0x80	; 128
   00BF 00                  245 	.db #0x00	; 0
   00C0 00                  246 	.db #0x00	; 0
   00C1 81                  247 	.db #0x81	; 129
   00C2 C2                  248 	.db #0xc2	; 194
   00C3 43                  249 	.db #0x43	; 67	'C'
   00C4 CB                  250 	.db #0xcb	; 203
   00C5 42                  251 	.db #0x42	; 66	'B'
   00C6 40                  252 	.db #0x40	; 64
   00C7 40                  253 	.db #0x40	; 64
   00C8 40                  254 	.db #0x40	; 64
   00C9 57                  255 	.db #0x57	; 87	'W'
   00CA 83                  256 	.db #0x83	; 131
   00CB 06                  257 	.db #0x06	; 6
   00CC CC                  258 	.db #0xcc	; 204
   00CD 06                  259 	.db #0x06	; 6
   00CE 91                  260 	.db #0x91	; 145
   00CF D1                  261 	.db #0xd1	; 209
   00D0 40                  262 	.db #0x40	; 64
   00D1 16                  263 	.db #0x16	; 22
   00D2 46                  264 	.db #0x46	; 70	'F'
   00D3 B4                  265 	.db #0xb4	; 180
   00D4 73                  266 	.db #0x73	; 115	's'
   00D5 39                  267 	.db #0x39	; 57	'9'
   00D6 73                  268 	.db #0x73	; 115	's'
   00D7 33                  269 	.db #0x33	; 51	'3'
   00D8 40                  270 	.db #0x40	; 64
   00D9 43                  271 	.db #0x43	; 67	'C'
   00DA 06                  272 	.db #0x06	; 6
   00DB 70                  273 	.db #0x70	; 112	'p'
   00DC 33                  274 	.db #0x33	; 51	'3'
   00DD E4                  275 	.db #0xe4	; 228
   00DE 99                  276 	.db #0x99	; 153
   00DF 91                  277 	.db #0x91	; 145
   00E0 00                  278 	.db #0x00	; 0
   00E1 81                  279 	.db #0x81	; 129
   00E2 03                  280 	.db #0x03	; 3
   00E3 CC                  281 	.db #0xcc	; 204
   00E4 99                  282 	.db #0x99	; 153
   00E5 C0                  283 	.db #0xc0	; 192
   00E6 C0                  284 	.db #0xc0	; 192
   00E7 40                  285 	.db #0x40	; 64
   00E8 00                  286 	.db #0x00	; 0
   00E9 84                  287 	.db #0x84	; 132
   00EA 84                  288 	.db #0x84	; 132
   00EB 48                  289 	.db #0x48	; 72	'H'
   00EC 66                  290 	.db #0x66	; 102	'f'
   00ED 80                  291 	.db #0x80	; 128
   00EE 00                  292 	.db #0x00	; 0
   00EF 00                  293 	.db #0x00	; 0
   00F0 00                  294 	.db #0x00	; 0
   00F1 84                  295 	.db #0x84	; 132
   00F2 06                  296 	.db #0x06	; 6
   00F3 C0                  297 	.db #0xc0	; 192
   00F4 C7                  298 	.db #0xc7	; 199
   00F5 C0                  299 	.db #0xc0	; 192
   00F6 00                  300 	.db #0x00	; 0
   00F7 00                  301 	.db #0x00	; 0
   00F8 00                  302 	.db #0x00	; 0
   00F9 84                  303 	.db #0x84	; 132
   00FA C0                  304 	.db #0xc0	; 192
   00FB 40                  305 	.db #0x40	; 64
   00FC CC                  306 	.db #0xcc	; 204
   00FD C8                  307 	.db #0xc8	; 200
   00FE 00                  308 	.db #0x00	; 0
   00FF 00                  309 	.db #0x00	; 0
   0100                     310 _g_player_2:
   0100 00                  311 	.db #0x00	; 0
   0101 00                  312 	.db #0x00	; 0
   0102 80                  313 	.db #0x80	; 128
   0103 40                  314 	.db #0x40	; 64
   0104 C0                  315 	.db #0xc0	; 192
   0105 80                  316 	.db #0x80	; 128
   0106 00                  317 	.db #0x00	; 0
   0107 00                  318 	.db #0x00	; 0
   0108 00                  319 	.db #0x00	; 0
   0109 40                  320 	.db #0x40	; 64
   010A C8                  321 	.db #0xc8	; 200
   010B 84                  322 	.db #0x84	; 132
   010C 0C                  323 	.db #0x0c	; 12
   010D 48                  324 	.db #0x48	; 72	'H'
   010E 00                  325 	.db #0x00	; 0
   010F 00                  326 	.db #0x00	; 0
   0110 00                  327 	.db #0x00	; 0
   0111 40                  328 	.db #0x40	; 64
   0112 CA                  329 	.db #0xca	; 202
   0113 4C                  330 	.db #0x4c	; 76	'L'
   0114 CC                  331 	.db #0xcc	; 204
   0115 8C                  332 	.db #0x8c	; 140
   0116 80                  333 	.db #0x80	; 128
   0117 00                  334 	.db #0x00	; 0
   0118 00                  335 	.db #0x00	; 0
   0119 40                  336 	.db #0x40	; 64
   011A 8E                  337 	.db #0x8e	; 142
   011B 8C                  338 	.db #0x8c	; 140
   011C CC                  339 	.db #0xcc	; 204
   011D 0C                  340 	.db #0x0c	; 12
   011E 80                  341 	.db #0x80	; 128
   011F 00                  342 	.db #0x00	; 0
   0120 00                  343 	.db #0x00	; 0
   0121 C1                  344 	.db #0xc1	; 193
   0122 84                  345 	.db #0x84	; 132
   0123 4C                  346 	.db #0x4c	; 76	'L'
   0124 8C                  347 	.db #0x8c	; 140
   0125 98                  348 	.db #0x98	; 152
   0126 80                  349 	.db #0x80	; 128
   0127 00                  350 	.db #0x00	; 0
   0128 00                  351 	.db #0x00	; 0
   0129 C1                  352 	.db #0xc1	; 193
   012A 84                  353 	.db #0x84	; 132
   012B CC                  354 	.db #0xcc	; 204
   012C 8C                  355 	.db #0x8c	; 140
   012D 38                  356 	.db #0x38	; 56	'8'
   012E 80                  357 	.db #0x80	; 128
   012F 00                  358 	.db #0x00	; 0
   0130 00                  359 	.db #0x00	; 0
   0131 81                  360 	.db #0x81	; 129
   0132 84                  361 	.db #0x84	; 132
   0133 4C                  362 	.db #0x4c	; 76	'L'
   0134 CC                  363 	.db #0xcc	; 204
   0135 0C                  364 	.db #0x0c	; 12
   0136 80                  365 	.db #0x80	; 128
   0137 00                  366 	.db #0x00	; 0
   0138 00                  367 	.db #0x00	; 0
   0139 81                  368 	.db #0x81	; 129
   013A 84                  369 	.db #0x84	; 132
   013B 0C                  370 	.db #0x0c	; 12
   013C CC                  371 	.db #0xcc	; 204
   013D 8C                  372 	.db #0x8c	; 140
   013E 80                  373 	.db #0x80	; 128
   013F 80                  374 	.db #0x80	; 128
   0140 00                  375 	.db #0x00	; 0
   0141 40                  376 	.db #0x40	; 64
   0142 42                  377 	.db #0x42	; 66	'B'
   0143 81                  378 	.db #0x81	; 129
   0144 C7                  379 	.db #0xc7	; 199
   0145 42                  380 	.db #0x42	; 66	'B'
   0146 62                  381 	.db #0x62	; 98	'b'
   0147 62                  382 	.db #0x62	; 98	'b'
   0148 00                  383 	.db #0x00	; 0
   0149 81                  384 	.db #0x81	; 129
   014A DF                  385 	.db #0xdf	; 223
   014B 34                  386 	.db #0x34	; 52	'4'
   014C 73                  387 	.db #0x73	; 115	's'
   014D 39                  388 	.db #0x39	; 57	'9'
   014E B3                  389 	.db #0xb3	; 179
   014F 62                  390 	.db #0x62	; 98	'b'
   0150 00                  391 	.db #0x00	; 0
   0151 81                  392 	.db #0x81	; 129
   0152 96                  393 	.db #0x96	; 150
   0153 70                  394 	.db #0x70	; 112	'p'
   0154 33                  395 	.db #0x33	; 51	'3'
   0155 B1                  396 	.db #0xb1	; 177
   0156 19                  397 	.db #0x19	; 25
   0157 80                  398 	.db #0x80	; 128
   0158 00                  399 	.db #0x00	; 0
   0159 81                  400 	.db #0x81	; 129
   015A C3                  401 	.db #0xc3	; 195
   015B 4C                  402 	.db #0x4c	; 76	'L'
   015C 19                  403 	.db #0x19	; 25
   015D C8                  404 	.db #0xc8	; 200
   015E C0                  405 	.db #0xc0	; 192
   015F 00                  406 	.db #0x00	; 0
   0160 00                  407 	.db #0x00	; 0
   0161 40                  408 	.db #0x40	; 64
   0162 03                  409 	.db #0x03	; 3
   0163 19                  410 	.db #0x19	; 25
   0164 8C                  411 	.db #0x8c	; 140
   0165 80                  412 	.db #0x80	; 128
   0166 00                  413 	.db #0x00	; 0
   0167 00                  414 	.db #0x00	; 0
   0168 00                  415 	.db #0x00	; 0
   0169 40                  416 	.db #0x40	; 64
   016A C9                  417 	.db #0xc9	; 201
   016B CC                  418 	.db #0xcc	; 204
   016C 0C                  419 	.db #0x0c	; 12
   016D 80                  420 	.db #0x80	; 128
   016E 00                  421 	.db #0x00	; 0
   016F 00                  422 	.db #0x00	; 0
   0170 00                  423 	.db #0x00	; 0
   0171 40                  424 	.db #0x40	; 64
   0172 CD                  425 	.db #0xcd	; 205
   0173 C8                  426 	.db #0xc8	; 200
   0174 03                  427 	.db #0x03	; 3
   0175 C0                  428 	.db #0xc0	; 192
   0176 00                  429 	.db #0x00	; 0
   0177 00                  430 	.db #0x00	; 0
   0178 00                  431 	.db #0x00	; 0
   0179 40                  432 	.db #0x40	; 64
   017A C8                  433 	.db #0xc8	; 200
   017B C0                  434 	.db #0xc0	; 192
   017C 0C                  435 	.db #0x0c	; 12
   017D 48                  436 	.db #0x48	; 72	'H'
   017E 00                  437 	.db #0x00	; 0
   017F 00                  438 	.db #0x00	; 0
   0180                     439 _g_player_3:
   0180 40                  440 	.db #0x40	; 64
   0181 C8                  441 	.db #0xc8	; 200
   0182 00                  442 	.db #0x00	; 0
   0183 84                  443 	.db #0x84	; 132
   0184 0C                  444 	.db #0x0c	; 12
   0185 0C                  445 	.db #0x0c	; 12
   0186 80                  446 	.db #0x80	; 128
   0187 00                  447 	.db #0x00	; 0
   0188 40                  448 	.db #0x40	; 64
   0189 CA                  449 	.db #0xca	; 202
   018A 40                  450 	.db #0x40	; 64
   018B 4C                  451 	.db #0x4c	; 76	'L'
   018C CC                  452 	.db #0xcc	; 204
   018D CC                  453 	.db #0xcc	; 204
   018E 48                  454 	.db #0x48	; 72	'H'
   018F 00                  455 	.db #0x00	; 0
   0190 40                  456 	.db #0x40	; 64
   0191 CA                  457 	.db #0xca	; 202
   0192 84                  458 	.db #0x84	; 132
   0193 8C                  459 	.db #0x8c	; 140
   0194 8C                  460 	.db #0x8c	; 140
   0195 0C                  461 	.db #0x0c	; 12
   0196 48                  462 	.db #0x48	; 72	'H'
   0197 00                  463 	.db #0x00	; 0
   0198 00                  464 	.db #0x00	; 0
   0199 C1                  465 	.db #0xc1	; 193
   019A 84                  466 	.db #0x84	; 132
   019B 4C                  467 	.db #0x4c	; 76	'L'
   019C 1C                  468 	.db #0x1c	; 28
   019D D8                  469 	.db #0xd8	; 216
   019E 60                  470 	.db #0x60	; 96
   019F 80                  471 	.db #0x80	; 128
   01A0 00                  472 	.db #0x00	; 0
   01A1 C1                  473 	.db #0xc1	; 193
   01A2 84                  474 	.db #0x84	; 132
   01A3 CC                  475 	.db #0xcc	; 204
   01A4 1C                  476 	.db #0x1c	; 28
   01A5 E4                  477 	.db #0xe4	; 228
   01A6 60                  478 	.db #0x60	; 96
   01A7 62                  479 	.db #0x62	; 98	'b'
   01A8 00                  480 	.db #0x00	; 0
   01A9 81                  481 	.db #0x81	; 129
   01AA 84                  482 	.db #0x84	; 132
   01AB 4C                  483 	.db #0x4c	; 76	'L'
   01AC 8C                  484 	.db #0x8c	; 140
   01AD 0C                  485 	.db #0x0c	; 12
   01AE D1                  486 	.db #0xd1	; 209
   01AF 73                  487 	.db #0x73	; 115	's'
   01B0 00                  488 	.db #0x00	; 0
   01B1 C1                  489 	.db #0xc1	; 193
   01B2 81                  490 	.db #0x81	; 129
   01B3 0C                  491 	.db #0x0c	; 12
   01B4 CC                  492 	.db #0xcc	; 204
   01B5 CC                  493 	.db #0xcc	; 204
   01B6 33                  494 	.db #0x33	; 51	'3'
   01B7 C0                  495 	.db #0xc0	; 192
   01B8 00                  496 	.db #0x00	; 0
   01B9 40                  497 	.db #0x40	; 64
   01BA 43                  498 	.db #0x43	; 67	'C'
   01BB 81                  499 	.db #0x81	; 129
   01BC C7                  500 	.db #0xc7	; 199
   01BD 83                  501 	.db #0x83	; 131
   01BE 66                  502 	.db #0x66	; 102	'f'
   01BF 80                  503 	.db #0x80	; 128
   01C0 00                  504 	.db #0x00	; 0
   01C1 81                  505 	.db #0x81	; 129
   01C2 EB                  506 	.db #0xeb	; 235
   01C3 81                  507 	.db #0x81	; 129
   01C4 39                  508 	.db #0x39	; 57	'9'
   01C5 B6                  509 	.db #0xb6	; 182
   01C6 62                  510 	.db #0x62	; 98	'b'
   01C7 00                  511 	.db #0x00	; 0
   01C8 00                  512 	.db #0x00	; 0
   01C9 81                  513 	.db #0x81	; 129
   01CA 29                  514 	.db #0x29	; 41
   01CB D8                  515 	.db #0xd8	; 216
   01CC 39                  516 	.db #0x39	; 57	'9'
   01CD 72                  517 	.db #0x72	; 114	'r'
   01CE C0                  518 	.db #0xc0	; 192
   01CF 80                  519 	.db #0x80	; 128
   01D0 00                  520 	.db #0x00	; 0
   01D1 81                  521 	.db #0x81	; 129
   01D2 C3                  522 	.db #0xc3	; 195
   01D3 4C                  523 	.db #0x4c	; 76	'L'
   01D4 64                  524 	.db #0x64	; 100	'd'
   01D5 33                  525 	.db #0x33	; 51	'3'
   01D6 C4                  526 	.db #0xc4	; 196
   01D7 80                  527 	.db #0x80	; 128
   01D8 00                  528 	.db #0x00	; 0
   01D9 84                  529 	.db #0x84	; 132
   01DA 03                  530 	.db #0x03	; 3
   01DB 06                  531 	.db #0x06	; 6
   01DC 8C                  532 	.db #0x8c	; 140
   01DD 4C                  533 	.db #0x4c	; 76	'L'
   01DE CE                  534 	.db #0xce	; 206
   01DF 80                  535 	.db #0x80	; 128
   01E0 00                  536 	.db #0x00	; 0
   01E1 84                  537 	.db #0x84	; 132
   01E2 06                  538 	.db #0x06	; 6
   01E3 0C                  539 	.db #0x0c	; 12
   01E4 C0                  540 	.db #0xc0	; 192
   01E5 CC                  541 	.db #0xcc	; 204
   01E6 C6                  542 	.db #0xc6	; 198
   01E7 80                  543 	.db #0x80	; 128
   01E8 00                  544 	.db #0x00	; 0
   01E9 84                  545 	.db #0x84	; 132
   01EA C0                  546 	.db #0xc0	; 192
   01EB C0                  547 	.db #0xc0	; 192
   01EC 00                  548 	.db #0x00	; 0
   01ED C0                  549 	.db #0xc0	; 192
   01EE C0                  550 	.db #0xc0	; 192
   01EF 00                  551 	.db #0x00	; 0
   01F0 00                  552 	.db #0x00	; 0
   01F1 C0                  553 	.db #0xc0	; 192
   01F2 00                  554 	.db #0x00	; 0
   01F3 00                  555 	.db #0x00	; 0
   01F4 00                  556 	.db #0x00	; 0
   01F5 00                  557 	.db #0x00	; 0
   01F6 00                  558 	.db #0x00	; 0
   01F7 00                  559 	.db #0x00	; 0
   01F8 00                  560 	.db #0x00	; 0
   01F9 00                  561 	.db #0x00	; 0
   01FA 00                  562 	.db #0x00	; 0
   01FB 00                  563 	.db #0x00	; 0
   01FC 00                  564 	.db #0x00	; 0
   01FD 00                  565 	.db #0x00	; 0
   01FE 00                  566 	.db #0x00	; 0
   01FF 00                  567 	.db #0x00	; 0
   0200                     568 _g_player_4:
   0200 00                  569 	.db #0x00	; 0
   0201 40                  570 	.db #0x40	; 64
   0202 C8                  571 	.db #0xc8	; 200
   0203 84                  572 	.db #0x84	; 132
   0204 0C                  573 	.db #0x0c	; 12
   0205 0C                  574 	.db #0x0c	; 12
   0206 80                  575 	.db #0x80	; 128
   0207 00                  576 	.db #0x00	; 0
   0208 00                  577 	.db #0x00	; 0
   0209 40                  578 	.db #0x40	; 64
   020A CA                  579 	.db #0xca	; 202
   020B 4C                  580 	.db #0x4c	; 76	'L'
   020C CC                  581 	.db #0xcc	; 204
   020D CC                  582 	.db #0xcc	; 204
   020E 48                  583 	.db #0x48	; 72	'H'
   020F 00                  584 	.db #0x00	; 0
   0210 00                  585 	.db #0x00	; 0
   0211 40                  586 	.db #0x40	; 64
   0212 8E                  587 	.db #0x8e	; 142
   0213 8C                  588 	.db #0x8c	; 140
   0214 8C                  589 	.db #0x8c	; 140
   0215 0C                  590 	.db #0x0c	; 12
   0216 48                  591 	.db #0x48	; 72	'H'
   0217 00                  592 	.db #0x00	; 0
   0218 00                  593 	.db #0x00	; 0
   0219 C1                  594 	.db #0xc1	; 193
   021A 84                  595 	.db #0x84	; 132
   021B 4C                  596 	.db #0x4c	; 76	'L'
   021C 1C                  597 	.db #0x1c	; 28
   021D D8                  598 	.db #0xd8	; 216
   021E 60                  599 	.db #0x60	; 96
   021F 80                  600 	.db #0x80	; 128
   0220 00                  601 	.db #0x00	; 0
   0221 C1                  602 	.db #0xc1	; 193
   0222 84                  603 	.db #0x84	; 132
   0223 CC                  604 	.db #0xcc	; 204
   0224 1C                  605 	.db #0x1c	; 28
   0225 E4                  606 	.db #0xe4	; 228
   0226 60                  607 	.db #0x60	; 96
   0227 62                  608 	.db #0x62	; 98	'b'
   0228 00                  609 	.db #0x00	; 0
   0229 81                  610 	.db #0x81	; 129
   022A 84                  611 	.db #0x84	; 132
   022B 4C                  612 	.db #0x4c	; 76	'L'
   022C 8C                  613 	.db #0x8c	; 140
   022D 0C                  614 	.db #0x0c	; 12
   022E D1                  615 	.db #0xd1	; 209
   022F 73                  616 	.db #0x73	; 115	's'
   0230 00                  617 	.db #0x00	; 0
   0231 C1                  618 	.db #0xc1	; 193
   0232 81                  619 	.db #0x81	; 129
   0233 0C                  620 	.db #0x0c	; 12
   0234 CC                  621 	.db #0xcc	; 204
   0235 CC                  622 	.db #0xcc	; 204
   0236 33                  623 	.db #0x33	; 51	'3'
   0237 C0                  624 	.db #0xc0	; 192
   0238 00                  625 	.db #0x00	; 0
   0239 40                  626 	.db #0x40	; 64
   023A 43                  627 	.db #0x43	; 67	'C'
   023B 81                  628 	.db #0x81	; 129
   023C C7                  629 	.db #0xc7	; 199
   023D 83                  630 	.db #0x83	; 131
   023E 66                  631 	.db #0x66	; 102	'f'
   023F 80                  632 	.db #0x80	; 128
   0240 00                  633 	.db #0x00	; 0
   0241 81                  634 	.db #0x81	; 129
   0242 EB                  635 	.db #0xeb	; 235
   0243 81                  636 	.db #0x81	; 129
   0244 39                  637 	.db #0x39	; 57	'9'
   0245 B6                  638 	.db #0xb6	; 182
   0246 62                  639 	.db #0x62	; 98	'b'
   0247 00                  640 	.db #0x00	; 0
   0248 00                  641 	.db #0x00	; 0
   0249 81                  642 	.db #0x81	; 129
   024A 29                  643 	.db #0x29	; 41
   024B D8                  644 	.db #0xd8	; 216
   024C 39                  645 	.db #0x39	; 57	'9'
   024D 72                  646 	.db #0x72	; 114	'r'
   024E C0                  647 	.db #0xc0	; 192
   024F 80                  648 	.db #0x80	; 128
   0250 00                  649 	.db #0x00	; 0
   0251 81                  650 	.db #0x81	; 129
   0252 C3                  651 	.db #0xc3	; 195
   0253 4C                  652 	.db #0x4c	; 76	'L'
   0254 64                  653 	.db #0x64	; 100	'd'
   0255 33                  654 	.db #0x33	; 51	'3'
   0256 C4                  655 	.db #0xc4	; 196
   0257 80                  656 	.db #0x80	; 128
   0258 00                  657 	.db #0x00	; 0
   0259 84                  658 	.db #0x84	; 132
   025A 03                  659 	.db #0x03	; 3
   025B 06                  660 	.db #0x06	; 6
   025C 8C                  661 	.db #0x8c	; 140
   025D 4C                  662 	.db #0x4c	; 76	'L'
   025E CE                  663 	.db #0xce	; 206
   025F 80                  664 	.db #0x80	; 128
   0260 00                  665 	.db #0x00	; 0
   0261 84                  666 	.db #0x84	; 132
   0262 06                  667 	.db #0x06	; 6
   0263 0C                  668 	.db #0x0c	; 12
   0264 C0                  669 	.db #0xc0	; 192
   0265 CC                  670 	.db #0xcc	; 204
   0266 C6                  671 	.db #0xc6	; 198
   0267 80                  672 	.db #0x80	; 128
   0268 00                  673 	.db #0x00	; 0
   0269 84                  674 	.db #0x84	; 132
   026A C0                  675 	.db #0xc0	; 192
   026B C0                  676 	.db #0xc0	; 192
   026C 00                  677 	.db #0x00	; 0
   026D C0                  678 	.db #0xc0	; 192
   026E C0                  679 	.db #0xc0	; 192
   026F 00                  680 	.db #0x00	; 0
   0270 00                  681 	.db #0x00	; 0
   0271 C0                  682 	.db #0xc0	; 192
   0272 00                  683 	.db #0x00	; 0
   0273 00                  684 	.db #0x00	; 0
   0274 00                  685 	.db #0x00	; 0
   0275 00                  686 	.db #0x00	; 0
   0276 00                  687 	.db #0x00	; 0
   0277 00                  688 	.db #0x00	; 0
   0278 00                  689 	.db #0x00	; 0
   0279 00                  690 	.db #0x00	; 0
   027A 00                  691 	.db #0x00	; 0
   027B 00                  692 	.db #0x00	; 0
   027C 00                  693 	.db #0x00	; 0
   027D 00                  694 	.db #0x00	; 0
   027E 00                  695 	.db #0x00	; 0
   027F 00                  696 	.db #0x00	; 0
   0280                     697 _g_player_5:
   0280 40                  698 	.db #0x40	; 64
   0281 00                  699 	.db #0x00	; 0
   0282 40                  700 	.db #0x40	; 64
   0283 C0                  701 	.db #0xc0	; 192
   0284 C0                  702 	.db #0xc0	; 192
   0285 00                  703 	.db #0x00	; 0
   0286 00                  704 	.db #0x00	; 0
   0287 00                  705 	.db #0x00	; 0
   0288 C4                  706 	.db #0xc4	; 196
   0289 80                  707 	.db #0x80	; 128
   028A 84                  708 	.db #0x84	; 132
   028B 0C                  709 	.db #0x0c	; 12
   028C 4C                  710 	.db #0x4c	; 76	'L'
   028D 80                  711 	.db #0x80	; 128
   028E 00                  712 	.db #0x00	; 0
   028F 00                  713 	.db #0x00	; 0
   0290 CA                  714 	.db #0xca	; 202
   0291 40                  715 	.db #0x40	; 64
   0292 4C                  716 	.db #0x4c	; 76	'L'
   0293 CC                  717 	.db #0xcc	; 204
   0294 DD                  718 	.db #0xdd	; 221
   0295 EA                  719 	.db #0xea	; 234
   0296 00                  720 	.db #0x00	; 0
   0297 00                  721 	.db #0x00	; 0
   0298 CA                  722 	.db #0xca	; 202
   0299 84                  723 	.db #0x84	; 132
   029A 8C                  724 	.db #0x8c	; 140
   029B CC                  725 	.db #0xcc	; 204
   029C 0C                  726 	.db #0x0c	; 12
   029D 48                  727 	.db #0x48	; 72	'H'
   029E 00                  728 	.db #0x00	; 0
   029F 00                  729 	.db #0x00	; 0
   02A0 C2                  730 	.db #0xc2	; 194
   02A1 84                  731 	.db #0x84	; 132
   02A2 4C                  732 	.db #0x4c	; 76	'L'
   02A3 8C                  733 	.db #0x8c	; 140
   02A4 6C                  734 	.db #0x6c	; 108	'l'
   02A5 EA                  735 	.db #0xea	; 234
   02A6 00                  736 	.db #0x00	; 0
   02A7 00                  737 	.db #0x00	; 0
   02A8 C2                  738 	.db #0xc2	; 194
   02A9 84                  739 	.db #0x84	; 132
   02AA CC                  740 	.db #0xcc	; 204
   02AB 8C                  741 	.db #0x8c	; 140
   02AC 6C                  742 	.db #0x6c	; 108	'l'
   02AD EA                  743 	.db #0xea	; 234
   02AE 00                  744 	.db #0x00	; 0
   02AF 00                  745 	.db #0x00	; 0
   02B0 81                  746 	.db #0x81	; 129
   02B1 84                  747 	.db #0x84	; 132
   02B2 4C                  748 	.db #0x4c	; 76	'L'
   02B3 CC                  749 	.db #0xcc	; 204
   02B4 B4                  750 	.db #0xb4	; 180
   02B5 C8                  751 	.db #0xc8	; 200
   02B6 00                  752 	.db #0x00	; 0
   02B7 00                  753 	.db #0x00	; 0
   02B8 81                  754 	.db #0x81	; 129
   02B9 81                  755 	.db #0x81	; 129
   02BA 0C                  756 	.db #0x0c	; 12
   02BB EE                  757 	.db #0xee	; 238
   02BC CC                  758 	.db #0xcc	; 204
   02BD EA                  759 	.db #0xea	; 234
   02BE 40                  760 	.db #0x40	; 64
   02BF 00                  761 	.db #0x00	; 0
   02C0 C0                  762 	.db #0xc0	; 192
   02C1 43                  763 	.db #0x43	; 67	'C'
   02C2 95                  764 	.db #0x95	; 149
   02C3 C7                  765 	.db #0xc7	; 199
   02C4 83                  766 	.db #0x83	; 131
   02C5 51                  767 	.db #0x51	; 81	'Q'
   02C6 D5                  768 	.db #0xd5	; 213
   02C7 80                  769 	.db #0x80	; 128
   02C8 40                  770 	.db #0x40	; 64
   02C9 D7                  771 	.db #0xd7	; 215
   02CA B4                  772 	.db #0xb4	; 180
   02CB 73                  773 	.db #0x73	; 115	's'
   02CC 39                  774 	.db #0x39	; 57	'9'
   02CD 33                  775 	.db #0x33	; 51	'3'
   02CE DD                  776 	.db #0xdd	; 221
   02CF 80                  777 	.db #0x80	; 128
   02D0 40                  778 	.db #0x40	; 64
   02D1 16                  779 	.db #0x16	; 22
   02D2 F0                  780 	.db #0xf0	; 240
   02D3 33                  781 	.db #0x33	; 51	'3'
   02D4 A4                  782 	.db #0xa4	; 164
   02D5 D9                  783 	.db #0xd9	; 217
   02D6 D5                  784 	.db #0xd5	; 213
   02D7 80                  785 	.db #0x80	; 128
   02D8 40                  786 	.db #0x40	; 64
   02D9 43                  787 	.db #0x43	; 67	'C'
   02DA 24                  788 	.db #0x24	; 36
   02DB 99                  789 	.db #0x99	; 153
   02DC DD                  790 	.db #0xdd	; 221
   02DD C0                  791 	.db #0xc0	; 192
   02DE 40                  792 	.db #0x40	; 64
   02DF 00                  793 	.db #0x00	; 0
   02E0 00                  794 	.db #0x00	; 0
   02E1 81                  795 	.db #0x81	; 129
   02E2 C6                  796 	.db #0xc6	; 198
   02E3 66                  797 	.db #0x66	; 102	'f'
   02E4 DD                  798 	.db #0xdd	; 221
   02E5 80                  799 	.db #0x80	; 128
   02E6 00                  800 	.db #0x00	; 0
   02E7 00                  801 	.db #0x00	; 0
   02E8 00                  802 	.db #0x00	; 0
   02E9 40                  803 	.db #0x40	; 64
   02EA 84                  804 	.db #0x84	; 132
   02EB 4C                  805 	.db #0x4c	; 76	'L'
   02EC EA                  806 	.db #0xea	; 234
   02ED 00                  807 	.db #0x00	; 0
   02EE 00                  808 	.db #0x00	; 0
   02EF 00                  809 	.db #0x00	; 0
   02F0 00                  810 	.db #0x00	; 0
   02F1 00                  811 	.db #0x00	; 0
   02F2 81                  812 	.db #0x81	; 129
   02F3 43                  813 	.db #0x43	; 67	'C'
   02F4 CA                  814 	.db #0xca	; 202
   02F5 80                  815 	.db #0x80	; 128
   02F6 00                  816 	.db #0x00	; 0
   02F7 00                  817 	.db #0x00	; 0
   02F8 00                  818 	.db #0x00	; 0
   02F9 00                  819 	.db #0x00	; 0
   02FA 84                  820 	.db #0x84	; 132
   02FB 4C                  821 	.db #0x4c	; 76	'L'
   02FC DD                  822 	.db #0xdd	; 221
   02FD 80                  823 	.db #0x80	; 128
   02FE 00                  824 	.db #0x00	; 0
   02FF 00                  825 	.db #0x00	; 0
   0300                     826 _g_player_6:
   0300 00                  827 	.db #0x00	; 0
   0301 00                  828 	.db #0x00	; 0
   0302 40                  829 	.db #0x40	; 64
   0303 84                  830 	.db #0x84	; 132
   0304 AE                  831 	.db #0xae	; 174
   0305 C0                  832 	.db #0xc0	; 192
   0306 00                  833 	.db #0x00	; 0
   0307 00                  834 	.db #0x00	; 0
   0308 00                  835 	.db #0x00	; 0
   0309 00                  836 	.db #0x00	; 0
   030A 84                  837 	.db #0x84	; 132
   030B CC                  838 	.db #0xcc	; 204
   030C CE                  839 	.db #0xce	; 206
   030D 8C                  840 	.db #0x8c	; 140
   030E 80                  841 	.db #0x80	; 128
   030F 00                  842 	.db #0x00	; 0
   0310 00                  843 	.db #0x00	; 0
   0311 40                  844 	.db #0x40	; 64
   0312 4C                  845 	.db #0x4c	; 76	'L'
   0313 4C                  846 	.db #0x4c	; 76	'L'
   0314 CE                  847 	.db #0xce	; 206
   0315 33                  848 	.db #0x33	; 51	'3'
   0316 E2                  849 	.db #0xe2	; 226
   0317 00                  850 	.db #0x00	; 0
   0318 00                  851 	.db #0x00	; 0
   0319 40                  852 	.db #0x40	; 64
   031A 0C                  853 	.db #0x0c	; 12
   031B CC                  854 	.db #0xcc	; 204
   031C C6                  855 	.db #0xc6	; 198
   031D 99                  856 	.db #0x99	; 153
   031E 80                  857 	.db #0x80	; 128
   031F 00                  858 	.db #0x00	; 0
   0320 00                  859 	.db #0x00	; 0
   0321 40                  860 	.db #0x40	; 64
   0322 4C                  861 	.db #0x4c	; 76	'L'
   0323 4C                  862 	.db #0x4c	; 76	'L'
   0324 C6                  863 	.db #0xc6	; 198
   0325 33                  864 	.db #0x33	; 51	'3'
   0326 E2                  865 	.db #0xe2	; 226
   0327 00                  866 	.db #0x00	; 0
   0328 00                  867 	.db #0x00	; 0
   0329 C4                  868 	.db #0xc4	; 196
   032A 0C                  869 	.db #0x0c	; 12
   032B CC                  870 	.db #0xcc	; 204
   032C 46                  871 	.db #0x46	; 70	'F'
   032D 99                  872 	.db #0x99	; 153
   032E 48                  873 	.db #0x48	; 72	'H'
   032F 80                  874 	.db #0x80	; 128
   0330 00                  875 	.db #0x00	; 0
   0331 84                  876 	.db #0x84	; 132
   0332 8C                  877 	.db #0x8c	; 140
   0333 4D                  878 	.db #0x4d	; 77	'M'
   0334 43                  879 	.db #0x43	; 67	'C'
   0335 D8                  880 	.db #0xd8	; 216
   0336 CC                  881 	.db #0xcc	; 204
   0337 80                  882 	.db #0x80	; 128
   0338 00                  883 	.db #0x00	; 0
   0339 C4                  884 	.db #0xc4	; 196
   033A 09                  885 	.db #0x09	; 9
   033B 8B                  886 	.db #0x8b	; 139
   033C 81                  887 	.db #0x81	; 129
   033D DA                  888 	.db #0xda	; 218
   033E 8C                  889 	.db #0x8c	; 140
   033F 80                  890 	.db #0x80	; 128
   0340 00                  891 	.db #0x00	; 0
   0341 40                  892 	.db #0x40	; 64
   0342 0C                  893 	.db #0x0c	; 12
   0343 87                  894 	.db #0x87	; 135
   0344 7F                  895 	.db #0x7f	; 127
   0345 53                  896 	.db #0x53	; 83	'S'
   0346 C8                  897 	.db #0xc8	; 200
   0347 00                  898 	.db #0x00	; 0
   0348 00                  899 	.db #0x00	; 0
   0349 00                  900 	.db #0x00	; 0
   034A C4                  901 	.db #0xc4	; 196
   034B D2                  902 	.db #0xd2	; 210
   034C 34                  903 	.db #0x34	; 52	'4'
   034D 93                  904 	.db #0x93	; 147
   034E 48                  905 	.db #0x48	; 72	'H'
   034F 00                  906 	.db #0x00	; 0
   0350 00                  907 	.db #0x00	; 0
   0351 00                  908 	.db #0x00	; 0
   0352 84                  909 	.db #0x84	; 132
   0353 03                  910 	.db #0x03	; 3
   0354 83                  911 	.db #0x83	; 131
   0355 13                  912 	.db #0x13	; 19
   0356 80                  913 	.db #0x80	; 128
   0357 00                  914 	.db #0x00	; 0
   0358 00                  915 	.db #0x00	; 0
   0359 00                  916 	.db #0x00	; 0
   035A C1                  917 	.db #0xc1	; 193
   035B C9                  918 	.db #0xc9	; 201
   035C 03                  919 	.db #0x03	; 3
   035D 1C                  920 	.db #0x1c	; 28
   035E 80                  921 	.db #0x80	; 128
   035F 00                  922 	.db #0x00	; 0
   0360 00                  923 	.db #0x00	; 0
   0361 00                  924 	.db #0x00	; 0
   0362 40                  925 	.db #0x40	; 64
   0363 0C                  926 	.db #0x0c	; 12
   0364 84                  927 	.db #0x84	; 132
   0365 D8                  928 	.db #0xd8	; 216
   0366 80                  929 	.db #0x80	; 128
   0367 00                  930 	.db #0x00	; 0
   0368 00                  931 	.db #0x00	; 0
   0369 00                  932 	.db #0x00	; 0
   036A 40                  933 	.db #0x40	; 64
   036B 43                  934 	.db #0x43	; 67	'C'
   036C 81                  935 	.db #0x81	; 129
   036D C2                  936 	.db #0xc2	; 194
   036E 00                  937 	.db #0x00	; 0
   036F 00                  938 	.db #0x00	; 0
   0370 00                  939 	.db #0x00	; 0
   0371 00                  940 	.db #0x00	; 0
   0372 40                  941 	.db #0x40	; 64
   0373 4C                  942 	.db #0x4c	; 76	'L'
   0374 C4                  943 	.db #0xc4	; 196
   0375 C8                  944 	.db #0xc8	; 200
   0376 00                  945 	.db #0x00	; 0
   0377 00                  946 	.db #0x00	; 0
   0378 00                  947 	.db #0x00	; 0
   0379 00                  948 	.db #0x00	; 0
   037A 00                  949 	.db #0x00	; 0
   037B C0                  950 	.db #0xc0	; 192
   037C C0                  951 	.db #0xc0	; 192
   037D 80                  952 	.db #0x80	; 128
   037E 00                  953 	.db #0x00	; 0
   037F 00                  954 	.db #0x00	; 0
   0380                     955 _g_player_7:
   0380 00                  956 	.db #0x00	; 0
   0381 00                  957 	.db #0x00	; 0
   0382 40                  958 	.db #0x40	; 64
   0383 84                  959 	.db #0x84	; 132
   0384 5D                  960 	.db #0x5d	; 93
   0385 48                  961 	.db #0x48	; 72	'H'
   0386 80                  962 	.db #0x80	; 128
   0387 00                  963 	.db #0x00	; 0
   0388 00                  964 	.db #0x00	; 0
   0389 00                  965 	.db #0x00	; 0
   038A 84                  966 	.db #0x84	; 132
   038B CC                  967 	.db #0xcc	; 204
   038C CD                  968 	.db #0xcd	; 205
   038D 33                  969 	.db #0x33	; 51	'3'
   038E E2                  970 	.db #0xe2	; 226
   038F 00                  971 	.db #0x00	; 0
   0390 00                  972 	.db #0x00	; 0
   0391 40                  973 	.db #0x40	; 64
   0392 4C                  974 	.db #0x4c	; 76	'L'
   0393 4C                  975 	.db #0x4c	; 76	'L'
   0394 CD                  976 	.db #0xcd	; 205
   0395 99                  977 	.db #0x99	; 153
   0396 80                  978 	.db #0x80	; 128
   0397 00                  979 	.db #0x00	; 0
   0398 00                  980 	.db #0x00	; 0
   0399 40                  981 	.db #0x40	; 64
   039A 0C                  982 	.db #0x0c	; 12
   039B CC                  983 	.db #0xcc	; 204
   039C C6                  984 	.db #0xc6	; 198
   039D 33                  985 	.db #0x33	; 51	'3'
   039E E2                  986 	.db #0xe2	; 226
   039F 00                  987 	.db #0x00	; 0
   03A0 00                  988 	.db #0x00	; 0
   03A1 40                  989 	.db #0x40	; 64
   03A2 4C                  990 	.db #0x4c	; 76	'L'
   03A3 CC                  991 	.db #0xcc	; 204
   03A4 C6                  992 	.db #0xc6	; 198
   03A5 99                  993 	.db #0x99	; 153
   03A6 84                  994 	.db #0x84	; 132
   03A7 80                  995 	.db #0x80	; 128
   03A8 00                  996 	.db #0x00	; 0
   03A9 40                  997 	.db #0x40	; 64
   03AA 4C                  998 	.db #0x4c	; 76	'L'
   03AB CC                  999 	.db #0xcc	; 204
   03AC 46                 1000 	.db #0x46	; 70	'F'
   03AD D8                 1001 	.db #0xd8	; 216
   03AE 4C                 1002 	.db #0x4c	; 76	'L'
   03AF 80                 1003 	.db #0x80	; 128
   03B0 00                 1004 	.db #0x00	; 0
   03B1 84                 1005 	.db #0x84	; 132
   03B2 8C                 1006 	.db #0x8c	; 140
   03B3 CD                 1007 	.db #0xcd	; 205
   03B4 43                 1008 	.db #0x43	; 67	'C'
   03B5 D8                 1009 	.db #0xd8	; 216
   03B6 8C                 1010 	.db #0x8c	; 140
   03B7 80                 1011 	.db #0x80	; 128
   03B8 00                 1012 	.db #0x00	; 0
   03B9 84                 1013 	.db #0x84	; 132
   03BA 89                 1014 	.db #0x89	; 137
   03BB 8B                 1015 	.db #0x8b	; 139
   03BC 81                 1016 	.db #0x81	; 129
   03BD DB                 1017 	.db #0xdb	; 219
   03BE 48                 1018 	.db #0x48	; 72	'H'
   03BF 00                 1019 	.db #0x00	; 0
   03C0 00                 1020 	.db #0x00	; 0
   03C1 40                 1021 	.db #0x40	; 64
   03C2 8C                 1022 	.db #0x8c	; 140
   03C3 87                 1023 	.db #0x87	; 135
   03C4 7F                 1024 	.db #0x7f	; 127
   03C5 13                 1025 	.db #0x13	; 19
   03C6 80                 1026 	.db #0x80	; 128
   03C7 00                 1027 	.db #0x00	; 0
   03C8 00                 1028 	.db #0x00	; 0
   03C9 40                 1029 	.db #0x40	; 64
   03CA 4C                 1030 	.db #0x4c	; 76	'L'
   03CB D2                 1031 	.db #0xd2	; 210
   03CC 34                 1032 	.db #0x34	; 52	'4'
   03CD 93                 1033 	.db #0x93	; 147
   03CE 80                 1034 	.db #0x80	; 128
   03CF 00                 1035 	.db #0x00	; 0
   03D0 00                 1036 	.db #0x00	; 0
   03D1 00                 1037 	.db #0x00	; 0
   03D2 84                 1038 	.db #0x84	; 132
   03D3 03                 1039 	.db #0x03	; 3
   03D4 83                 1040 	.db #0x83	; 131
   03D5 16                 1041 	.db #0x16	; 22
   03D6 80                 1042 	.db #0x80	; 128
   03D7 00                 1043 	.db #0x00	; 0
   03D8 00                 1044 	.db #0x00	; 0
   03D9 00                 1045 	.db #0x00	; 0
   03DA C1                 1046 	.db #0xc1	; 193
   03DB C9                 1047 	.db #0xc9	; 201
   03DC 03                 1048 	.db #0x03	; 3
   03DD 58                 1049 	.db #0x58	; 88	'X'
   03DE 80                 1050 	.db #0x80	; 128
   03DF 00                 1051 	.db #0x00	; 0
   03E0 00                 1052 	.db #0x00	; 0
   03E1 00                 1053 	.db #0x00	; 0
   03E2 40                 1054 	.db #0x40	; 64
   03E3 4C                 1055 	.db #0x4c	; 76	'L'
   03E4 81                 1056 	.db #0x81	; 129
   03E5 C2                 1057 	.db #0xc2	; 194
   03E6 00                 1058 	.db #0x00	; 0
   03E7 00                 1059 	.db #0x00	; 0
   03E8 00                 1060 	.db #0x00	; 0
   03E9 00                 1061 	.db #0x00	; 0
   03EA 40                 1062 	.db #0x40	; 64
   03EB 43                 1063 	.db #0x43	; 67	'C'
   03EC C4                 1064 	.db #0xc4	; 196
   03ED C8                 1065 	.db #0xc8	; 200
   03EE 00                 1066 	.db #0x00	; 0
   03EF 00                 1067 	.db #0x00	; 0
   03F0 00                 1068 	.db #0x00	; 0
   03F1 00                 1069 	.db #0x00	; 0
   03F2 40                 1070 	.db #0x40	; 64
   03F3 4C                 1071 	.db #0x4c	; 76	'L'
   03F4 C0                 1072 	.db #0xc0	; 192
   03F5 80                 1073 	.db #0x80	; 128
   03F6 00                 1074 	.db #0x00	; 0
   03F7 00                 1075 	.db #0x00	; 0
   03F8 00                 1076 	.db #0x00	; 0
   03F9 00                 1077 	.db #0x00	; 0
   03FA 00                 1078 	.db #0x00	; 0
   03FB C0                 1079 	.db #0xc0	; 192
   03FC 00                 1080 	.db #0x00	; 0
   03FD 00                 1081 	.db #0x00	; 0
   03FE 00                 1082 	.db #0x00	; 0
   03FF 00                 1083 	.db #0x00	; 0
   0400                    1084 _g_player_8:
   0400 00                 1085 	.db #0x00	; 0
   0401 00                 1086 	.db #0x00	; 0
   0402 C0                 1087 	.db #0xc0	; 192
   0403 AE                 1088 	.db #0xae	; 174
   0404 48                 1089 	.db #0x48	; 72	'H'
   0405 80                 1090 	.db #0x80	; 128
   0406 00                 1091 	.db #0x00	; 0
   0407 00                 1092 	.db #0x00	; 0
   0408 00                 1093 	.db #0x00	; 0
   0409 40                 1094 	.db #0x40	; 64
   040A 4C                 1095 	.db #0x4c	; 76	'L'
   040B CE                 1096 	.db #0xce	; 206
   040C CC                 1097 	.db #0xcc	; 204
   040D 48                 1098 	.db #0x48	; 72	'H'
   040E 00                 1099 	.db #0x00	; 0
   040F 00                 1100 	.db #0x00	; 0
   0410 00                 1101 	.db #0x00	; 0
   0411 84                 1102 	.db #0x84	; 132
   0412 8C                 1103 	.db #0x8c	; 140
   0413 CE                 1104 	.db #0xce	; 206
   0414 99                 1105 	.db #0x99	; 153
   0415 73                 1106 	.db #0x73	; 115	's'
   0416 80                 1107 	.db #0x80	; 128
   0417 00                 1108 	.db #0x00	; 0
   0418 00                 1109 	.db #0x00	; 0
   0419 84                 1110 	.db #0x84	; 132
   041A 4C                 1111 	.db #0x4c	; 76	'L'
   041B C9                 1112 	.db #0xc9	; 201
   041C CC                 1113 	.db #0xcc	; 204
   041D 62                 1114 	.db #0x62	; 98	'b'
   041E 00                 1115 	.db #0x00	; 0
   041F 00                 1116 	.db #0x00	; 0
   0420 40                 1117 	.db #0x40	; 64
   0421 8C                 1118 	.db #0x8c	; 140
   0422 CC                 1119 	.db #0xcc	; 204
   0423 C9                 1120 	.db #0xc9	; 201
   0424 99                 1121 	.db #0x99	; 153
   0425 73                 1122 	.db #0x73	; 115	's'
   0426 80                 1123 	.db #0x80	; 128
   0427 00                 1124 	.db #0x00	; 0
   0428 40                 1125 	.db #0x40	; 64
   0429 8C                 1126 	.db #0x8c	; 140
   042A CC                 1127 	.db #0xcc	; 204
   042B 89                 1128 	.db #0x89	; 137
   042C CC                 1129 	.db #0xcc	; 204
   042D 62                 1130 	.db #0x62	; 98	'b'
   042E 80                 1131 	.db #0x80	; 128
   042F 00                 1132 	.db #0x00	; 0
   0430 40                 1133 	.db #0x40	; 64
   0431 4C                 1134 	.db #0x4c	; 76	'L'
   0432 4C                 1135 	.db #0x4c	; 76	'L'
   0433 8B                 1136 	.db #0x8b	; 139
   0434 C6                 1137 	.db #0xc6	; 198
   0435 E4                 1138 	.db #0xe4	; 228
   0436 C8                 1139 	.db #0xc8	; 200
   0437 00                 1140 	.db #0x00	; 0
   0438 40                 1141 	.db #0x40	; 64
   0439 0C                 1142 	.db #0x0c	; 12
   043A 47                 1143 	.db #0x47	; 71	'G'
   043B 42                 1144 	.db #0x42	; 66	'B'
   043C 47                 1145 	.db #0x47	; 71	'G'
   043D E4                 1146 	.db #0xe4	; 228
   043E C8                 1147 	.db #0xc8	; 200
   043F 00                 1148 	.db #0x00	; 0
   0440 00                 1149 	.db #0x00	; 0
   0441 84                 1150 	.db #0x84	; 132
   0442 49                 1151 	.db #0x49	; 73	'I'
   0443 1F                 1152 	.db #0x1f	; 31
   0444 AB                 1153 	.db #0xab	; 171
   0445 E6                 1154 	.db #0xe6	; 230
   0446 80                 1155 	.db #0x80	; 128
   0447 00                 1156 	.db #0x00	; 0
   0448 00                 1157 	.db #0x00	; 0
   0449 40                 1158 	.db #0x40	; 64
   044A C9                 1159 	.db #0xc9	; 201
   044B B0                 1160 	.db #0xb0	; 176
   044C 69                 1161 	.db #0x69	; 105	'i'
   044D 66                 1162 	.db #0x66	; 102	'f'
   044E 80                 1163 	.db #0x80	; 128
   044F 00                 1164 	.db #0x00	; 0
   0450 00                 1165 	.db #0x00	; 0
   0451 40                 1166 	.db #0x40	; 64
   0452 09                 1167 	.db #0x09	; 9
   0453 43                 1168 	.db #0x43	; 67	'C'
   0454 03                 1169 	.db #0x03	; 3
   0455 62                 1170 	.db #0x62	; 98	'b'
   0456 00                 1171 	.db #0x00	; 0
   0457 00                 1172 	.db #0x00	; 0
   0458 00                 1173 	.db #0x00	; 0
   0459 40                 1174 	.db #0x40	; 64
   045A C6                 1175 	.db #0xc6	; 198
   045B 83                 1176 	.db #0x83	; 131
   045C 06                 1177 	.db #0x06	; 6
   045D 68                 1178 	.db #0x68	; 104	'h'
   045E 00                 1179 	.db #0x00	; 0
   045F 00                 1180 	.db #0x00	; 0
   0460 00                 1181 	.db #0x00	; 0
   0461 00                 1182 	.db #0x00	; 0
   0462 81                 1183 	.db #0x81	; 129
   0463 42                 1184 	.db #0x42	; 66	'B'
   0464 4C                 1185 	.db #0x4c	; 76	'L'
   0465 E0                 1186 	.db #0xe0	; 224
   0466 00                 1187 	.db #0x00	; 0
   0467 00                 1188 	.db #0x00	; 0
   0468 00                 1189 	.db #0x00	; 0
   0469 00                 1190 	.db #0x00	; 0
   046A 84                 1191 	.db #0x84	; 132
   046B C8                 1192 	.db #0xc8	; 200
   046C 43                 1193 	.db #0x43	; 67	'C'
   046D 80                 1194 	.db #0x80	; 128
   046E 00                 1195 	.db #0x00	; 0
   046F 00                 1196 	.db #0x00	; 0
   0470 00                 1197 	.db #0x00	; 0
   0471 00                 1198 	.db #0x00	; 0
   0472 40                 1199 	.db #0x40	; 64
   0473 C0                 1200 	.db #0xc0	; 192
   0474 CC                 1201 	.db #0xcc	; 204
   0475 80                 1202 	.db #0x80	; 128
   0476 00                 1203 	.db #0x00	; 0
   0477 00                 1204 	.db #0x00	; 0
   0478 00                 1205 	.db #0x00	; 0
   0479 00                 1206 	.db #0x00	; 0
   047A 00                 1207 	.db #0x00	; 0
   047B 00                 1208 	.db #0x00	; 0
   047C C0                 1209 	.db #0xc0	; 192
   047D 00                 1210 	.db #0x00	; 0
   047E 00                 1211 	.db #0x00	; 0
   047F 00                 1212 	.db #0x00	; 0
                           1213 	.area _INITIALIZER
                           1214 	.area _CABS (ABS)
