                              1 ;--------------------------------------------------------
                              2 ; File Created by SDCC : free open source ANSI-C Compiler
                              3 ; Version 3.6.8 #9946 (Linux)
                              4 ;--------------------------------------------------------
                              5 	.module shots
                              6 	.optsdcc -mz80
                              7 	
                              8 ;--------------------------------------------------------
                              9 ; Public variables in this module
                             10 ;--------------------------------------------------------
                             11 	.globl _g_shots
                             12 ;--------------------------------------------------------
                             13 ; special function registers
                             14 ;--------------------------------------------------------
                             15 ;--------------------------------------------------------
                             16 ; ram data
                             17 ;--------------------------------------------------------
                             18 	.area _DATA
                             19 ;--------------------------------------------------------
                             20 ; ram data
                             21 ;--------------------------------------------------------
                             22 	.area _INITIALIZED
                             23 ;--------------------------------------------------------
                             24 ; absolute external ram data
                             25 ;--------------------------------------------------------
                             26 	.area _DABS (ABS)
                             27 ;--------------------------------------------------------
                             28 ; global & static initialisations
                             29 ;--------------------------------------------------------
                             30 	.area _HOME
                             31 	.area _GSINIT
                             32 	.area _GSFINAL
                             33 	.area _GSINIT
                             34 ;--------------------------------------------------------
                             35 ; Home
                             36 ;--------------------------------------------------------
                             37 	.area _HOME
                             38 	.area _HOME
                             39 ;--------------------------------------------------------
                             40 ; code
                             41 ;--------------------------------------------------------
                             42 	.area _CODE
                             43 	.area _CODE
   0000                      44 _g_shots:
   0000 40                   45 	.db #0x40	; 64
   0001 4A                   46 	.db #0x4a	; 74	'J'
   0002 00                   47 	.db #0x00	; 0
   0003 80                   48 	.db #0x80	; 128
   0004 C1                   49 	.db #0xc1	; 193
   0005 C3                   50 	.db #0xc3	; 195
   0006 C0                   51 	.db #0xc0	; 192
   0007 EA                   52 	.db #0xea	; 234
   0008 87                   53 	.db #0x87	; 135
   0009 FF                   54 	.db #0xff	; 255
   000A C3                   55 	.db #0xc3	; 195
   000B C0                   56 	.db #0xc0	; 192
   000C C6                   57 	.db #0xc6	; 198
   000D CC                   58 	.db #0xcc	; 204
   000E AF                   59 	.db #0xaf	; 175
   000F C3                   60 	.db #0xc3	; 195
   0010 C6                   61 	.db #0xc6	; 198
   0011 DD                   62 	.db #0xdd	; 221
   0012 FF                   63 	.db #0xff	; 255
   0013 C2                   64 	.db #0xc2	; 194
   0014 87                   65 	.db #0x87	; 135
   0015 AF                   66 	.db #0xaf	; 175
   0016 C3                   67 	.db #0xc3	; 195
   0017 C0                   68 	.db #0xc0	; 192
   0018 C1                   69 	.db #0xc1	; 193
   0019 4B                   70 	.db #0x4b	; 75	'K'
   001A C0                   71 	.db #0xc0	; 192
   001B D5                   72 	.db #0xd5	; 213
   001C 40                   73 	.db #0x40	; 64
   001D C0                   74 	.db #0xc0	; 192
   001E 4A                   75 	.db #0x4a	; 74	'J'
   001F 40                   76 	.db #0x40	; 64
   0020 40                   77 	.db #0x40	; 64
   0021 00                   78 	.db #0x00	; 0
   0022 85                   79 	.db #0x85	; 133
   0023 80                   80 	.db #0x80	; 128
   0024 D5                   81 	.db #0xd5	; 213
   0025 C0                   82 	.db #0xc0	; 192
   0026 C3                   83 	.db #0xc3	; 195
   0027 C2                   84 	.db #0xc2	; 194
   0028 C0                   85 	.db #0xc0	; 192
   0029 C3                   86 	.db #0xc3	; 195
   002A FF                   87 	.db #0xff	; 255
   002B 4B                   88 	.db #0x4b	; 75	'K'
   002C C3                   89 	.db #0xc3	; 195
   002D 5F                   90 	.db #0x5f	; 95
   002E CC                   91 	.db #0xcc	; 204
   002F C9                   92 	.db #0xc9	; 201
   0030 C1                   93 	.db #0xc1	; 193
   0031 FF                   94 	.db #0xff	; 255
   0032 EE                   95 	.db #0xee	; 238
   0033 C9                   96 	.db #0xc9	; 201
   0034 C0                   97 	.db #0xc0	; 192
   0035 C3                   98 	.db #0xc3	; 195
   0036 5F                   99 	.db #0x5f	; 95
   0037 4B                  100 	.db #0x4b	; 75	'K'
   0038 EA                  101 	.db #0xea	; 234
   0039 C0                  102 	.db #0xc0	; 192
   003A 87                  103 	.db #0x87	; 135
   003B C2                  104 	.db #0xc2	; 194
   003C 80                  105 	.db #0x80	; 128
   003D 85                  106 	.db #0x85	; 133
   003E C0                  107 	.db #0xc0	; 192
   003F 80                  108 	.db #0x80	; 128
   0040 00                  109 	.db #0x00	; 0
   0041 00                  110 	.db #0x00	; 0
   0042 00                  111 	.db #0x00	; 0
   0043 00                  112 	.db #0x00	; 0
   0044 40                  113 	.db #0x40	; 64
   0045 C0                  114 	.db #0xc0	; 192
   0046 C0                  115 	.db #0xc0	; 192
   0047 80                  116 	.db #0x80	; 128
   0048 C5                  117 	.db #0xc5	; 197
   0049 CF                  118 	.db #0xcf	; 207
   004A CF                  119 	.db #0xcf	; 207
   004B CA                  120 	.db #0xca	; 202
   004C EE                  121 	.db #0xee	; 238
   004D CC                  122 	.db #0xcc	; 204
   004E CC                  123 	.db #0xcc	; 204
   004F DD                  124 	.db #0xdd	; 221
   0050 FF                  125 	.db #0xff	; 255
   0051 FF                  126 	.db #0xff	; 255
   0052 FF                  127 	.db #0xff	; 255
   0053 FF                  128 	.db #0xff	; 255
   0054 85                  129 	.db #0x85	; 133
   0055 0F                  130 	.db #0x0f	; 15
   0056 0F                  131 	.db #0x0f	; 15
   0057 4A                  132 	.db #0x4a	; 74	'J'
   0058 40                  133 	.db #0x40	; 64
   0059 C0                  134 	.db #0xc0	; 192
   005A C0                  135 	.db #0xc0	; 192
   005B 80                  136 	.db #0x80	; 128
   005C 00                  137 	.db #0x00	; 0
   005D 00                  138 	.db #0x00	; 0
   005E 00                  139 	.db #0x00	; 0
   005F 00                  140 	.db #0x00	; 0
                            141 	.area _INITIALIZER
                            142 	.area _CABS (ABS)
