                              1 ;--------------------------------------------------------
                              2 ; File Created by SDCC : free open source ANSI-C Compiler
                              3 ; Version 3.6.8 #9946 (Linux)
                              4 ;--------------------------------------------------------
                              5 	.module font
                              6 	.optsdcc -mz80
                              7 	
                              8 ;--------------------------------------------------------
                              9 ; Public variables in this module
                             10 ;--------------------------------------------------------
                             11 	.globl _g_font
                             12 ;--------------------------------------------------------
                             13 ; special function registers
                             14 ;--------------------------------------------------------
                             15 ;--------------------------------------------------------
                             16 ; ram data
                             17 ;--------------------------------------------------------
                             18 	.area _DATA
                             19 ;--------------------------------------------------------
                             20 ; ram data
                             21 ;--------------------------------------------------------
                             22 	.area _INITIALIZED
                             23 ;--------------------------------------------------------
                             24 ; absolute external ram data
                             25 ;--------------------------------------------------------
                             26 	.area _DABS (ABS)
                             27 ;--------------------------------------------------------
                             28 ; global & static initialisations
                             29 ;--------------------------------------------------------
                             30 	.area _HOME
                             31 	.area _GSINIT
                             32 	.area _GSFINAL
                             33 	.area _GSINIT
                             34 ;--------------------------------------------------------
                             35 ; Home
                             36 ;--------------------------------------------------------
                             37 	.area _HOME
                             38 	.area _HOME
                             39 ;--------------------------------------------------------
                             40 ; code
                             41 ;--------------------------------------------------------
                             42 	.area _CODE
                             43 	.area _CODE
   0000                      44 _g_font:
   0000 C0                   45 	.db #0xc0	; 192
   0001 66                   46 	.db #0x66	; 102	'f'
   0002 CC                   47 	.db #0xcc	; 204
   0003 C8                   48 	.db #0xc8	; 200
   0004 91                   49 	.db #0x91	; 145
   0005 99                   50 	.db #0x99	; 153
   0006 33                   51 	.db #0x33	; 51	'3'
   0007 66                   52 	.db #0x66	; 102	'f'
   0008 91                   53 	.db #0x91	; 145
   0009 E2                   54 	.db #0xe2	; 226
   000A C0                   55 	.db #0xc0	; 192
   000B 73                   56 	.db #0x73	; 115	's'
   000C C0                   57 	.db #0xc0	; 192
   000D 62                   58 	.db #0x62	; 98	'b'
   000E C0                   59 	.db #0xc0	; 192
   000F 91                   60 	.db #0x91	; 145
   0010 91                   61 	.db #0x91	; 145
   0011 E2                   62 	.db #0xe2	; 226
   0012 C0                   63 	.db #0xc0	; 192
   0013 73                   64 	.db #0x73	; 115	's'
   0014 91                   65 	.db #0x91	; 145
   0015 E2                   66 	.db #0xe2	; 226
   0016 C0                   67 	.db #0xc0	; 192
   0017 73                   68 	.db #0x73	; 115	's'
   0018 C0                   69 	.db #0xc0	; 192
   0019 73                   70 	.db #0x73	; 115	's'
   001A F3                   71 	.db #0xf3	; 243
   001B B3                   72 	.db #0xb3	; 179
   001C C0                   73 	.db #0xc0	; 192
   001D 91                   74 	.db #0x91	; 145
   001E 33                   75 	.db #0x33	; 51	'3'
   001F 62                   76 	.db #0x62	; 98	'b'
   0020 C0                   77 	.db #0xc0	; 192
   0021 C0                   78 	.db #0xc0	; 192
   0022 66                   79 	.db #0x66	; 102	'f'
   0023 C0                   80 	.db #0xc0	; 192
   0024 C0                   81 	.db #0xc0	; 192
   0025 C0                   82 	.db #0xc0	; 192
   0026 66                   83 	.db #0x66	; 102	'f'
   0027 C0                   84 	.db #0xc0	; 192
   0028 C0                   85 	.db #0xc0	; 192
   0029 C0                   86 	.db #0xc0	; 192
   002A 73                   87 	.db #0x73	; 115	's'
   002B C0                   88 	.db #0xc0	; 192
   002C C0                   89 	.db #0xc0	; 192
   002D C0                   90 	.db #0xc0	; 192
   002E 91                   91 	.db #0x91	; 145
   002F C0                   92 	.db #0xc0	; 192
   0030 C0                   93 	.db #0xc0	; 192
   0031 C0                   94 	.db #0xc0	; 192
   0032 73                   95 	.db #0x73	; 115	's'
   0033 C0                   96 	.db #0xc0	; 192
   0034 C0                   97 	.db #0xc0	; 192
   0035 C0                   98 	.db #0xc0	; 192
   0036 73                   99 	.db #0x73	; 115	's'
   0037 C0                  100 	.db #0xc0	; 192
   0038 C0                  101 	.db #0xc0	; 192
   0039 C0                  102 	.db #0xc0	; 192
   003A 73                  103 	.db #0x73	; 115	's'
   003B C0                  104 	.db #0xc0	; 192
   003C C0                  105 	.db #0xc0	; 192
   003D C0                  106 	.db #0xc0	; 192
   003E 91                  107 	.db #0x91	; 145
   003F C0                  108 	.db #0xc0	; 192
   0040 C0                  109 	.db #0xc0	; 192
   0041 66                  110 	.db #0x66	; 102	'f'
   0042 CC                  111 	.db #0xcc	; 204
   0043 C8                  112 	.db #0xc8	; 200
   0044 C0                  113 	.db #0xc0	; 192
   0045 91                  114 	.db #0x91	; 145
   0046 33                  115 	.db #0x33	; 51	'3'
   0047 66                  116 	.db #0x66	; 102	'f'
   0048 C0                  117 	.db #0xc0	; 192
   0049 C0                  118 	.db #0xc0	; 192
   004A C0                  119 	.db #0xc0	; 192
   004B D1                  120 	.db #0xd1	; 209
   004C C0                  121 	.db #0xc0	; 192
   004D 73                  122 	.db #0x73	; 115	's'
   004E F3                  123 	.db #0xf3	; 243
   004F B3                  124 	.db #0xb3	; 179
   0050 91                  125 	.db #0x91	; 145
   0051 B3                  126 	.db #0xb3	; 179
   0052 33                  127 	.db #0x33	; 51	'3'
   0053 62                  128 	.db #0x62	; 98	'b'
   0054 91                  129 	.db #0x91	; 145
   0055 E2                  130 	.db #0xe2	; 226
   0056 C0                  131 	.db #0xc0	; 192
   0057 C0                  132 	.db #0xc0	; 192
   0058 C0                  133 	.db #0xc0	; 192
   0059 73                  134 	.db #0x73	; 115	's'
   005A F3                  135 	.db #0xf3	; 243
   005B E2                  136 	.db #0xe2	; 226
   005C C0                  137 	.db #0xc0	; 192
   005D 91                  138 	.db #0x91	; 145
   005E 33                  139 	.db #0x33	; 51	'3'
   005F 62                  140 	.db #0x62	; 98	'b'
   0060 C0                  141 	.db #0xc0	; 192
   0061 66                  142 	.db #0x66	; 102	'f'
   0062 CC                  143 	.db #0xcc	; 204
   0063 C8                  144 	.db #0xc8	; 200
   0064 C0                  145 	.db #0xc0	; 192
   0065 91                  146 	.db #0x91	; 145
   0066 33                  147 	.db #0x33	; 51	'3'
   0067 66                  148 	.db #0x66	; 102	'f'
   0068 C0                  149 	.db #0xc0	; 192
   0069 C0                  150 	.db #0xc0	; 192
   006A C0                  151 	.db #0xc0	; 192
   006B D1                  152 	.db #0xd1	; 209
   006C C0                  153 	.db #0xc0	; 192
   006D 73                  154 	.db #0x73	; 115	's'
   006E F3                  155 	.db #0xf3	; 243
   006F B3                  156 	.db #0xb3	; 179
   0070 C0                  157 	.db #0xc0	; 192
   0071 91                  158 	.db #0x91	; 145
   0072 33                  159 	.db #0x33	; 51	'3'
   0073 73                  160 	.db #0x73	; 115	's'
   0074 C0                  161 	.db #0xc0	; 192
   0075 C0                  162 	.db #0xc0	; 192
   0076 C0                  163 	.db #0xc0	; 192
   0077 73                  164 	.db #0x73	; 115	's'
   0078 C0                  165 	.db #0xc0	; 192
   0079 73                  166 	.db #0x73	; 115	's'
   007A F3                  167 	.db #0xf3	; 243
   007B B3                  168 	.db #0xb3	; 179
   007C C0                  169 	.db #0xc0	; 192
   007D 91                  170 	.db #0x91	; 145
   007E 33                  171 	.db #0x33	; 51	'3'
   007F 62                  172 	.db #0x62	; 98	'b'
   0080 C0                  173 	.db #0xc0	; 192
   0081 C0                  174 	.db #0xc0	; 192
   0082 C0                  175 	.db #0xc0	; 192
   0083 C4                  176 	.db #0xc4	; 196
   0084 91                  177 	.db #0x91	; 145
   0085 C8                  178 	.db #0xc8	; 200
   0086 C0                  179 	.db #0xc0	; 192
   0087 C4                  180 	.db #0xc4	; 196
   0088 91                  181 	.db #0x91	; 145
   0089 E2                  182 	.db #0xe2	; 226
   008A C0                  183 	.db #0xc0	; 192
   008B D1                  184 	.db #0xd1	; 209
   008C C0                  185 	.db #0xc0	; 192
   008D 73                  186 	.db #0x73	; 115	's'
   008E F3                  187 	.db #0xf3	; 243
   008F B3                  188 	.db #0xb3	; 179
   0090 C0                  189 	.db #0xc0	; 192
   0091 91                  190 	.db #0x91	; 145
   0092 33                  191 	.db #0x33	; 51	'3'
   0093 73                  192 	.db #0x73	; 115	's'
   0094 C0                  193 	.db #0xc0	; 192
   0095 C0                  194 	.db #0xc0	; 192
   0096 C0                  195 	.db #0xc0	; 192
   0097 73                  196 	.db #0x73	; 115	's'
   0098 C0                  197 	.db #0xc0	; 192
   0099 C0                  198 	.db #0xc0	; 192
   009A C0                  199 	.db #0xc0	; 192
   009B 73                  200 	.db #0x73	; 115	's'
   009C C0                  201 	.db #0xc0	; 192
   009D C0                  202 	.db #0xc0	; 192
   009E C0                  203 	.db #0xc0	; 192
   009F 91                  204 	.db #0x91	; 145
   00A0 C0                  205 	.db #0xc0	; 192
   00A1 66                  206 	.db #0x66	; 102	'f'
   00A2 CC                  207 	.db #0xcc	; 204
   00A3 C8                  208 	.db #0xc8	; 200
   00A4 91                  209 	.db #0x91	; 145
   00A5 99                  210 	.db #0x99	; 153
   00A6 33                  211 	.db #0x33	; 51	'3'
   00A7 62                  212 	.db #0x62	; 98	'b'
   00A8 91                  213 	.db #0x91	; 145
   00A9 E2                  214 	.db #0xe2	; 226
   00AA C0                  215 	.db #0xc0	; 192
   00AB C0                  216 	.db #0xc0	; 192
   00AC C0                  217 	.db #0xc0	; 192
   00AD 73                  218 	.db #0x73	; 115	's'
   00AE F3                  219 	.db #0xf3	; 243
   00AF E2                  220 	.db #0xe2	; 226
   00B0 C0                  221 	.db #0xc0	; 192
   00B1 91                  222 	.db #0x91	; 145
   00B2 33                  223 	.db #0x33	; 51	'3'
   00B3 73                  224 	.db #0x73	; 115	's'
   00B4 C0                  225 	.db #0xc0	; 192
   00B5 C0                  226 	.db #0xc0	; 192
   00B6 C0                  227 	.db #0xc0	; 192
   00B7 73                  228 	.db #0x73	; 115	's'
   00B8 C0                  229 	.db #0xc0	; 192
   00B9 73                  230 	.db #0x73	; 115	's'
   00BA F3                  231 	.db #0xf3	; 243
   00BB B3                  232 	.db #0xb3	; 179
   00BC C0                  233 	.db #0xc0	; 192
   00BD 91                  234 	.db #0x91	; 145
   00BE 33                  235 	.db #0x33	; 51	'3'
   00BF 62                  236 	.db #0x62	; 98	'b'
   00C0 C0                  237 	.db #0xc0	; 192
   00C1 66                  238 	.db #0x66	; 102	'f'
   00C2 CC                  239 	.db #0xcc	; 204
   00C3 C8                  240 	.db #0xc8	; 200
   00C4 91                  241 	.db #0x91	; 145
   00C5 99                  242 	.db #0x99	; 153
   00C6 33                  243 	.db #0x33	; 51	'3'
   00C7 62                  244 	.db #0x62	; 98	'b'
   00C8 91                  245 	.db #0x91	; 145
   00C9 E2                  246 	.db #0xe2	; 226
   00CA C0                  247 	.db #0xc0	; 192
   00CB C0                  248 	.db #0xc0	; 192
   00CC C0                  249 	.db #0xc0	; 192
   00CD 73                  250 	.db #0x73	; 115	's'
   00CE F3                  251 	.db #0xf3	; 243
   00CF E2                  252 	.db #0xe2	; 226
   00D0 91                  253 	.db #0x91	; 145
   00D1 B3                  254 	.db #0xb3	; 179
   00D2 33                  255 	.db #0x33	; 51	'3'
   00D3 73                  256 	.db #0x73	; 115	's'
   00D4 91                  257 	.db #0x91	; 145
   00D5 E2                  258 	.db #0xe2	; 226
   00D6 C0                  259 	.db #0xc0	; 192
   00D7 D1                  260 	.db #0xd1	; 209
   00D8 C0                  261 	.db #0xc0	; 192
   00D9 73                  262 	.db #0x73	; 115	's'
   00DA F3                  263 	.db #0xf3	; 243
   00DB B3                  264 	.db #0xb3	; 179
   00DC C0                  265 	.db #0xc0	; 192
   00DD 91                  266 	.db #0x91	; 145
   00DE 33                  267 	.db #0x33	; 51	'3'
   00DF 62                  268 	.db #0x62	; 98	'b'
   00E0 91                  269 	.db #0x91	; 145
   00E1 CC                  270 	.db #0xcc	; 204
   00E2 CC                  271 	.db #0xcc	; 204
   00E3 C0                  272 	.db #0xc0	; 192
   00E4 C0                  273 	.db #0xc0	; 192
   00E5 33                  274 	.db #0x33	; 51	'3'
   00E6 33                  275 	.db #0x33	; 51	'3'
   00E7 C8                  276 	.db #0xc8	; 200
   00E8 C0                  277 	.db #0xc0	; 192
   00E9 C0                  278 	.db #0xc0	; 192
   00EA 91                  279 	.db #0x91	; 145
   00EB E2                  280 	.db #0xe2	; 226
   00EC C0                  281 	.db #0xc0	; 192
   00ED C0                  282 	.db #0xc0	; 192
   00EE C0                  283 	.db #0xc0	; 192
   00EF 62                  284 	.db #0x62	; 98	'b'
   00F0 C0                  285 	.db #0xc0	; 192
   00F1 C0                  286 	.db #0xc0	; 192
   00F2 91                  287 	.db #0x91	; 145
   00F3 E2                  288 	.db #0xe2	; 226
   00F4 C0                  289 	.db #0xc0	; 192
   00F5 C0                  290 	.db #0xc0	; 192
   00F6 91                  291 	.db #0x91	; 145
   00F7 E2                  292 	.db #0xe2	; 226
   00F8 C0                  293 	.db #0xc0	; 192
   00F9 C0                  294 	.db #0xc0	; 192
   00FA 91                  295 	.db #0x91	; 145
   00FB E2                  296 	.db #0xe2	; 226
   00FC C0                  297 	.db #0xc0	; 192
   00FD C0                  298 	.db #0xc0	; 192
   00FE C0                  299 	.db #0xc0	; 192
   00FF 62                  300 	.db #0x62	; 98	'b'
   0100 C0                  301 	.db #0xc0	; 192
   0101 66                  302 	.db #0x66	; 102	'f'
   0102 CC                  303 	.db #0xcc	; 204
   0103 C8                  304 	.db #0xc8	; 200
   0104 91                  305 	.db #0x91	; 145
   0105 99                  306 	.db #0x99	; 153
   0106 33                  307 	.db #0x33	; 51	'3'
   0107 66                  308 	.db #0x66	; 102	'f'
   0108 91                  309 	.db #0x91	; 145
   0109 E2                  310 	.db #0xe2	; 226
   010A C0                  311 	.db #0xc0	; 192
   010B 73                  312 	.db #0x73	; 115	's'
   010C C0                  313 	.db #0xc0	; 192
   010D 73                  314 	.db #0x73	; 115	's'
   010E F3                  315 	.db #0xf3	; 243
   010F B3                  316 	.db #0xb3	; 179
   0110 91                  317 	.db #0x91	; 145
   0111 B3                  318 	.db #0xb3	; 179
   0112 33                  319 	.db #0x33	; 51	'3'
   0113 73                  320 	.db #0x73	; 115	's'
   0114 91                  321 	.db #0x91	; 145
   0115 E2                  322 	.db #0xe2	; 226
   0116 C0                  323 	.db #0xc0	; 192
   0117 73                  324 	.db #0x73	; 115	's'
   0118 C0                  325 	.db #0xc0	; 192
   0119 73                  326 	.db #0x73	; 115	's'
   011A F3                  327 	.db #0xf3	; 243
   011B B3                  328 	.db #0xb3	; 179
   011C C0                  329 	.db #0xc0	; 192
   011D 91                  330 	.db #0x91	; 145
   011E 33                  331 	.db #0x33	; 51	'3'
   011F 62                  332 	.db #0x62	; 98	'b'
   0120 C0                  333 	.db #0xc0	; 192
   0121 66                  334 	.db #0x66	; 102	'f'
   0122 CC                  335 	.db #0xcc	; 204
   0123 C8                  336 	.db #0xc8	; 200
   0124 91                  337 	.db #0x91	; 145
   0125 99                  338 	.db #0x99	; 153
   0126 33                  339 	.db #0x33	; 51	'3'
   0127 66                  340 	.db #0x66	; 102	'f'
   0128 91                  341 	.db #0x91	; 145
   0129 E2                  342 	.db #0xe2	; 226
   012A C0                  343 	.db #0xc0	; 192
   012B 73                  344 	.db #0x73	; 115	's'
   012C C0                  345 	.db #0xc0	; 192
   012D 73                  346 	.db #0x73	; 115	's'
   012E F3                  347 	.db #0xf3	; 243
   012F B3                  348 	.db #0xb3	; 179
   0130 C0                  349 	.db #0xc0	; 192
   0131 91                  350 	.db #0x91	; 145
   0132 33                  351 	.db #0x33	; 51	'3'
   0133 73                  352 	.db #0x73	; 115	's'
   0134 C0                  353 	.db #0xc0	; 192
   0135 C0                  354 	.db #0xc0	; 192
   0136 C0                  355 	.db #0xc0	; 192
   0137 73                  356 	.db #0x73	; 115	's'
   0138 C0                  357 	.db #0xc0	; 192
   0139 73                  358 	.db #0x73	; 115	's'
   013A F3                  359 	.db #0xf3	; 243
   013B B3                  360 	.db #0xb3	; 179
   013C C0                  361 	.db #0xc0	; 192
   013D 91                  362 	.db #0x91	; 145
   013E 33                  363 	.db #0x33	; 51	'3'
   013F 62                  364 	.db #0x62	; 98	'b'
   0140 C0                  365 	.db #0xc0	; 192
   0141 C0                  366 	.db #0xc0	; 192
   0142 C0                  367 	.db #0xc0	; 192
   0143 C0                  368 	.db #0xc0	; 192
   0144 C0                  369 	.db #0xc0	; 192
   0145 81                  370 	.db #0x81	; 129
   0146 CC                  371 	.db #0xcc	; 204
   0147 C0                  372 	.db #0xc0	; 192
   0148 C0                  373 	.db #0xc0	; 192
   0149 81                  374 	.db #0x81	; 129
   014A CC                  375 	.db #0xcc	; 204
   014B C0                  376 	.db #0xc0	; 192
   014C C0                  377 	.db #0xc0	; 192
   014D 81                  378 	.db #0x81	; 129
   014E 03                  379 	.db #0x03	; 3
   014F C0                  380 	.db #0xc0	; 192
   0150 C0                  381 	.db #0xc0	; 192
   0151 C0                  382 	.db #0xc0	; 192
   0152 C0                  383 	.db #0xc0	; 192
   0153 C0                  384 	.db #0xc0	; 192
   0154 C0                  385 	.db #0xc0	; 192
   0155 81                  386 	.db #0x81	; 129
   0156 FF                  387 	.db #0xff	; 255
   0157 C0                  388 	.db #0xc0	; 192
   0158 C0                  389 	.db #0xc0	; 192
   0159 81                  390 	.db #0x81	; 129
   015A FF                  391 	.db #0xff	; 255
   015B C0                  392 	.db #0xc0	; 192
   015C C0                  393 	.db #0xc0	; 192
   015D 81                  394 	.db #0x81	; 129
   015E 03                  395 	.db #0x03	; 3
   015F C0                  396 	.db #0xc0	; 192
   0160 C0                  397 	.db #0xc0	; 192
   0161 C0                  398 	.db #0xc0	; 192
   0162 C0                  399 	.db #0xc0	; 192
   0163 C0                  400 	.db #0xc0	; 192
   0164 C0                  401 	.db #0xc0	; 192
   0165 C0                  402 	.db #0xc0	; 192
   0166 C0                  403 	.db #0xc0	; 192
   0167 C0                  404 	.db #0xc0	; 192
   0168 C0                  405 	.db #0xc0	; 192
   0169 C0                  406 	.db #0xc0	; 192
   016A C0                  407 	.db #0xc0	; 192
   016B C0                  408 	.db #0xc0	; 192
   016C 81                  409 	.db #0x81	; 129
   016D CC                  410 	.db #0xcc	; 204
   016E CC                  411 	.db #0xcc	; 204
   016F CC                  412 	.db #0xcc	; 204
   0170 81                  413 	.db #0x81	; 129
   0171 CC                  414 	.db #0xcc	; 204
   0172 CC                  415 	.db #0xcc	; 204
   0173 CC                  416 	.db #0xcc	; 204
   0174 81                  417 	.db #0x81	; 129
   0175 03                  418 	.db #0x03	; 3
   0176 03                  419 	.db #0x03	; 3
   0177 03                  420 	.db #0x03	; 3
   0178 C0                  421 	.db #0xc0	; 192
   0179 C0                  422 	.db #0xc0	; 192
   017A C0                  423 	.db #0xc0	; 192
   017B C0                  424 	.db #0xc0	; 192
   017C C0                  425 	.db #0xc0	; 192
   017D C0                  426 	.db #0xc0	; 192
   017E C0                  427 	.db #0xc0	; 192
   017F C0                  428 	.db #0xc0	; 192
   0180 81                  429 	.db #0x81	; 129
   0181 FF                  430 	.db #0xff	; 255
   0182 FF                  431 	.db #0xff	; 255
   0183 EA                  432 	.db #0xea	; 234
   0184 81                  433 	.db #0x81	; 129
   0185 CC                  434 	.db #0xcc	; 204
   0186 03                  435 	.db #0x03	; 3
   0187 42                  436 	.db #0x42	; 66	'B'
   0188 81                  437 	.db #0x81	; 129
   0189 CC                  438 	.db #0xcc	; 204
   018A C0                  439 	.db #0xc0	; 192
   018B C0                  440 	.db #0xc0	; 192
   018C 81                  441 	.db #0x81	; 129
   018D CC                  442 	.db #0xcc	; 204
   018E C0                  443 	.db #0xc0	; 192
   018F C0                  444 	.db #0xc0	; 192
   0190 81                  445 	.db #0x81	; 129
   0191 CC                  446 	.db #0xcc	; 204
   0192 C0                  447 	.db #0xc0	; 192
   0193 C0                  448 	.db #0xc0	; 192
   0194 81                  449 	.db #0x81	; 129
   0195 FF                  450 	.db #0xff	; 255
   0196 C0                  451 	.db #0xc0	; 192
   0197 C0                  452 	.db #0xc0	; 192
   0198 81                  453 	.db #0x81	; 129
   0199 FF                  454 	.db #0xff	; 255
   019A FF                  455 	.db #0xff	; 255
   019B EA                  456 	.db #0xea	; 234
   019C 81                  457 	.db #0x81	; 129
   019D 03                  458 	.db #0x03	; 3
   019E 03                  459 	.db #0x03	; 3
   019F 42                  460 	.db #0x42	; 66	'B'
   01A0 C0                  461 	.db #0xc0	; 192
   01A1 C0                  462 	.db #0xc0	; 192
   01A2 C0                  463 	.db #0xc0	; 192
   01A3 C0                  464 	.db #0xc0	; 192
   01A4 81                  465 	.db #0x81	; 129
   01A5 CC                  466 	.db #0xcc	; 204
   01A6 CC                  467 	.db #0xcc	; 204
   01A7 CC                  468 	.db #0xcc	; 204
   01A8 81                  469 	.db #0x81	; 129
   01A9 CC                  470 	.db #0xcc	; 204
   01AA CC                  471 	.db #0xcc	; 204
   01AB CC                  472 	.db #0xcc	; 204
   01AC 81                  473 	.db #0x81	; 129
   01AD 03                  474 	.db #0x03	; 3
   01AE 03                  475 	.db #0x03	; 3
   01AF 03                  476 	.db #0x03	; 3
   01B0 C0                  477 	.db #0xc0	; 192
   01B1 C0                  478 	.db #0xc0	; 192
   01B2 C0                  479 	.db #0xc0	; 192
   01B3 C0                  480 	.db #0xc0	; 192
   01B4 81                  481 	.db #0x81	; 129
   01B5 FF                  482 	.db #0xff	; 255
   01B6 FF                  483 	.db #0xff	; 255
   01B7 FF                  484 	.db #0xff	; 255
   01B8 81                  485 	.db #0x81	; 129
   01B9 FF                  486 	.db #0xff	; 255
   01BA FF                  487 	.db #0xff	; 255
   01BB FF                  488 	.db #0xff	; 255
   01BC 81                  489 	.db #0x81	; 129
   01BD 03                  490 	.db #0x03	; 3
   01BE 03                  491 	.db #0x03	; 3
   01BF 03                  492 	.db #0x03	; 3
   01C0 C0                  493 	.db #0xc0	; 192
   01C1 FF                  494 	.db #0xff	; 255
   01C2 FF                  495 	.db #0xff	; 255
   01C3 EA                  496 	.db #0xea	; 234
   01C4 C0                  497 	.db #0xc0	; 192
   01C5 03                  498 	.db #0x03	; 3
   01C6 46                  499 	.db #0x46	; 70	'F'
   01C7 C8                  500 	.db #0xc8	; 200
   01C8 C0                  501 	.db #0xc0	; 192
   01C9 C0                  502 	.db #0xc0	; 192
   01CA 46                  503 	.db #0x46	; 70	'F'
   01CB C8                  504 	.db #0xc8	; 200
   01CC C0                  505 	.db #0xc0	; 192
   01CD C0                  506 	.db #0xc0	; 192
   01CE 46                  507 	.db #0x46	; 70	'F'
   01CF C8                  508 	.db #0xc8	; 200
   01D0 C0                  509 	.db #0xc0	; 192
   01D1 C0                  510 	.db #0xc0	; 192
   01D2 46                  511 	.db #0x46	; 70	'F'
   01D3 C8                  512 	.db #0xc8	; 200
   01D4 C0                  513 	.db #0xc0	; 192
   01D5 C0                  514 	.db #0xc0	; 192
   01D6 57                  515 	.db #0x57	; 87	'W'
   01D7 EA                  516 	.db #0xea	; 234
   01D8 C0                  517 	.db #0xc0	; 192
   01D9 FF                  518 	.db #0xff	; 255
   01DA FF                  519 	.db #0xff	; 255
   01DB EA                  520 	.db #0xea	; 234
   01DC C0                  521 	.db #0xc0	; 192
   01DD 03                  522 	.db #0x03	; 3
   01DE 03                  523 	.db #0x03	; 3
   01DF 42                  524 	.db #0x42	; 66	'B'
   01E0 81                  525 	.db #0x81	; 129
   01E1 EA                  526 	.db #0xea	; 234
   01E2 81                  527 	.db #0x81	; 129
   01E3 EA                  528 	.db #0xea	; 234
   01E4 81                  529 	.db #0x81	; 129
   01E5 C8                  530 	.db #0xc8	; 200
   01E6 81                  531 	.db #0x81	; 129
   01E7 C8                  532 	.db #0xc8	; 200
   01E8 81                  533 	.db #0x81	; 129
   01E9 CC                  534 	.db #0xcc	; 204
   01EA 81                  535 	.db #0x81	; 129
   01EB CC                  536 	.db #0xcc	; 204
   01EC 81                  537 	.db #0x81	; 129
   01ED CC                  538 	.db #0xcc	; 204
   01EE 81                  539 	.db #0x81	; 129
   01EF CC                  540 	.db #0xcc	; 204
   01F0 81                  541 	.db #0x81	; 129
   01F1 03                  542 	.db #0x03	; 3
   01F2 81                  543 	.db #0x81	; 129
   01F3 03                  544 	.db #0x03	; 3
   01F4 C0                  545 	.db #0xc0	; 192
   01F5 C0                  546 	.db #0xc0	; 192
   01F6 C0                  547 	.db #0xc0	; 192
   01F7 C0                  548 	.db #0xc0	; 192
   01F8 81                  549 	.db #0x81	; 129
   01F9 FF                  550 	.db #0xff	; 255
   01FA 81                  551 	.db #0x81	; 129
   01FB FF                  552 	.db #0xff	; 255
   01FC 81                  553 	.db #0x81	; 129
   01FD 03                  554 	.db #0x03	; 3
   01FE 81                  555 	.db #0x81	; 129
   01FF 03                  556 	.db #0x03	; 3
   0200 C0                  557 	.db #0xc0	; 192
   0201 C0                  558 	.db #0xc0	; 192
   0202 C0                  559 	.db #0xc0	; 192
   0203 C0                  560 	.db #0xc0	; 192
   0204 C0                  561 	.db #0xc0	; 192
   0205 C0                  562 	.db #0xc0	; 192
   0206 C0                  563 	.db #0xc0	; 192
   0207 C0                  564 	.db #0xc0	; 192
   0208 C0                  565 	.db #0xc0	; 192
   0209 C0                  566 	.db #0xc0	; 192
   020A C0                  567 	.db #0xc0	; 192
   020B C0                  568 	.db #0xc0	; 192
   020C C0                  569 	.db #0xc0	; 192
   020D C0                  570 	.db #0xc0	; 192
   020E C0                  571 	.db #0xc0	; 192
   020F C0                  572 	.db #0xc0	; 192
   0210 C0                  573 	.db #0xc0	; 192
   0211 C0                  574 	.db #0xc0	; 192
   0212 C0                  575 	.db #0xc0	; 192
   0213 C0                  576 	.db #0xc0	; 192
   0214 C0                  577 	.db #0xc0	; 192
   0215 C0                  578 	.db #0xc0	; 192
   0216 C0                  579 	.db #0xc0	; 192
   0217 C0                  580 	.db #0xc0	; 192
   0218 C0                  581 	.db #0xc0	; 192
   0219 C0                  582 	.db #0xc0	; 192
   021A C0                  583 	.db #0xc0	; 192
   021B C0                  584 	.db #0xc0	; 192
   021C C0                  585 	.db #0xc0	; 192
   021D C0                  586 	.db #0xc0	; 192
   021E C0                  587 	.db #0xc0	; 192
   021F C0                  588 	.db #0xc0	; 192
   0220 81                  589 	.db #0x81	; 129
   0221 FF                  590 	.db #0xff	; 255
   0222 FF                  591 	.db #0xff	; 255
   0223 EA                  592 	.db #0xea	; 234
   0224 81                  593 	.db #0x81	; 129
   0225 89                  594 	.db #0x89	; 137
   0226 03                  595 	.db #0x03	; 3
   0227 C8                  596 	.db #0xc8	; 200
   0228 81                  597 	.db #0x81	; 129
   0229 C8                  598 	.db #0xc8	; 200
   022A 81                  599 	.db #0x81	; 129
   022B C8                  600 	.db #0xc8	; 200
   022C 46                  601 	.db #0x46	; 70	'F'
   022D CC                  602 	.db #0xcc	; 204
   022E CC                  603 	.db #0xcc	; 204
   022F CC                  604 	.db #0xcc	; 204
   0230 46                  605 	.db #0x46	; 70	'F'
   0231 89                  606 	.db #0x89	; 137
   0232 03                  607 	.db #0x03	; 3
   0233 46                  608 	.db #0x46	; 70	'F'
   0234 57                  609 	.db #0x57	; 87	'W'
   0235 EA                  610 	.db #0xea	; 234
   0236 C0                  611 	.db #0xc0	; 192
   0237 57                  612 	.db #0x57	; 87	'W'
   0238 57                  613 	.db #0x57	; 87	'W'
   0239 EA                  614 	.db #0xea	; 234
   023A C0                  615 	.db #0xc0	; 192
   023B 57                  616 	.db #0x57	; 87	'W'
   023C 03                  617 	.db #0x03	; 3
   023D 42                  618 	.db #0x42	; 66	'B'
   023E C0                  619 	.db #0xc0	; 192
   023F 03                  620 	.db #0x03	; 3
   0240 57                  621 	.db #0x57	; 87	'W'
   0241 FF                  622 	.db #0xff	; 255
   0242 FF                  623 	.db #0xff	; 255
   0243 EA                  624 	.db #0xea	; 234
   0244 46                  625 	.db #0x46	; 70	'F'
   0245 89                  626 	.db #0x89	; 137
   0246 03                  627 	.db #0x03	; 3
   0247 C8                  628 	.db #0xc8	; 200
   0248 46                  629 	.db #0x46	; 70	'F'
   0249 C8                  630 	.db #0xc8	; 200
   024A 81                  631 	.db #0x81	; 129
   024B C8                  632 	.db #0xc8	; 200
   024C 46                  633 	.db #0x46	; 70	'F'
   024D CC                  634 	.db #0xcc	; 204
   024E CC                  635 	.db #0xcc	; 204
   024F C8                  636 	.db #0xc8	; 200
   0250 46                  637 	.db #0x46	; 70	'F'
   0251 89                  638 	.db #0x89	; 137
   0252 03                  639 	.db #0x03	; 3
   0253 46                  640 	.db #0x46	; 70	'F'
   0254 57                  641 	.db #0x57	; 87	'W'
   0255 EA                  642 	.db #0xea	; 234
   0256 C0                  643 	.db #0xc0	; 192
   0257 57                  644 	.db #0x57	; 87	'W'
   0258 57                  645 	.db #0x57	; 87	'W'
   0259 FF                  646 	.db #0xff	; 255
   025A FF                  647 	.db #0xff	; 255
   025B FF                  648 	.db #0xff	; 255
   025C 03                  649 	.db #0x03	; 3
   025D 03                  650 	.db #0x03	; 3
   025E 03                  651 	.db #0x03	; 3
   025F 03                  652 	.db #0x03	; 3
   0260 57                  653 	.db #0x57	; 87	'W'
   0261 FF                  654 	.db #0xff	; 255
   0262 FF                  655 	.db #0xff	; 255
   0263 FF                  656 	.db #0xff	; 255
   0264 46                  657 	.db #0x46	; 70	'F'
   0265 03                  658 	.db #0x03	; 3
   0266 03                  659 	.db #0x03	; 3
   0267 46                  660 	.db #0x46	; 70	'F'
   0268 46                  661 	.db #0x46	; 70	'F'
   0269 C0                  662 	.db #0xc0	; 192
   026A C0                  663 	.db #0xc0	; 192
   026B 46                  664 	.db #0x46	; 70	'F'
   026C 46                  665 	.db #0x46	; 70	'F'
   026D C8                  666 	.db #0xc8	; 200
   026E C0                  667 	.db #0xc0	; 192
   026F 03                  668 	.db #0x03	; 3
   0270 46                  669 	.db #0x46	; 70	'F'
   0271 C8                  670 	.db #0xc8	; 200
   0272 C0                  671 	.db #0xc0	; 192
   0273 C0                  672 	.db #0xc0	; 192
   0274 57                  673 	.db #0x57	; 87	'W'
   0275 EA                  674 	.db #0xea	; 234
   0276 C0                  675 	.db #0xc0	; 192
   0277 57                  676 	.db #0x57	; 87	'W'
   0278 57                  677 	.db #0x57	; 87	'W'
   0279 FF                  678 	.db #0xff	; 255
   027A FF                  679 	.db #0xff	; 255
   027B FF                  680 	.db #0xff	; 255
   027C 03                  681 	.db #0x03	; 3
   027D 03                  682 	.db #0x03	; 3
   027E 03                  683 	.db #0x03	; 3
   027F 03                  684 	.db #0x03	; 3
   0280 57                  685 	.db #0x57	; 87	'W'
   0281 FF                  686 	.db #0xff	; 255
   0282 FF                  687 	.db #0xff	; 255
   0283 C0                  688 	.db #0xc0	; 192
   0284 46                  689 	.db #0x46	; 70	'F'
   0285 03                  690 	.db #0x03	; 3
   0286 03                  691 	.db #0x03	; 3
   0287 C8                  692 	.db #0xc8	; 200
   0288 46                  693 	.db #0x46	; 70	'F'
   0289 C0                  694 	.db #0xc0	; 192
   028A C0                  695 	.db #0xc0	; 192
   028B 46                  696 	.db #0x46	; 70	'F'
   028C 46                  697 	.db #0x46	; 70	'F'
   028D C8                  698 	.db #0xc8	; 200
   028E C0                  699 	.db #0xc0	; 192
   028F 46                  700 	.db #0x46	; 70	'F'
   0290 46                  701 	.db #0x46	; 70	'F'
   0291 C8                  702 	.db #0xc8	; 200
   0292 C0                  703 	.db #0xc0	; 192
   0293 46                  704 	.db #0x46	; 70	'F'
   0294 57                  705 	.db #0x57	; 87	'W'
   0295 EA                  706 	.db #0xea	; 234
   0296 C0                  707 	.db #0xc0	; 192
   0297 AB                  708 	.db #0xab	; 171
   0298 57                  709 	.db #0x57	; 87	'W'
   0299 FF                  710 	.db #0xff	; 255
   029A FF                  711 	.db #0xff	; 255
   029B 42                  712 	.db #0x42	; 66	'B'
   029C 03                  713 	.db #0x03	; 3
   029D 03                  714 	.db #0x03	; 3
   029E 03                  715 	.db #0x03	; 3
   029F C0                  716 	.db #0xc0	; 192
   02A0 57                  717 	.db #0x57	; 87	'W'
   02A1 FF                  718 	.db #0xff	; 255
   02A2 FF                  719 	.db #0xff	; 255
   02A3 FF                  720 	.db #0xff	; 255
   02A4 46                  721 	.db #0x46	; 70	'F'
   02A5 03                  722 	.db #0x03	; 3
   02A6 03                  723 	.db #0x03	; 3
   02A7 03                  724 	.db #0x03	; 3
   02A8 46                  725 	.db #0x46	; 70	'F'
   02A9 C0                  726 	.db #0xc0	; 192
   02AA C0                  727 	.db #0xc0	; 192
   02AB C0                  728 	.db #0xc0	; 192
   02AC 46                  729 	.db #0x46	; 70	'F'
   02AD CC                  730 	.db #0xcc	; 204
   02AE CC                  731 	.db #0xcc	; 204
   02AF C8                  732 	.db #0xc8	; 200
   02B0 46                  733 	.db #0x46	; 70	'F'
   02B1 89                  734 	.db #0x89	; 137
   02B2 03                  735 	.db #0x03	; 3
   02B3 42                  736 	.db #0x42	; 66	'B'
   02B4 57                  737 	.db #0x57	; 87	'W'
   02B5 EA                  738 	.db #0xea	; 234
   02B6 C0                  739 	.db #0xc0	; 192
   02B7 C0                  740 	.db #0xc0	; 192
   02B8 57                  741 	.db #0x57	; 87	'W'
   02B9 FF                  742 	.db #0xff	; 255
   02BA FF                  743 	.db #0xff	; 255
   02BB FF                  744 	.db #0xff	; 255
   02BC 03                  745 	.db #0x03	; 3
   02BD 03                  746 	.db #0x03	; 3
   02BE 03                  747 	.db #0x03	; 3
   02BF 03                  748 	.db #0x03	; 3
   02C0 57                  749 	.db #0x57	; 87	'W'
   02C1 FF                  750 	.db #0xff	; 255
   02C2 FF                  751 	.db #0xff	; 255
   02C3 FF                  752 	.db #0xff	; 255
   02C4 46                  753 	.db #0x46	; 70	'F'
   02C5 03                  754 	.db #0x03	; 3
   02C6 03                  755 	.db #0x03	; 3
   02C7 03                  756 	.db #0x03	; 3
   02C8 46                  757 	.db #0x46	; 70	'F'
   02C9 C0                  758 	.db #0xc0	; 192
   02CA C0                  759 	.db #0xc0	; 192
   02CB C0                  760 	.db #0xc0	; 192
   02CC 46                  761 	.db #0x46	; 70	'F'
   02CD CC                  762 	.db #0xcc	; 204
   02CE CC                  763 	.db #0xcc	; 204
   02CF C8                  764 	.db #0xc8	; 200
   02D0 46                  765 	.db #0x46	; 70	'F'
   02D1 89                  766 	.db #0x89	; 137
   02D2 03                  767 	.db #0x03	; 3
   02D3 42                  768 	.db #0x42	; 66	'B'
   02D4 57                  769 	.db #0x57	; 87	'W'
   02D5 EA                  770 	.db #0xea	; 234
   02D6 C0                  771 	.db #0xc0	; 192
   02D7 C0                  772 	.db #0xc0	; 192
   02D8 57                  773 	.db #0x57	; 87	'W'
   02D9 EA                  774 	.db #0xea	; 234
   02DA C0                  775 	.db #0xc0	; 192
   02DB C0                  776 	.db #0xc0	; 192
   02DC 03                  777 	.db #0x03	; 3
   02DD 42                  778 	.db #0x42	; 66	'B'
   02DE C0                  779 	.db #0xc0	; 192
   02DF C0                  780 	.db #0xc0	; 192
   02E0 57                  781 	.db #0x57	; 87	'W'
   02E1 FF                  782 	.db #0xff	; 255
   02E2 FF                  783 	.db #0xff	; 255
   02E3 FF                  784 	.db #0xff	; 255
   02E4 46                  785 	.db #0x46	; 70	'F'
   02E5 03                  786 	.db #0x03	; 3
   02E6 03                  787 	.db #0x03	; 3
   02E7 46                  788 	.db #0x46	; 70	'F'
   02E8 46                  789 	.db #0x46	; 70	'F'
   02E9 C0                  790 	.db #0xc0	; 192
   02EA C0                  791 	.db #0xc0	; 192
   02EB 46                  792 	.db #0x46	; 70	'F'
   02EC 46                  793 	.db #0x46	; 70	'F'
   02ED C8                  794 	.db #0xc8	; 200
   02EE C0                  795 	.db #0xc0	; 192
   02EF 03                  796 	.db #0x03	; 3
   02F0 46                  797 	.db #0x46	; 70	'F'
   02F1 C8                  798 	.db #0xc8	; 200
   02F2 46                  799 	.db #0x46	; 70	'F'
   02F3 CC                  800 	.db #0xcc	; 204
   02F4 57                  801 	.db #0x57	; 87	'W'
   02F5 EA                  802 	.db #0xea	; 234
   02F6 03                  803 	.db #0x03	; 3
   02F7 57                  804 	.db #0x57	; 87	'W'
   02F8 57                  805 	.db #0x57	; 87	'W'
   02F9 FF                  806 	.db #0xff	; 255
   02FA FF                  807 	.db #0xff	; 255
   02FB FF                  808 	.db #0xff	; 255
   02FC 03                  809 	.db #0x03	; 3
   02FD 03                  810 	.db #0x03	; 3
   02FE 03                  811 	.db #0x03	; 3
   02FF 03                  812 	.db #0x03	; 3
   0300 57                  813 	.db #0x57	; 87	'W'
   0301 C0                  814 	.db #0xc0	; 192
   0302 C0                  815 	.db #0xc0	; 192
   0303 57                  816 	.db #0x57	; 87	'W'
   0304 46                  817 	.db #0x46	; 70	'F'
   0305 C0                  818 	.db #0xc0	; 192
   0306 C0                  819 	.db #0xc0	; 192
   0307 46                  820 	.db #0x46	; 70	'F'
   0308 46                  821 	.db #0x46	; 70	'F'
   0309 C0                  822 	.db #0xc0	; 192
   030A C0                  823 	.db #0xc0	; 192
   030B 46                  824 	.db #0x46	; 70	'F'
   030C 46                  825 	.db #0x46	; 70	'F'
   030D CC                  826 	.db #0xcc	; 204
   030E CC                  827 	.db #0xcc	; 204
   030F CC                  828 	.db #0xcc	; 204
   0310 46                  829 	.db #0x46	; 70	'F'
   0311 89                  830 	.db #0x89	; 137
   0312 03                  831 	.db #0x03	; 3
   0313 46                  832 	.db #0x46	; 70	'F'
   0314 57                  833 	.db #0x57	; 87	'W'
   0315 EA                  834 	.db #0xea	; 234
   0316 C0                  835 	.db #0xc0	; 192
   0317 57                  836 	.db #0x57	; 87	'W'
   0318 57                  837 	.db #0x57	; 87	'W'
   0319 EA                  838 	.db #0xea	; 234
   031A C0                  839 	.db #0xc0	; 192
   031B 57                  840 	.db #0x57	; 87	'W'
   031C 03                  841 	.db #0x03	; 3
   031D 42                  842 	.db #0x42	; 66	'B'
   031E C0                  843 	.db #0xc0	; 192
   031F 03                  844 	.db #0x03	; 3
   0320 C0                  845 	.db #0xc0	; 192
   0321 81                  846 	.db #0x81	; 129
   0322 EA                  847 	.db #0xea	; 234
   0323 C0                  848 	.db #0xc0	; 192
   0324 C0                  849 	.db #0xc0	; 192
   0325 81                  850 	.db #0x81	; 129
   0326 C8                  851 	.db #0xc8	; 200
   0327 C0                  852 	.db #0xc0	; 192
   0328 C0                  853 	.db #0xc0	; 192
   0329 81                  854 	.db #0x81	; 129
   032A C8                  855 	.db #0xc8	; 200
   032B C0                  856 	.db #0xc0	; 192
   032C C0                  857 	.db #0xc0	; 192
   032D 81                  858 	.db #0x81	; 129
   032E CC                  859 	.db #0xcc	; 204
   032F C0                  860 	.db #0xc0	; 192
   0330 C0                  861 	.db #0xc0	; 192
   0331 81                  862 	.db #0x81	; 129
   0332 CC                  863 	.db #0xcc	; 204
   0333 C0                  864 	.db #0xc0	; 192
   0334 C0                  865 	.db #0xc0	; 192
   0335 81                  866 	.db #0x81	; 129
   0336 FF                  867 	.db #0xff	; 255
   0337 C0                  868 	.db #0xc0	; 192
   0338 C0                  869 	.db #0xc0	; 192
   0339 81                  870 	.db #0x81	; 129
   033A FF                  871 	.db #0xff	; 255
   033B C0                  872 	.db #0xc0	; 192
   033C C0                  873 	.db #0xc0	; 192
   033D 81                  874 	.db #0x81	; 129
   033E 03                  875 	.db #0x03	; 3
   033F C0                  876 	.db #0xc0	; 192
   0340 C0                  877 	.db #0xc0	; 192
   0341 C0                  878 	.db #0xc0	; 192
   0342 81                  879 	.db #0x81	; 129
   0343 EA                  880 	.db #0xea	; 234
   0344 C0                  881 	.db #0xc0	; 192
   0345 C0                  882 	.db #0xc0	; 192
   0346 81                  883 	.db #0x81	; 129
   0347 C8                  884 	.db #0xc8	; 200
   0348 C0                  885 	.db #0xc0	; 192
   0349 C0                  886 	.db #0xc0	; 192
   034A 81                  887 	.db #0x81	; 129
   034B C8                  888 	.db #0xc8	; 200
   034C C0                  889 	.db #0xc0	; 192
   034D C0                  890 	.db #0xc0	; 192
   034E 81                  891 	.db #0x81	; 129
   034F CC                  892 	.db #0xcc	; 204
   0350 C0                  893 	.db #0xc0	; 192
   0351 C0                  894 	.db #0xc0	; 192
   0352 81                  895 	.db #0x81	; 129
   0353 CC                  896 	.db #0xcc	; 204
   0354 57                  897 	.db #0x57	; 87	'W'
   0355 C0                  898 	.db #0xc0	; 192
   0356 81                  899 	.db #0x81	; 129
   0357 FF                  900 	.db #0xff	; 255
   0358 57                  901 	.db #0x57	; 87	'W'
   0359 FF                  902 	.db #0xff	; 255
   035A FF                  903 	.db #0xff	; 255
   035B FF                  904 	.db #0xff	; 255
   035C 03                  905 	.db #0x03	; 3
   035D 03                  906 	.db #0x03	; 3
   035E 03                  907 	.db #0x03	; 3
   035F 03                  908 	.db #0x03	; 3
   0360 57                  909 	.db #0x57	; 87	'W'
   0361 C0                  910 	.db #0xc0	; 192
   0362 57                  911 	.db #0x57	; 87	'W'
   0363 C0                  912 	.db #0xc0	; 192
   0364 46                  913 	.db #0x46	; 70	'F'
   0365 C0                  914 	.db #0xc0	; 192
   0366 46                  915 	.db #0x46	; 70	'F'
   0367 C0                  916 	.db #0xc0	; 192
   0368 46                  917 	.db #0x46	; 70	'F'
   0369 C0                  918 	.db #0xc0	; 192
   036A 46                  919 	.db #0x46	; 70	'F'
   036B C0                  920 	.db #0xc0	; 192
   036C 46                  921 	.db #0x46	; 70	'F'
   036D CC                  922 	.db #0xcc	; 204
   036E CC                  923 	.db #0xcc	; 204
   036F C8                  924 	.db #0xc8	; 200
   0370 46                  925 	.db #0x46	; 70	'F'
   0371 89                  926 	.db #0x89	; 137
   0372 03                  927 	.db #0x03	; 3
   0373 46                  928 	.db #0x46	; 70	'F'
   0374 57                  929 	.db #0x57	; 87	'W'
   0375 EA                  930 	.db #0xea	; 234
   0376 C0                  931 	.db #0xc0	; 192
   0377 57                  932 	.db #0x57	; 87	'W'
   0378 57                  933 	.db #0x57	; 87	'W'
   0379 EA                  934 	.db #0xea	; 234
   037A C0                  935 	.db #0xc0	; 192
   037B 57                  936 	.db #0x57	; 87	'W'
   037C 03                  937 	.db #0x03	; 3
   037D 42                  938 	.db #0x42	; 66	'B'
   037E C0                  939 	.db #0xc0	; 192
   037F 03                  940 	.db #0x03	; 3
   0380 57                  941 	.db #0x57	; 87	'W'
   0381 C0                  942 	.db #0xc0	; 192
   0382 C0                  943 	.db #0xc0	; 192
   0383 C0                  944 	.db #0xc0	; 192
   0384 46                  945 	.db #0x46	; 70	'F'
   0385 C0                  946 	.db #0xc0	; 192
   0386 C0                  947 	.db #0xc0	; 192
   0387 C0                  948 	.db #0xc0	; 192
   0388 46                  949 	.db #0x46	; 70	'F'
   0389 C0                  950 	.db #0xc0	; 192
   038A C0                  951 	.db #0xc0	; 192
   038B C0                  952 	.db #0xc0	; 192
   038C 46                  953 	.db #0x46	; 70	'F'
   038D C8                  954 	.db #0xc8	; 200
   038E C0                  955 	.db #0xc0	; 192
   038F C0                  956 	.db #0xc0	; 192
   0390 46                  957 	.db #0x46	; 70	'F'
   0391 C8                  958 	.db #0xc8	; 200
   0392 C0                  959 	.db #0xc0	; 192
   0393 C0                  960 	.db #0xc0	; 192
   0394 57                  961 	.db #0x57	; 87	'W'
   0395 EA                  962 	.db #0xea	; 234
   0396 C0                  963 	.db #0xc0	; 192
   0397 C0                  964 	.db #0xc0	; 192
   0398 57                  965 	.db #0x57	; 87	'W'
   0399 FF                  966 	.db #0xff	; 255
   039A FF                  967 	.db #0xff	; 255
   039B EA                  968 	.db #0xea	; 234
   039C 03                  969 	.db #0x03	; 3
   039D 03                  970 	.db #0x03	; 3
   039E 03                  971 	.db #0x03	; 3
   039F 42                  972 	.db #0x42	; 66	'B'
   03A0 57                  973 	.db #0x57	; 87	'W'
   03A1 FF                  974 	.db #0xff	; 255
   03A2 FF                  975 	.db #0xff	; 255
   03A3 EA                  976 	.db #0xea	; 234
   03A4 46                  977 	.db #0x46	; 70	'F'
   03A5 03                  978 	.db #0x03	; 3
   03A6 89                  979 	.db #0x89	; 137
   03A7 46                  980 	.db #0x46	; 70	'F'
   03A8 46                  981 	.db #0x46	; 70	'F'
   03A9 81                  982 	.db #0x81	; 129
   03AA C8                  983 	.db #0xc8	; 200
   03AB 46                  984 	.db #0x46	; 70	'F'
   03AC 46                  985 	.db #0x46	; 70	'F'
   03AD 89                  986 	.db #0x89	; 137
   03AE C8                  987 	.db #0xc8	; 200
   03AF 46                  988 	.db #0x46	; 70	'F'
   03B0 46                  989 	.db #0x46	; 70	'F'
   03B1 89                  990 	.db #0x89	; 137
   03B2 C8                  991 	.db #0xc8	; 200
   03B3 46                  992 	.db #0x46	; 70	'F'
   03B4 57                  993 	.db #0x57	; 87	'W'
   03B5 AB                  994 	.db #0xab	; 171
   03B6 EA                  995 	.db #0xea	; 234
   03B7 57                  996 	.db #0x57	; 87	'W'
   03B8 57                  997 	.db #0x57	; 87	'W'
   03B9 AB                  998 	.db #0xab	; 171
   03BA EA                  999 	.db #0xea	; 234
   03BB 57                 1000 	.db #0x57	; 87	'W'
   03BC 03                 1001 	.db #0x03	; 3
   03BD 03                 1002 	.db #0x03	; 3
   03BE 42                 1003 	.db #0x42	; 66	'B'
   03BF 03                 1004 	.db #0x03	; 3
   03C0 57                 1005 	.db #0x57	; 87	'W'
   03C1 FF                 1006 	.db #0xff	; 255
   03C2 FF                 1007 	.db #0xff	; 255
   03C3 EA                 1008 	.db #0xea	; 234
   03C4 46                 1009 	.db #0x46	; 70	'F'
   03C5 03                 1010 	.db #0x03	; 3
   03C6 03                 1011 	.db #0x03	; 3
   03C7 46                 1012 	.db #0x46	; 70	'F'
   03C8 46                 1013 	.db #0x46	; 70	'F'
   03C9 C0                 1014 	.db #0xc0	; 192
   03CA C0                 1015 	.db #0xc0	; 192
   03CB 46                 1016 	.db #0x46	; 70	'F'
   03CC 46                 1017 	.db #0x46	; 70	'F'
   03CD C8                 1018 	.db #0xc8	; 200
   03CE C0                 1019 	.db #0xc0	; 192
   03CF 46                 1020 	.db #0x46	; 70	'F'
   03D0 46                 1021 	.db #0x46	; 70	'F'
   03D1 C8                 1022 	.db #0xc8	; 200
   03D2 C0                 1023 	.db #0xc0	; 192
   03D3 46                 1024 	.db #0x46	; 70	'F'
   03D4 57                 1025 	.db #0x57	; 87	'W'
   03D5 EA                 1026 	.db #0xea	; 234
   03D6 C0                 1027 	.db #0xc0	; 192
   03D7 57                 1028 	.db #0x57	; 87	'W'
   03D8 57                 1029 	.db #0x57	; 87	'W'
   03D9 EA                 1030 	.db #0xea	; 234
   03DA C0                 1031 	.db #0xc0	; 192
   03DB 57                 1032 	.db #0x57	; 87	'W'
   03DC 03                 1033 	.db #0x03	; 3
   03DD 42                 1034 	.db #0x42	; 66	'B'
   03DE C0                 1035 	.db #0xc0	; 192
   03DF 03                 1036 	.db #0x03	; 3
   03E0 57                 1037 	.db #0x57	; 87	'W'
   03E1 FF                 1038 	.db #0xff	; 255
   03E2 FF                 1039 	.db #0xff	; 255
   03E3 FF                 1040 	.db #0xff	; 255
   03E4 46                 1041 	.db #0x46	; 70	'F'
   03E5 03                 1042 	.db #0x03	; 3
   03E6 03                 1043 	.db #0x03	; 3
   03E7 CC                 1044 	.db #0xcc	; 204
   03E8 46                 1045 	.db #0x46	; 70	'F'
   03E9 C0                 1046 	.db #0xc0	; 192
   03EA 81                 1047 	.db #0x81	; 129
   03EB CC                 1048 	.db #0xcc	; 204
   03EC 46                 1049 	.db #0x46	; 70	'F'
   03ED C0                 1050 	.db #0xc0	; 192
   03EE 81                 1051 	.db #0x81	; 129
   03EF CC                 1052 	.db #0xcc	; 204
   03F0 46                 1053 	.db #0x46	; 70	'F'
   03F1 C0                 1054 	.db #0xc0	; 192
   03F2 81                 1055 	.db #0x81	; 129
   03F3 46                 1056 	.db #0x46	; 70	'F'
   03F4 57                 1057 	.db #0x57	; 87	'W'
   03F5 C0                 1058 	.db #0xc0	; 192
   03F6 C0                 1059 	.db #0xc0	; 192
   03F7 57                 1060 	.db #0x57	; 87	'W'
   03F8 57                 1061 	.db #0x57	; 87	'W'
   03F9 FF                 1062 	.db #0xff	; 255
   03FA FF                 1063 	.db #0xff	; 255
   03FB FF                 1064 	.db #0xff	; 255
   03FC 03                 1065 	.db #0x03	; 3
   03FD 03                 1066 	.db #0x03	; 3
   03FE 03                 1067 	.db #0x03	; 3
   03FF 03                 1068 	.db #0x03	; 3
   0400 57                 1069 	.db #0x57	; 87	'W'
   0401 FF                 1070 	.db #0xff	; 255
   0402 FF                 1071 	.db #0xff	; 255
   0403 EA                 1072 	.db #0xea	; 234
   0404 46                 1073 	.db #0x46	; 70	'F'
   0405 03                 1074 	.db #0x03	; 3
   0406 03                 1075 	.db #0x03	; 3
   0407 46                 1076 	.db #0x46	; 70	'F'
   0408 46                 1077 	.db #0x46	; 70	'F'
   0409 C0                 1078 	.db #0xc0	; 192
   040A C0                 1079 	.db #0xc0	; 192
   040B 46                 1080 	.db #0x46	; 70	'F'
   040C 46                 1081 	.db #0x46	; 70	'F'
   040D CC                 1082 	.db #0xcc	; 204
   040E CC                 1083 	.db #0xcc	; 204
   040F 89                 1084 	.db #0x89	; 137
   0410 46                 1085 	.db #0x46	; 70	'F'
   0411 89                 1086 	.db #0x89	; 137
   0412 03                 1087 	.db #0x03	; 3
   0413 42                 1088 	.db #0x42	; 66	'B'
   0414 57                 1089 	.db #0x57	; 87	'W'
   0415 EA                 1090 	.db #0xea	; 234
   0416 C0                 1091 	.db #0xc0	; 192
   0417 C0                 1092 	.db #0xc0	; 192
   0418 57                 1093 	.db #0x57	; 87	'W'
   0419 EA                 1094 	.db #0xea	; 234
   041A C0                 1095 	.db #0xc0	; 192
   041B C0                 1096 	.db #0xc0	; 192
   041C 03                 1097 	.db #0x03	; 3
   041D 42                 1098 	.db #0x42	; 66	'B'
   041E C0                 1099 	.db #0xc0	; 192
   041F C0                 1100 	.db #0xc0	; 192
   0420 57                 1101 	.db #0x57	; 87	'W'
   0421 FF                 1102 	.db #0xff	; 255
   0422 FF                 1103 	.db #0xff	; 255
   0423 FF                 1104 	.db #0xff	; 255
   0424 46                 1105 	.db #0x46	; 70	'F'
   0425 03                 1106 	.db #0x03	; 3
   0426 03                 1107 	.db #0x03	; 3
   0427 46                 1108 	.db #0x46	; 70	'F'
   0428 46                 1109 	.db #0x46	; 70	'F'
   0429 C0                 1110 	.db #0xc0	; 192
   042A C0                 1111 	.db #0xc0	; 192
   042B 46                 1112 	.db #0x46	; 70	'F'
   042C 46                 1113 	.db #0x46	; 70	'F'
   042D C0                 1114 	.db #0xc0	; 192
   042E C0                 1115 	.db #0xc0	; 192
   042F 46                 1116 	.db #0x46	; 70	'F'
   0430 46                 1117 	.db #0x46	; 70	'F'
   0431 C0                 1118 	.db #0xc0	; 192
   0432 C0                 1119 	.db #0xc0	; 192
   0433 46                 1120 	.db #0x46	; 70	'F'
   0434 57                 1121 	.db #0x57	; 87	'W'
   0435 81                 1122 	.db #0x81	; 129
   0436 FF                 1123 	.db #0xff	; 255
   0437 FF                 1124 	.db #0xff	; 255
   0438 57                 1125 	.db #0x57	; 87	'W'
   0439 FF                 1126 	.db #0xff	; 255
   043A FF                 1127 	.db #0xff	; 255
   043B FF                 1128 	.db #0xff	; 255
   043C 03                 1129 	.db #0x03	; 3
   043D 03                 1130 	.db #0x03	; 3
   043E 03                 1131 	.db #0x03	; 3
   043F 03                 1132 	.db #0x03	; 3
   0440 57                 1133 	.db #0x57	; 87	'W'
   0441 FF                 1134 	.db #0xff	; 255
   0442 FF                 1135 	.db #0xff	; 255
   0443 C0                 1136 	.db #0xc0	; 192
   0444 46                 1137 	.db #0x46	; 70	'F'
   0445 03                 1138 	.db #0x03	; 3
   0446 03                 1139 	.db #0x03	; 3
   0447 C8                 1140 	.db #0xc8	; 200
   0448 46                 1141 	.db #0x46	; 70	'F'
   0449 C0                 1142 	.db #0xc0	; 192
   044A 81                 1143 	.db #0x81	; 129
   044B C8                 1144 	.db #0xc8	; 200
   044C 46                 1145 	.db #0x46	; 70	'F'
   044D CC                 1146 	.db #0xcc	; 204
   044E CC                 1147 	.db #0xcc	; 204
   044F 42                 1148 	.db #0x42	; 66	'B'
   0450 46                 1149 	.db #0x46	; 70	'F'
   0451 89                 1150 	.db #0x89	; 137
   0452 03                 1151 	.db #0x03	; 3
   0453 C8                 1152 	.db #0xc8	; 200
   0454 57                 1153 	.db #0x57	; 87	'W'
   0455 EA                 1154 	.db #0xea	; 234
   0456 C0                 1155 	.db #0xc0	; 192
   0457 57                 1156 	.db #0x57	; 87	'W'
   0458 57                 1157 	.db #0x57	; 87	'W'
   0459 EA                 1158 	.db #0xea	; 234
   045A C0                 1159 	.db #0xc0	; 192
   045B 57                 1160 	.db #0x57	; 87	'W'
   045C 03                 1161 	.db #0x03	; 3
   045D 42                 1162 	.db #0x42	; 66	'B'
   045E C0                 1163 	.db #0xc0	; 192
   045F 03                 1164 	.db #0x03	; 3
   0460 57                 1165 	.db #0x57	; 87	'W'
   0461 FF                 1166 	.db #0xff	; 255
   0462 FF                 1167 	.db #0xff	; 255
   0463 FF                 1168 	.db #0xff	; 255
   0464 46                 1169 	.db #0x46	; 70	'F'
   0465 03                 1170 	.db #0x03	; 3
   0466 03                 1171 	.db #0x03	; 3
   0467 46                 1172 	.db #0x46	; 70	'F'
   0468 46                 1173 	.db #0x46	; 70	'F'
   0469 C0                 1174 	.db #0xc0	; 192
   046A C0                 1175 	.db #0xc0	; 192
   046B 03                 1176 	.db #0x03	; 3
   046C 46                 1177 	.db #0x46	; 70	'F'
   046D CC                 1178 	.db #0xcc	; 204
   046E CC                 1179 	.db #0xcc	; 204
   046F CC                 1180 	.db #0xcc	; 204
   0470 03                 1181 	.db #0x03	; 3
   0471 03                 1182 	.db #0x03	; 3
   0472 03                 1183 	.db #0x03	; 3
   0473 CC                 1184 	.db #0xcc	; 204
   0474 57                 1185 	.db #0x57	; 87	'W'
   0475 C0                 1186 	.db #0xc0	; 192
   0476 81                 1187 	.db #0x81	; 129
   0477 FF                 1188 	.db #0xff	; 255
   0478 57                 1189 	.db #0x57	; 87	'W'
   0479 FF                 1190 	.db #0xff	; 255
   047A FF                 1191 	.db #0xff	; 255
   047B FF                 1192 	.db #0xff	; 255
   047C 03                 1193 	.db #0x03	; 3
   047D 03                 1194 	.db #0x03	; 3
   047E 03                 1195 	.db #0x03	; 3
   047F 03                 1196 	.db #0x03	; 3
   0480 57                 1197 	.db #0x57	; 87	'W'
   0481 FF                 1198 	.db #0xff	; 255
   0482 FF                 1199 	.db #0xff	; 255
   0483 FF                 1200 	.db #0xff	; 255
   0484 03                 1201 	.db #0x03	; 3
   0485 03                 1202 	.db #0x03	; 3
   0486 89                 1203 	.db #0x89	; 137
   0487 03                 1204 	.db #0x03	; 3
   0488 C0                 1205 	.db #0xc0	; 192
   0489 81                 1206 	.db #0x81	; 129
   048A C8                 1207 	.db #0xc8	; 200
   048B C0                 1208 	.db #0xc0	; 192
   048C C0                 1209 	.db #0xc0	; 192
   048D 81                 1210 	.db #0x81	; 129
   048E CC                 1211 	.db #0xcc	; 204
   048F C0                 1212 	.db #0xc0	; 192
   0490 C0                 1213 	.db #0xc0	; 192
   0491 81                 1214 	.db #0x81	; 129
   0492 CC                 1215 	.db #0xcc	; 204
   0493 C0                 1216 	.db #0xc0	; 192
   0494 C0                 1217 	.db #0xc0	; 192
   0495 81                 1218 	.db #0x81	; 129
   0496 FF                 1219 	.db #0xff	; 255
   0497 C0                 1220 	.db #0xc0	; 192
   0498 C0                 1221 	.db #0xc0	; 192
   0499 81                 1222 	.db #0x81	; 129
   049A FF                 1223 	.db #0xff	; 255
   049B C0                 1224 	.db #0xc0	; 192
   049C C0                 1225 	.db #0xc0	; 192
   049D 81                 1226 	.db #0x81	; 129
   049E 03                 1227 	.db #0x03	; 3
   049F C0                 1228 	.db #0xc0	; 192
   04A0 57                 1229 	.db #0x57	; 87	'W'
   04A1 C0                 1230 	.db #0xc0	; 192
   04A2 C0                 1231 	.db #0xc0	; 192
   04A3 57                 1232 	.db #0x57	; 87	'W'
   04A4 46                 1233 	.db #0x46	; 70	'F'
   04A5 C0                 1234 	.db #0xc0	; 192
   04A6 C0                 1235 	.db #0xc0	; 192
   04A7 46                 1236 	.db #0x46	; 70	'F'
   04A8 46                 1237 	.db #0x46	; 70	'F'
   04A9 C0                 1238 	.db #0xc0	; 192
   04AA C0                 1239 	.db #0xc0	; 192
   04AB 46                 1240 	.db #0x46	; 70	'F'
   04AC 46                 1241 	.db #0x46	; 70	'F'
   04AD C8                 1242 	.db #0xc8	; 200
   04AE C0                 1243 	.db #0xc0	; 192
   04AF 46                 1244 	.db #0x46	; 70	'F'
   04B0 46                 1245 	.db #0x46	; 70	'F'
   04B1 C8                 1246 	.db #0xc8	; 200
   04B2 C0                 1247 	.db #0xc0	; 192
   04B3 46                 1248 	.db #0x46	; 70	'F'
   04B4 57                 1249 	.db #0x57	; 87	'W'
   04B5 EA                 1250 	.db #0xea	; 234
   04B6 C0                 1251 	.db #0xc0	; 192
   04B7 57                 1252 	.db #0x57	; 87	'W'
   04B8 57                 1253 	.db #0x57	; 87	'W'
   04B9 FF                 1254 	.db #0xff	; 255
   04BA FF                 1255 	.db #0xff	; 255
   04BB FF                 1256 	.db #0xff	; 255
   04BC 03                 1257 	.db #0x03	; 3
   04BD 03                 1258 	.db #0x03	; 3
   04BE 03                 1259 	.db #0x03	; 3
   04BF 03                 1260 	.db #0x03	; 3
   04C0 57                 1261 	.db #0x57	; 87	'W'
   04C1 EA                 1262 	.db #0xea	; 234
   04C2 C0                 1263 	.db #0xc0	; 192
   04C3 57                 1264 	.db #0x57	; 87	'W'
   04C4 46                 1265 	.db #0x46	; 70	'F'
   04C5 C8                 1266 	.db #0xc8	; 200
   04C6 C0                 1267 	.db #0xc0	; 192
   04C7 46                 1268 	.db #0x46	; 70	'F'
   04C8 46                 1269 	.db #0x46	; 70	'F'
   04C9 C8                 1270 	.db #0xc8	; 200
   04CA C0                 1271 	.db #0xc0	; 192
   04CB 46                 1272 	.db #0x46	; 70	'F'
   04CC 46                 1273 	.db #0x46	; 70	'F'
   04CD C8                 1274 	.db #0xc8	; 200
   04CE C0                 1275 	.db #0xc0	; 192
   04CF 46                 1276 	.db #0x46	; 70	'F'
   04D0 03                 1277 	.db #0x03	; 3
   04D1 57                 1278 	.db #0x57	; 87	'W'
   04D2 81                 1279 	.db #0x81	; 129
   04D3 AB                 1280 	.db #0xab	; 171
   04D4 C0                 1281 	.db #0xc0	; 192
   04D5 57                 1282 	.db #0x57	; 87	'W'
   04D6 81                 1283 	.db #0x81	; 129
   04D7 EA                 1284 	.db #0xea	; 234
   04D8 C0                 1285 	.db #0xc0	; 192
   04D9 57                 1286 	.db #0x57	; 87	'W'
   04DA FF                 1287 	.db #0xff	; 255
   04DB EA                 1288 	.db #0xea	; 234
   04DC C0                 1289 	.db #0xc0	; 192
   04DD 03                 1290 	.db #0x03	; 3
   04DE 03                 1291 	.db #0x03	; 3
   04DF 42                 1292 	.db #0x42	; 66	'B'
   04E0 57                 1293 	.db #0x57	; 87	'W'
   04E1 81                 1294 	.db #0x81	; 129
   04E2 EA                 1295 	.db #0xea	; 234
   04E3 57                 1296 	.db #0x57	; 87	'W'
   04E4 46                 1297 	.db #0x46	; 70	'F'
   04E5 81                 1298 	.db #0x81	; 129
   04E6 C8                 1299 	.db #0xc8	; 200
   04E7 46                 1300 	.db #0x46	; 70	'F'
   04E8 46                 1301 	.db #0x46	; 70	'F'
   04E9 81                 1302 	.db #0x81	; 129
   04EA C8                 1303 	.db #0xc8	; 200
   04EB 46                 1304 	.db #0x46	; 70	'F'
   04EC 46                 1305 	.db #0x46	; 70	'F'
   04ED 89                 1306 	.db #0x89	; 137
   04EE C8                 1307 	.db #0xc8	; 200
   04EF 46                 1308 	.db #0x46	; 70	'F'
   04F0 46                 1309 	.db #0x46	; 70	'F'
   04F1 89                 1310 	.db #0x89	; 137
   04F2 C8                 1311 	.db #0xc8	; 200
   04F3 46                 1312 	.db #0x46	; 70	'F'
   04F4 57                 1313 	.db #0x57	; 87	'W'
   04F5 AB                 1314 	.db #0xab	; 171
   04F6 EA                 1315 	.db #0xea	; 234
   04F7 57                 1316 	.db #0x57	; 87	'W'
   04F8 57                 1317 	.db #0x57	; 87	'W'
   04F9 FF                 1318 	.db #0xff	; 255
   04FA FF                 1319 	.db #0xff	; 255
   04FB FF                 1320 	.db #0xff	; 255
   04FC 03                 1321 	.db #0x03	; 3
   04FD 03                 1322 	.db #0x03	; 3
   04FE 03                 1323 	.db #0x03	; 3
   04FF 03                 1324 	.db #0x03	; 3
   0500 57                 1325 	.db #0x57	; 87	'W'
   0501 C0                 1326 	.db #0xc0	; 192
   0502 C0                 1327 	.db #0xc0	; 192
   0503 57                 1328 	.db #0x57	; 87	'W'
   0504 46                 1329 	.db #0x46	; 70	'F'
   0505 C0                 1330 	.db #0xc0	; 192
   0506 C0                 1331 	.db #0xc0	; 192
   0507 46                 1332 	.db #0x46	; 70	'F'
   0508 03                 1333 	.db #0x03	; 3
   0509 C8                 1334 	.db #0xc8	; 200
   050A 81                 1335 	.db #0x81	; 129
   050B 89                 1336 	.db #0x89	; 137
   050C 81                 1337 	.db #0x81	; 129
   050D 46                 1338 	.db #0x46	; 70	'F'
   050E CC                 1339 	.db #0xcc	; 204
   050F 42                 1340 	.db #0x42	; 66	'B'
   0510 81                 1341 	.db #0x81	; 129
   0511 CC                 1342 	.db #0xcc	; 204
   0512 03                 1343 	.db #0x03	; 3
   0513 C8                 1344 	.db #0xc8	; 200
   0514 57                 1345 	.db #0x57	; 87	'W'
   0515 AB                 1346 	.db #0xab	; 171
   0516 C0                 1347 	.db #0xc0	; 192
   0517 57                 1348 	.db #0x57	; 87	'W'
   0518 57                 1349 	.db #0x57	; 87	'W'
   0519 EA                 1350 	.db #0xea	; 234
   051A C0                 1351 	.db #0xc0	; 192
   051B 57                 1352 	.db #0x57	; 87	'W'
   051C 03                 1353 	.db #0x03	; 3
   051D 42                 1354 	.db #0x42	; 66	'B'
   051E C0                 1355 	.db #0xc0	; 192
   051F 03                 1356 	.db #0x03	; 3
   0520 57                 1357 	.db #0x57	; 87	'W'
   0521 C0                 1358 	.db #0xc0	; 192
   0522 C0                 1359 	.db #0xc0	; 192
   0523 57                 1360 	.db #0x57	; 87	'W'
   0524 46                 1361 	.db #0x46	; 70	'F'
   0525 C0                 1362 	.db #0xc0	; 192
   0526 C0                 1363 	.db #0xc0	; 192
   0527 46                 1364 	.db #0x46	; 70	'F'
   0528 46                 1365 	.db #0x46	; 70	'F'
   0529 C0                 1366 	.db #0xc0	; 192
   052A C0                 1367 	.db #0xc0	; 192
   052B 46                 1368 	.db #0x46	; 70	'F'
   052C 46                 1369 	.db #0x46	; 70	'F'
   052D CC                 1370 	.db #0xcc	; 204
   052E CC                 1371 	.db #0xcc	; 204
   052F CC                 1372 	.db #0xcc	; 204
   0530 03                 1373 	.db #0x03	; 3
   0531 03                 1374 	.db #0x03	; 3
   0532 CC                 1375 	.db #0xcc	; 204
   0533 03                 1376 	.db #0x03	; 3
   0534 C0                 1377 	.db #0xc0	; 192
   0535 81                 1378 	.db #0x81	; 129
   0536 FF                 1379 	.db #0xff	; 255
   0537 C0                 1380 	.db #0xc0	; 192
   0538 C0                 1381 	.db #0xc0	; 192
   0539 81                 1382 	.db #0x81	; 129
   053A FF                 1383 	.db #0xff	; 255
   053B C0                 1384 	.db #0xc0	; 192
   053C C0                 1385 	.db #0xc0	; 192
   053D 81                 1386 	.db #0x81	; 129
   053E 03                 1387 	.db #0x03	; 3
   053F C0                 1388 	.db #0xc0	; 192
   0540 57                 1389 	.db #0x57	; 87	'W'
   0541 FF                 1390 	.db #0xff	; 255
   0542 FF                 1391 	.db #0xff	; 255
   0543 FF                 1392 	.db #0xff	; 255
   0544 46                 1393 	.db #0x46	; 70	'F'
   0545 03                 1394 	.db #0x03	; 3
   0546 03                 1395 	.db #0x03	; 3
   0547 46                 1396 	.db #0x46	; 70	'F'
   0548 03                 1397 	.db #0x03	; 3
   0549 C0                 1398 	.db #0xc0	; 192
   054A 81                 1399 	.db #0x81	; 129
   054B CC                 1400 	.db #0xcc	; 204
   054C C0                 1401 	.db #0xc0	; 192
   054D 46                 1402 	.db #0x46	; 70	'F'
   054E CC                 1403 	.db #0xcc	; 204
   054F 03                 1404 	.db #0x03	; 3
   0550 46                 1405 	.db #0x46	; 70	'F'
   0551 89                 1406 	.db #0x89	; 137
   0552 03                 1407 	.db #0x03	; 3
   0553 C0                 1408 	.db #0xc0	; 192
   0554 57                 1409 	.db #0x57	; 87	'W'
   0555 EA                 1410 	.db #0xea	; 234
   0556 C0                 1411 	.db #0xc0	; 192
   0557 57                 1412 	.db #0x57	; 87	'W'
   0558 57                 1413 	.db #0x57	; 87	'W'
   0559 FF                 1414 	.db #0xff	; 255
   055A FF                 1415 	.db #0xff	; 255
   055B FF                 1416 	.db #0xff	; 255
   055C 03                 1417 	.db #0x03	; 3
   055D 03                 1418 	.db #0x03	; 3
   055E 03                 1419 	.db #0x03	; 3
   055F 03                 1420 	.db #0x03	; 3
                           1421 	.area _INITIALIZER
                           1422 	.area _CABS (ABS)
