                              1 ;--------------------------------------------------------
                              2 ; File Created by SDCC : free open source ANSI-C Compiler
                              3 ; Version 3.6.8 #9946 (CYGWIN)
                              4 ;--------------------------------------------------------
                              5 	.module logo
                              6 	.optsdcc -mz80
                              7 	
                              8 ;--------------------------------------------------------
                              9 ; Public variables in this module
                             10 ;--------------------------------------------------------
                             11 	.globl _g_logo
                             12 ;--------------------------------------------------------
                             13 ; special function registers
                             14 ;--------------------------------------------------------
                             15 ;--------------------------------------------------------
                             16 ; ram data
                             17 ;--------------------------------------------------------
                             18 	.area _DATA
                             19 ;--------------------------------------------------------
                             20 ; ram data
                             21 ;--------------------------------------------------------
                             22 	.area _INITIALIZED
                             23 ;--------------------------------------------------------
                             24 ; absolute external ram data
                             25 ;--------------------------------------------------------
                             26 	.area _DABS (ABS)
                             27 ;--------------------------------------------------------
                             28 ; global & static initialisations
                             29 ;--------------------------------------------------------
                             30 	.area _HOME
                             31 	.area _GSINIT
                             32 	.area _GSFINAL
                             33 	.area _GSINIT
                             34 ;--------------------------------------------------------
                             35 ; Home
                             36 ;--------------------------------------------------------
                             37 	.area _HOME
                             38 	.area _HOME
                             39 ;--------------------------------------------------------
                             40 ; code
                             41 ;--------------------------------------------------------
                             42 	.area _CODE
                             43 	.area _CODE
   0000                      44 _g_logo:
   0000 C4                   45 	.db #0xc4	; 196
   0001 CC                   46 	.db #0xcc	; 204
   0002 CC                   47 	.db #0xcc	; 204
   0003 CC                   48 	.db #0xcc	; 204
   0004 C4                   49 	.db #0xc4	; 196
   0005 CC                   50 	.db #0xcc	; 204
   0006 CC                   51 	.db #0xcc	; 204
   0007 CC                   52 	.db #0xcc	; 204
   0008 C4                   53 	.db #0xc4	; 196
   0009 CC                   54 	.db #0xcc	; 204
   000A CC                   55 	.db #0xcc	; 204
   000B C8                   56 	.db #0xc8	; 200
   000C C0                   57 	.db #0xc0	; 192
   000D 91                   58 	.db #0x91	; 145
   000E 33                   59 	.db #0x33	; 51	'3'
   000F 33                   60 	.db #0x33	; 51	'3'
   0010 33                   61 	.db #0x33	; 51	'3'
   0011 33                   62 	.db #0x33	; 51	'3'
   0012 33                   63 	.db #0x33	; 51	'3'
   0013 33                   64 	.db #0x33	; 51	'3'
   0014 C0                   65 	.db #0xc0	; 192
   0015 C0                   66 	.db #0xc0	; 192
   0016 C4                   67 	.db #0xc4	; 196
   0017 CC                   68 	.db #0xcc	; 204
   0018 CC                   69 	.db #0xcc	; 204
   0019 CC                   70 	.db #0xcc	; 204
   001A C4                   71 	.db #0xc4	; 196
   001B C8                   72 	.db #0xc8	; 200
   001C C0                   73 	.db #0xc0	; 192
   001D C0                   74 	.db #0xc0	; 192
   001E C4                   75 	.db #0xc4	; 196
   001F CC                   76 	.db #0xcc	; 204
   0020 CC                   77 	.db #0xcc	; 204
   0021 CC                   78 	.db #0xcc	; 204
   0022 C4                   79 	.db #0xc4	; 196
   0023 CC                   80 	.db #0xcc	; 204
   0024 C0                   81 	.db #0xc0	; 192
   0025 C4                   82 	.db #0xc4	; 196
   0026 C8                   83 	.db #0xc8	; 200
   0027 CC                   84 	.db #0xcc	; 204
   0028 CC                   85 	.db #0xcc	; 204
   0029 CC                   86 	.db #0xcc	; 204
   002A C4                   87 	.db #0xc4	; 196
   002B CC                   88 	.db #0xcc	; 204
   002C CC                   89 	.db #0xcc	; 204
   002D CC                   90 	.db #0xcc	; 204
   002E C4                   91 	.db #0xc4	; 196
   002F CC                   92 	.db #0xcc	; 204
   0030 CC                   93 	.db #0xcc	; 204
   0031 CC                   94 	.db #0xcc	; 204
   0032 C4                   95 	.db #0xc4	; 196
   0033 CC                   96 	.db #0xcc	; 204
   0034 CC                   97 	.db #0xcc	; 204
   0035 CC                   98 	.db #0xcc	; 204
   0036 C4                   99 	.db #0xc4	; 196
   0037 CC                  100 	.db #0xcc	; 204
   0038 CC                  101 	.db #0xcc	; 204
   0039 CC                  102 	.db #0xcc	; 204
   003A C0                  103 	.db #0xc0	; 192
   003B 91                  104 	.db #0x91	; 145
   003C F3                  105 	.db #0xf3	; 243
   003D F3                  106 	.db #0xf3	; 243
   003E F3                  107 	.db #0xf3	; 243
   003F F3                  108 	.db #0xf3	; 243
   0040 F3                  109 	.db #0xf3	; 243
   0041 F3                  110 	.db #0xf3	; 243
   0042 62                  111 	.db #0x62	; 98	'b'
   0043 C0                  112 	.db #0xc0	; 192
   0044 C4                  113 	.db #0xc4	; 196
   0045 CC                  114 	.db #0xcc	; 204
   0046 CC                  115 	.db #0xcc	; 204
   0047 CC                  116 	.db #0xcc	; 204
   0048 C4                  117 	.db #0xc4	; 196
   0049 C8                  118 	.db #0xc8	; 200
   004A C0                  119 	.db #0xc0	; 192
   004B C0                  120 	.db #0xc0	; 192
   004C C4                  121 	.db #0xc4	; 196
   004D CC                  122 	.db #0xcc	; 204
   004E CC                  123 	.db #0xcc	; 204
   004F CC                  124 	.db #0xcc	; 204
   0050 C4                  125 	.db #0xc4	; 196
   0051 CC                  126 	.db #0xcc	; 204
   0052 C8                  127 	.db #0xc8	; 200
   0053 C4                  128 	.db #0xc4	; 196
   0054 C8                  129 	.db #0xc8	; 200
   0055 CC                  130 	.db #0xcc	; 204
   0056 CC                  131 	.db #0xcc	; 204
   0057 CC                  132 	.db #0xcc	; 204
   0058 C1                  133 	.db #0xc1	; 193
   0059 CC                  134 	.db #0xcc	; 204
   005A CC                  135 	.db #0xcc	; 204
   005B CC                  136 	.db #0xcc	; 204
   005C C4                  137 	.db #0xc4	; 196
   005D C9                  138 	.db #0xc9	; 201
   005E C3                  139 	.db #0xc3	; 195
   005F CC                  140 	.db #0xcc	; 204
   0060 C4                  141 	.db #0xc4	; 196
   0061 C9                  142 	.db #0xc9	; 201
   0062 C3                  143 	.db #0xc3	; 195
   0063 C3                  144 	.db #0xc3	; 195
   0064 C4                  145 	.db #0xc4	; 196
   0065 C9                  146 	.db #0xc9	; 201
   0066 C3                  147 	.db #0xc3	; 195
   0067 CC                  148 	.db #0xcc	; 204
   0068 C0                  149 	.db #0xc0	; 192
   0069 91                  150 	.db #0x91	; 145
   006A F3                  151 	.db #0xf3	; 243
   006B F3                  152 	.db #0xf3	; 243
   006C F3                  153 	.db #0xf3	; 243
   006D F3                  154 	.db #0xf3	; 243
   006E F3                  155 	.db #0xf3	; 243
   006F F3                  156 	.db #0xf3	; 243
   0070 B3                  157 	.db #0xb3	; 179
   0071 C0                  158 	.db #0xc0	; 192
   0072 C4                  159 	.db #0xc4	; 196
   0073 C9                  160 	.db #0xc9	; 201
   0074 C3                  161 	.db #0xc3	; 195
   0075 CC                  162 	.db #0xcc	; 204
   0076 C4                  163 	.db #0xc4	; 196
   0077 C8                  164 	.db #0xc8	; 200
   0078 C0                  165 	.db #0xc0	; 192
   0079 C0                  166 	.db #0xc0	; 192
   007A C4                  167 	.db #0xc4	; 196
   007B C9                  168 	.db #0xc9	; 201
   007C C3                  169 	.db #0xc3	; 195
   007D CC                  170 	.db #0xcc	; 204
   007E C4                  171 	.db #0xc4	; 196
   007F CC                  172 	.db #0xcc	; 204
   0080 CC                  173 	.db #0xcc	; 204
   0081 C4                  174 	.db #0xc4	; 196
   0082 C8                  175 	.db #0xc8	; 200
   0083 CC                  176 	.db #0xcc	; 204
   0084 C3                  177 	.db #0xc3	; 195
   0085 C3                  178 	.db #0xc3	; 195
   0086 81                  179 	.db #0x81	; 129
   0087 C3                  180 	.db #0xc3	; 195
   0088 CC                  181 	.db #0xcc	; 204
   0089 C3                  182 	.db #0xc3	; 195
   008A C4                  183 	.db #0xc4	; 196
   008B 89                  184 	.db #0x89	; 137
   008C CC                  185 	.db #0xcc	; 204
   008D CC                  186 	.db #0xcc	; 204
   008E C4                  187 	.db #0xc4	; 196
   008F 89                  188 	.db #0x89	; 137
   0090 46                  189 	.db #0x46	; 70	'F'
   0091 CC                  190 	.db #0xcc	; 204
   0092 C4                  191 	.db #0xc4	; 196
   0093 89                  192 	.db #0x89	; 137
   0094 03                  193 	.db #0x03	; 3
   0095 CC                  194 	.db #0xcc	; 204
   0096 C0                  195 	.db #0xc0	; 192
   0097 91                  196 	.db #0x91	; 145
   0098 F3                  197 	.db #0xf3	; 243
   0099 F3                  198 	.db #0xf3	; 243
   009A F3                  199 	.db #0xf3	; 243
   009B F3                  200 	.db #0xf3	; 243
   009C F3                  201 	.db #0xf3	; 243
   009D F3                  202 	.db #0xf3	; 243
   009E B3                  203 	.db #0xb3	; 179
   009F C0                  204 	.db #0xc0	; 192
   00A0 C4                  205 	.db #0xc4	; 196
   00A1 89                  206 	.db #0x89	; 137
   00A2 CC                  207 	.db #0xcc	; 204
   00A3 CC                  208 	.db #0xcc	; 204
   00A4 C4                  209 	.db #0xc4	; 196
   00A5 C8                  210 	.db #0xc8	; 200
   00A6 C0                  211 	.db #0xc0	; 192
   00A7 C0                  212 	.db #0xc0	; 192
   00A8 C4                  213 	.db #0xc4	; 196
   00A9 89                  214 	.db #0x89	; 137
   00AA 03                  215 	.db #0x03	; 3
   00AB CC                  216 	.db #0xcc	; 204
   00AC C4                  217 	.db #0xc4	; 196
   00AD CC                  218 	.db #0xcc	; 204
   00AE CC                  219 	.db #0xcc	; 204
   00AF CC                  220 	.db #0xcc	; 204
   00B0 C8                  221 	.db #0xc8	; 200
   00B1 CC                  222 	.db #0xcc	; 204
   00B2 46                  223 	.db #0x46	; 70	'F'
   00B3 CC                  224 	.db #0xcc	; 204
   00B4 C0                  225 	.db #0xc0	; 192
   00B5 03                  226 	.db #0x03	; 3
   00B6 CC                  227 	.db #0xcc	; 204
   00B7 03                  228 	.db #0x03	; 3
   00B8 C4                  229 	.db #0xc4	; 196
   00B9 C8                  230 	.db #0xc8	; 200
   00BA CC                  231 	.db #0xcc	; 204
   00BB CC                  232 	.db #0xcc	; 204
   00BC C4                  233 	.db #0xc4	; 196
   00BD C8                  234 	.db #0xc8	; 200
   00BE C4                  235 	.db #0xc4	; 196
   00BF CC                  236 	.db #0xcc	; 204
   00C0 C4                  237 	.db #0xc4	; 196
   00C1 C8                  238 	.db #0xc8	; 200
   00C2 C0                  239 	.db #0xc0	; 192
   00C3 CC                  240 	.db #0xcc	; 204
   00C4 C0                  241 	.db #0xc0	; 192
   00C5 C1                  242 	.db #0xc1	; 193
   00C6 73                  243 	.db #0x73	; 115	's'
   00C7 F3                  244 	.db #0xf3	; 243
   00C8 F3                  245 	.db #0xf3	; 243
   00C9 F3                  246 	.db #0xf3	; 243
   00CA F3                  247 	.db #0xf3	; 243
   00CB F3                  248 	.db #0xf3	; 243
   00CC B3                  249 	.db #0xb3	; 179
   00CD C0                  250 	.db #0xc0	; 192
   00CE C4                  251 	.db #0xc4	; 196
   00CF C8                  252 	.db #0xc8	; 200
   00D0 CC                  253 	.db #0xcc	; 204
   00D1 CC                  254 	.db #0xcc	; 204
   00D2 C4                  255 	.db #0xc4	; 196
   00D3 C8                  256 	.db #0xc8	; 200
   00D4 C0                  257 	.db #0xc0	; 192
   00D5 C0                  258 	.db #0xc0	; 192
   00D6 C4                  259 	.db #0xc4	; 196
   00D7 CC                  260 	.db #0xcc	; 204
   00D8 CC                  261 	.db #0xcc	; 204
   00D9 CC                  262 	.db #0xcc	; 204
   00DA C4                  263 	.db #0xc4	; 196
   00DB C9                  264 	.db #0xc9	; 201
   00DC CC                  265 	.db #0xcc	; 204
   00DD CC                  266 	.db #0xcc	; 204
   00DE C8                  267 	.db #0xc8	; 200
   00DF CC                  268 	.db #0xcc	; 204
   00E0 C4                  269 	.db #0xc4	; 196
   00E1 CC                  270 	.db #0xcc	; 204
   00E2 C0                  271 	.db #0xc0	; 192
   00E3 C0                  272 	.db #0xc0	; 192
   00E4 CC                  273 	.db #0xcc	; 204
   00E5 C0                  274 	.db #0xc0	; 192
   00E6 84                  275 	.db #0x84	; 132
   00E7 48                  276 	.db #0x48	; 72	'H'
   00E8 0C                  277 	.db #0x0c	; 12
   00E9 C3                  278 	.db #0xc3	; 195
   00EA 84                  279 	.db #0x84	; 132
   00EB 48                  280 	.db #0x48	; 72	'H'
   00EC C1                  281 	.db #0xc1	; 193
   00ED C3                  282 	.db #0xc3	; 195
   00EE C1                  283 	.db #0xc1	; 193
   00EF C2                  284 	.db #0xc2	; 194
   00F0 C0                  285 	.db #0xc0	; 192
   00F1 0C                  286 	.db #0x0c	; 12
   00F2 C0                  287 	.db #0xc0	; 192
   00F3 90                  288 	.db #0x90	; 144
   00F4 93                  289 	.db #0x93	; 147
   00F5 33                  290 	.db #0x33	; 51	'3'
   00F6 33                  291 	.db #0x33	; 51	'3'
   00F7 33                  292 	.db #0x33	; 51	'3'
   00F8 F3                  293 	.db #0xf3	; 243
   00F9 F3                  294 	.db #0xf3	; 243
   00FA B3                  295 	.db #0xb3	; 179
   00FB C0                  296 	.db #0xc0	; 192
   00FC 84                  297 	.db #0x84	; 132
   00FD 48                  298 	.db #0x48	; 72	'H'
   00FE C3                  299 	.db #0xc3	; 195
   00FF C3                  300 	.db #0xc3	; 195
   0100 84                  301 	.db #0x84	; 132
   0101 48                  302 	.db #0x48	; 72	'H'
   0102 C0                  303 	.db #0xc0	; 192
   0103 C0                  304 	.db #0xc0	; 192
   0104 84                  305 	.db #0x84	; 132
   0105 0C                  306 	.db #0x0c	; 12
   0106 0C                  307 	.db #0x0c	; 12
   0107 0C                  308 	.db #0x0c	; 12
   0108 84                  309 	.db #0x84	; 132
   0109 09                  310 	.db #0x09	; 9
   010A 86                  311 	.db #0x86	; 134
   010B 0C                  312 	.db #0x0c	; 12
   010C 48                  313 	.db #0x48	; 72	'H'
   010D 0C                  314 	.db #0x0c	; 12
   010E C1                  315 	.db #0xc1	; 193
   010F C3                  316 	.db #0xc3	; 195
   0110 C0                  317 	.db #0xc0	; 192
   0111 C0                  318 	.db #0xc0	; 192
   0112 0C                  319 	.db #0x0c	; 12
   0113 C0                  320 	.db #0xc0	; 192
   0114 C4                  321 	.db #0xc4	; 196
   0115 C8                  322 	.db #0xc8	; 200
   0116 CC                  323 	.db #0xcc	; 204
   0117 89                  324 	.db #0x89	; 137
   0118 C4                  325 	.db #0xc4	; 196
   0119 C8                  326 	.db #0xc8	; 200
   011A 81                  327 	.db #0x81	; 129
   011B 03                  328 	.db #0x03	; 3
   011C 81                  329 	.db #0x81	; 129
   011D 42                  330 	.db #0x42	; 66	'B'
   011E C0                  331 	.db #0xc0	; 192
   011F CC                  332 	.db #0xcc	; 204
   0120 C0                  333 	.db #0xc0	; 192
   0121 C0                  334 	.db #0xc0	; 192
   0122 61                  335 	.db #0x61	; 97	'a'
   0123 C3                  336 	.db #0xc3	; 195
   0124 C3                  337 	.db #0xc3	; 195
   0125 C3                  338 	.db #0xc3	; 195
   0126 73                  339 	.db #0x73	; 115	's'
   0127 F3                  340 	.db #0xf3	; 243
   0128 B3                  341 	.db #0xb3	; 179
   0129 C0                  342 	.db #0xc0	; 192
   012A C4                  343 	.db #0xc4	; 196
   012B C8                  344 	.db #0xc8	; 200
   012C 03                  345 	.db #0x03	; 3
   012D 03                  346 	.db #0x03	; 3
   012E C4                  347 	.db #0xc4	; 196
   012F C8                  348 	.db #0xc8	; 200
   0130 C0                  349 	.db #0xc0	; 192
   0131 C0                  350 	.db #0xc0	; 192
   0132 C4                  351 	.db #0xc4	; 196
   0133 CC                  352 	.db #0xcc	; 204
   0134 CC                  353 	.db #0xcc	; 204
   0135 CC                  354 	.db #0xcc	; 204
   0136 C4                  355 	.db #0xc4	; 196
   0137 C8                  356 	.db #0xc8	; 200
   0138 43                  357 	.db #0x43	; 67	'C'
   0139 CC                  358 	.db #0xcc	; 204
   013A C8                  359 	.db #0xc8	; 200
   013B CC                  360 	.db #0xcc	; 204
   013C 81                  361 	.db #0x81	; 129
   013D 03                  362 	.db #0x03	; 3
   013E C0                  363 	.db #0xc0	; 192
   013F C0                  364 	.db #0xc0	; 192
   0140 CC                  365 	.db #0xcc	; 204
   0141 C0                  366 	.db #0xc0	; 192
   0142 84                  367 	.db #0x84	; 132
   0143 48                  368 	.db #0x48	; 72	'H'
   0144 86                  369 	.db #0x86	; 134
   0145 0C                  370 	.db #0x0c	; 12
   0146 84                  371 	.db #0x84	; 132
   0147 0C                  372 	.db #0x0c	; 12
   0148 0C                  373 	.db #0x0c	; 12
   0149 0C                  374 	.db #0x0c	; 12
   014A 84                  375 	.db #0x84	; 132
   014B 0C                  376 	.db #0x0c	; 12
   014C 0C                  377 	.db #0x0c	; 12
   014D 0C                  378 	.db #0x0c	; 12
   014E C0                  379 	.db #0xc0	; 192
   014F C0                  380 	.db #0xc0	; 192
   0150 91                  381 	.db #0x91	; 145
   0151 33                  382 	.db #0x33	; 51	'3'
   0152 33                  383 	.db #0x33	; 51	'3'
   0153 33                  384 	.db #0x33	; 51	'3'
   0154 F3                  385 	.db #0xf3	; 243
   0155 F3                  386 	.db #0xf3	; 243
   0156 B3                  387 	.db #0xb3	; 179
   0157 C0                  388 	.db #0xc0	; 192
   0158 84                  389 	.db #0x84	; 132
   0159 48                  390 	.db #0x48	; 72	'H'
   015A C0                  391 	.db #0xc0	; 192
   015B C0                  392 	.db #0xc0	; 192
   015C 84                  393 	.db #0x84	; 132
   015D 0C                  394 	.db #0x0c	; 12
   015E 0C                  395 	.db #0x0c	; 12
   015F 0C                  396 	.db #0x0c	; 12
   0160 84                  397 	.db #0x84	; 132
   0161 49                  398 	.db #0x49	; 73	'I'
   0162 C3                  399 	.db #0xc3	; 195
   0163 0C                  400 	.db #0x0c	; 12
   0164 84                  401 	.db #0x84	; 132
   0165 48                  402 	.db #0x48	; 72	'H'
   0166 81                  403 	.db #0x81	; 129
   0167 86                  404 	.db #0x86	; 134
   0168 48                  405 	.db #0x48	; 72	'H'
   0169 0C                  406 	.db #0x0c	; 12
   016A 0C                  407 	.db #0x0c	; 12
   016B 0C                  408 	.db #0x0c	; 12
   016C C0                  409 	.db #0xc0	; 192
   016D C0                  410 	.db #0xc0	; 192
   016E 0C                  411 	.db #0x0c	; 12
   016F C0                  412 	.db #0xc0	; 192
   0170 C1                  413 	.db #0xc1	; 193
   0171 48                  414 	.db #0x48	; 72	'H'
   0172 43                  415 	.db #0x43	; 67	'C'
   0173 0C                  416 	.db #0x0c	; 12
   0174 49                  417 	.db #0x49	; 73	'I'
   0175 0C                  418 	.db #0x0c	; 12
   0176 0C                  419 	.db #0x0c	; 12
   0177 0C                  420 	.db #0x0c	; 12
   0178 84                  421 	.db #0x84	; 132
   0179 0C                  422 	.db #0x0c	; 12
   017A 0C                  423 	.db #0x0c	; 12
   017B 49                  424 	.db #0x49	; 73	'I'
   017C C0                  425 	.db #0xc0	; 192
   017D C0                  426 	.db #0xc0	; 192
   017E 73                  427 	.db #0x73	; 115	's'
   017F F3                  428 	.db #0xf3	; 243
   0180 F3                  429 	.db #0xf3	; 243
   0181 F3                  430 	.db #0xf3	; 243
   0182 F3                  431 	.db #0xf3	; 243
   0183 F3                  432 	.db #0xf3	; 243
   0184 B3                  433 	.db #0xb3	; 179
   0185 C0                  434 	.db #0xc0	; 192
   0186 C1                  435 	.db #0xc1	; 193
   0187 48                  436 	.db #0x48	; 72	'H'
   0188 C0                  437 	.db #0xc0	; 192
   0189 C0                  438 	.db #0xc0	; 192
   018A C1                  439 	.db #0xc1	; 193
   018B 0C                  440 	.db #0x0c	; 12
   018C 0C                  441 	.db #0x0c	; 12
   018D 0C                  442 	.db #0x0c	; 12
   018E 84                  443 	.db #0x84	; 132
   018F 09                  444 	.db #0x09	; 9
   0190 03                  445 	.db #0x03	; 3
   0191 0C                  446 	.db #0x0c	; 12
   0192 84                  447 	.db #0x84	; 132
   0193 48                  448 	.db #0x48	; 72	'H'
   0194 C0                  449 	.db #0xc0	; 192
   0195 06                  450 	.db #0x06	; 6
   0196 48                  451 	.db #0x48	; 72	'H'
   0197 86                  452 	.db #0x86	; 134
   0198 0C                  453 	.db #0x0c	; 12
   0199 0C                  454 	.db #0x0c	; 12
   019A C0                  455 	.db #0xc0	; 192
   019B C0                  456 	.db #0xc0	; 192
   019C 0C                  457 	.db #0x0c	; 12
   019D C0                  458 	.db #0xc0	; 192
   019E 81                  459 	.db #0x81	; 129
   019F C2                  460 	.db #0xc2	; 194
   01A0 81                  461 	.db #0x81	; 129
   01A1 86                  462 	.db #0x86	; 134
   01A2 0C                  463 	.db #0x0c	; 12
   01A3 C3                  464 	.db #0xc3	; 195
   01A4 C3                  465 	.db #0xc3	; 195
   01A5 C3                  466 	.db #0xc3	; 195
   01A6 C1                  467 	.db #0xc1	; 193
   01A7 C3                  468 	.db #0xc3	; 195
   01A8 C3                  469 	.db #0xc3	; 195
   01A9 83                  470 	.db #0x83	; 131
   01AA C0                  471 	.db #0xc0	; 192
   01AB 91                  472 	.db #0x91	; 145
   01AC F3                  473 	.db #0xf3	; 243
   01AD F3                  474 	.db #0xf3	; 243
   01AE F3                  475 	.db #0xf3	; 243
   01AF F3                  476 	.db #0xf3	; 243
   01B0 F3                  477 	.db #0xf3	; 243
   01B1 F3                  478 	.db #0xf3	; 243
   01B2 B3                  479 	.db #0xb3	; 179
   01B3 C0                  480 	.db #0xc0	; 192
   01B4 81                  481 	.db #0x81	; 129
   01B5 C2                  482 	.db #0xc2	; 194
   01B6 C0                  483 	.db #0xc0	; 192
   01B7 C0                  484 	.db #0xc0	; 192
   01B8 81                  485 	.db #0x81	; 129
   01B9 C3                  486 	.db #0xc3	; 195
   01BA C3                  487 	.db #0xc3	; 195
   01BB C3                  488 	.db #0xc3	; 195
   01BC C1                  489 	.db #0xc1	; 193
   01BD C2                  490 	.db #0xc2	; 194
   01BE C0                  491 	.db #0xc0	; 192
   01BF C3                  492 	.db #0xc3	; 195
   01C0 C1                  493 	.db #0xc1	; 193
   01C1 C2                  494 	.db #0xc2	; 194
   01C2 C0                  495 	.db #0xc0	; 192
   01C3 C1                  496 	.db #0xc1	; 193
   01C4 C2                  497 	.db #0xc2	; 194
   01C5 43                  498 	.db #0x43	; 67	'C'
   01C6 C3                  499 	.db #0xc3	; 195
   01C7 C3                  500 	.db #0xc3	; 195
   01C8 C0                  501 	.db #0xc0	; 192
   01C9 C0                  502 	.db #0xc0	; 192
   01CA C3                  503 	.db #0xc3	; 195
   01CB C0                  504 	.db #0xc0	; 192
   01CC C0                  505 	.db #0xc0	; 192
   01CD 42                  506 	.db #0x42	; 66	'B'
   01CE C0                  507 	.db #0xc0	; 192
   01CF 43                  508 	.db #0x43	; 67	'C'
   01D0 49                  509 	.db #0x49	; 73	'I'
   01D1 03                  510 	.db #0x03	; 3
   01D2 03                  511 	.db #0x03	; 3
   01D3 03                  512 	.db #0x03	; 3
   01D4 81                  513 	.db #0x81	; 129
   01D5 03                  514 	.db #0x03	; 3
   01D6 03                  515 	.db #0x03	; 3
   01D7 42                  516 	.db #0x42	; 66	'B'
   01D8 C0                  517 	.db #0xc0	; 192
   01D9 91                  518 	.db #0x91	; 145
   01DA F3                  519 	.db #0xf3	; 243
   01DB F3                  520 	.db #0xf3	; 243
   01DC F3                  521 	.db #0xf3	; 243
   01DD F3                  522 	.db #0xf3	; 243
   01DE F3                  523 	.db #0xf3	; 243
   01DF F3                  524 	.db #0xf3	; 243
   01E0 B3                  525 	.db #0xb3	; 179
   01E1 C0                  526 	.db #0xc0	; 192
   01E2 C0                  527 	.db #0xc0	; 192
   01E3 42                  528 	.db #0x42	; 66	'B'
   01E4 C0                  529 	.db #0xc0	; 192
   01E5 C0                  530 	.db #0xc0	; 192
   01E6 C0                  531 	.db #0xc0	; 192
   01E7 03                  532 	.db #0x03	; 3
   01E8 03                  533 	.db #0x03	; 3
   01E9 03                  534 	.db #0x03	; 3
   01EA 81                  535 	.db #0x81	; 129
   01EB 42                  536 	.db #0x42	; 66	'B'
   01EC C0                  537 	.db #0xc0	; 192
   01ED 03                  538 	.db #0x03	; 3
   01EE 81                  539 	.db #0x81	; 129
   01EF 42                  540 	.db #0x42	; 66	'B'
   01F0 C0                  541 	.db #0xc0	; 192
   01F1 81                  542 	.db #0x81	; 129
   01F2 42                  543 	.db #0x42	; 66	'B'
   01F3 81                  544 	.db #0x81	; 129
   01F4 03                  545 	.db #0x03	; 3
   01F5 03                  546 	.db #0x03	; 3
   01F6 C0                  547 	.db #0xc0	; 192
   01F7 C0                  548 	.db #0xc0	; 192
   01F8 03                  549 	.db #0x03	; 3
   01F9 C0                  550 	.db #0xc0	; 192
   01FA C0                  551 	.db #0xc0	; 192
   01FB C0                  552 	.db #0xc0	; 192
   01FC C0                  553 	.db #0xc0	; 192
   01FD 81                  554 	.db #0x81	; 129
   01FE 83                  555 	.db #0x83	; 131
   01FF C0                  556 	.db #0xc0	; 192
   0200 C0                  557 	.db #0xc0	; 192
   0201 C0                  558 	.db #0xc0	; 192
   0202 C0                  559 	.db #0xc0	; 192
   0203 C0                  560 	.db #0xc0	; 192
   0204 C0                  561 	.db #0xc0	; 192
   0205 C0                  562 	.db #0xc0	; 192
   0206 C0                  563 	.db #0xc0	; 192
   0207 91                  564 	.db #0x91	; 145
   0208 F3                  565 	.db #0xf3	; 243
   0209 F3                  566 	.db #0xf3	; 243
   020A F3                  567 	.db #0xf3	; 243
   020B F3                  568 	.db #0xf3	; 243
   020C F3                  569 	.db #0xf3	; 243
   020D F3                  570 	.db #0xf3	; 243
   020E 63                  571 	.db #0x63	; 99	'c'
   020F C0                  572 	.db #0xc0	; 192
   0210 C0                  573 	.db #0xc0	; 192
   0211 C0                  574 	.db #0xc0	; 192
   0212 C0                  575 	.db #0xc0	; 192
   0213 C0                  576 	.db #0xc0	; 192
   0214 C0                  577 	.db #0xc0	; 192
   0215 C0                  578 	.db #0xc0	; 192
   0216 C0                  579 	.db #0xc0	; 192
   0217 C0                  580 	.db #0xc0	; 192
   0218 C0                  581 	.db #0xc0	; 192
   0219 C0                  582 	.db #0xc0	; 192
   021A C0                  583 	.db #0xc0	; 192
   021B C0                  584 	.db #0xc0	; 192
   021C C0                  585 	.db #0xc0	; 192
   021D C0                  586 	.db #0xc0	; 192
   021E C0                  587 	.db #0xc0	; 192
   021F C0                  588 	.db #0xc0	; 192
   0220 C0                  589 	.db #0xc0	; 192
   0221 C0                  590 	.db #0xc0	; 192
   0222 C0                  591 	.db #0xc0	; 192
   0223 C0                  592 	.db #0xc0	; 192
   0224 C0                  593 	.db #0xc0	; 192
   0225 C0                  594 	.db #0xc0	; 192
   0226 C0                  595 	.db #0xc0	; 192
   0227 C0                  596 	.db #0xc0	; 192
   0228 C0                  597 	.db #0xc0	; 192
   0229 C0                  598 	.db #0xc0	; 192
   022A C0                  599 	.db #0xc0	; 192
   022B C0                  600 	.db #0xc0	; 192
   022C 42                  601 	.db #0x42	; 66	'B'
   022D C0                  602 	.db #0xc0	; 192
   022E C0                  603 	.db #0xc0	; 192
   022F C0                  604 	.db #0xc0	; 192
   0230 C0                  605 	.db #0xc0	; 192
   0231 C0                  606 	.db #0xc0	; 192
   0232 C0                  607 	.db #0xc0	; 192
   0233 C0                  608 	.db #0xc0	; 192
   0234 C0                  609 	.db #0xc0	; 192
   0235 91                  610 	.db #0x91	; 145
   0236 F3                  611 	.db #0xf3	; 243
   0237 F3                  612 	.db #0xf3	; 243
   0238 33                  613 	.db #0x33	; 51	'3'
   0239 33                  614 	.db #0x33	; 51	'3'
   023A 33                  615 	.db #0x33	; 51	'3'
   023B 33                  616 	.db #0x33	; 51	'3'
   023C 92                  617 	.db #0x92	; 146
   023D C0                  618 	.db #0xc0	; 192
   023E C0                  619 	.db #0xc0	; 192
   023F C0                  620 	.db #0xc0	; 192
   0240 C0                  621 	.db #0xc0	; 192
   0241 C0                  622 	.db #0xc0	; 192
   0242 C0                  623 	.db #0xc0	; 192
   0243 C0                  624 	.db #0xc0	; 192
   0244 C0                  625 	.db #0xc0	; 192
   0245 C0                  626 	.db #0xc0	; 192
   0246 C0                  627 	.db #0xc0	; 192
   0247 C0                  628 	.db #0xc0	; 192
   0248 C0                  629 	.db #0xc0	; 192
   0249 C0                  630 	.db #0xc0	; 192
   024A C0                  631 	.db #0xc0	; 192
   024B C0                  632 	.db #0xc0	; 192
   024C C0                  633 	.db #0xc0	; 192
   024D C0                  634 	.db #0xc0	; 192
   024E C0                  635 	.db #0xc0	; 192
   024F C0                  636 	.db #0xc0	; 192
   0250 C0                  637 	.db #0xc0	; 192
   0251 C0                  638 	.db #0xc0	; 192
   0252 C0                  639 	.db #0xc0	; 192
   0253 C0                  640 	.db #0xc0	; 192
   0254 C0                  641 	.db #0xc0	; 192
   0255 C0                  642 	.db #0xc0	; 192
   0256 C0                  643 	.db #0xc0	; 192
   0257 C8                  644 	.db #0xc8	; 200
   0258 C0                  645 	.db #0xc0	; 192
   0259 C0                  646 	.db #0xc0	; 192
   025A C0                  647 	.db #0xc0	; 192
   025B C0                  648 	.db #0xc0	; 192
   025C C0                  649 	.db #0xc0	; 192
   025D C0                  650 	.db #0xc0	; 192
   025E C0                  651 	.db #0xc0	; 192
   025F C0                  652 	.db #0xc0	; 192
   0260 C8                  653 	.db #0xc8	; 200
   0261 C0                  654 	.db #0xc0	; 192
   0262 C0                  655 	.db #0xc0	; 192
   0263 91                  656 	.db #0x91	; 145
   0264 F3                  657 	.db #0xf3	; 243
   0265 B3                  658 	.db #0xb3	; 179
   0266 C3                  659 	.db #0xc3	; 195
   0267 C3                  660 	.db #0xc3	; 195
   0268 C3                  661 	.db #0xc3	; 195
   0269 C3                  662 	.db #0xc3	; 195
   026A 60                  663 	.db #0x60	; 96
   026B C0                  664 	.db #0xc0	; 192
   026C C4                  665 	.db #0xc4	; 196
   026D C0                  666 	.db #0xc0	; 192
   026E C0                  667 	.db #0xc0	; 192
   026F C0                  668 	.db #0xc0	; 192
   0270 C0                  669 	.db #0xc0	; 192
   0271 C0                  670 	.db #0xc0	; 192
   0272 C0                  671 	.db #0xc0	; 192
   0273 C0                  672 	.db #0xc0	; 192
   0274 C0                  673 	.db #0xc0	; 192
   0275 C0                  674 	.db #0xc0	; 192
   0276 C0                  675 	.db #0xc0	; 192
   0277 C0                  676 	.db #0xc0	; 192
   0278 C0                  677 	.db #0xc0	; 192
   0279 C0                  678 	.db #0xc0	; 192
   027A C0                  679 	.db #0xc0	; 192
   027B C0                  680 	.db #0xc0	; 192
   027C C0                  681 	.db #0xc0	; 192
   027D C0                  682 	.db #0xc0	; 192
   027E C0                  683 	.db #0xc0	; 192
   027F C0                  684 	.db #0xc0	; 192
   0280 C0                  685 	.db #0xc0	; 192
   0281 C0                  686 	.db #0xc0	; 192
   0282 C0                  687 	.db #0xc0	; 192
   0283 C0                  688 	.db #0xc0	; 192
   0284 C0                  689 	.db #0xc0	; 192
   0285 C8                  690 	.db #0xc8	; 200
   0286 CC                  691 	.db #0xcc	; 204
   0287 C8                  692 	.db #0xc8	; 200
   0288 CC                  693 	.db #0xcc	; 204
   0289 CC                  694 	.db #0xcc	; 204
   028A C0                  695 	.db #0xc0	; 192
   028B CC                  696 	.db #0xcc	; 204
   028C CC                  697 	.db #0xcc	; 204
   028D C8                  698 	.db #0xc8	; 200
   028E C8                  699 	.db #0xc8	; 200
   028F C4                  700 	.db #0xc4	; 196
   0290 C0                  701 	.db #0xc0	; 192
   0291 91                  702 	.db #0x91	; 145
   0292 F3                  703 	.db #0xf3	; 243
   0293 F3                  704 	.db #0xf3	; 243
   0294 33                  705 	.db #0x33	; 51	'3'
   0295 33                  706 	.db #0x33	; 51	'3'
   0296 33                  707 	.db #0x33	; 51	'3'
   0297 33                  708 	.db #0x33	; 51	'3'
   0298 33                  709 	.db #0x33	; 51	'3'
   0299 C0                  710 	.db #0xc0	; 192
   029A C4                  711 	.db #0xc4	; 196
   029B CC                  712 	.db #0xcc	; 204
   029C C8                  713 	.db #0xc8	; 200
   029D C4                  714 	.db #0xc4	; 196
   029E CC                  715 	.db #0xcc	; 204
   029F C8                  716 	.db #0xc8	; 200
   02A0 C4                  717 	.db #0xc4	; 196
   02A1 C0                  718 	.db #0xc0	; 192
   02A2 C8                  719 	.db #0xc8	; 200
   02A3 C4                  720 	.db #0xc4	; 196
   02A4 CC                  721 	.db #0xcc	; 204
   02A5 CC                  722 	.db #0xcc	; 204
   02A6 C0                  723 	.db #0xc0	; 192
   02A7 C0                  724 	.db #0xc0	; 192
   02A8 C0                  725 	.db #0xc0	; 192
   02A9 C0                  726 	.db #0xc0	; 192
   02AA C0                  727 	.db #0xc0	; 192
   02AB C0                  728 	.db #0xc0	; 192
   02AC C0                  729 	.db #0xc0	; 192
   02AD C0                  730 	.db #0xc0	; 192
   02AE C0                  731 	.db #0xc0	; 192
   02AF C0                  732 	.db #0xc0	; 192
   02B0 C0                  733 	.db #0xc0	; 192
   02B1 C0                  734 	.db #0xc0	; 192
   02B2 C0                  735 	.db #0xc0	; 192
   02B3 C8                  736 	.db #0xc8	; 200
   02B4 3C                  737 	.db #0x3c	; 60
   02B5 C8                  738 	.db #0xc8	; 200
   02B6 3C                  739 	.db #0x3c	; 60
   02B7 3C                  740 	.db #0x3c	; 60
   02B8 C8                  741 	.db #0xc8	; 200
   02B9 9C                  742 	.db #0x9c	; 156
   02BA 3C                  743 	.db #0x3c	; 60
   02BB 68                  744 	.db #0x68	; 104	'h'
   02BC C8                  745 	.db #0xc8	; 200
   02BD CC                  746 	.db #0xcc	; 204
   02BE C0                  747 	.db #0xc0	; 192
   02BF 91                  748 	.db #0x91	; 145
   02C0 F3                  749 	.db #0xf3	; 243
   02C1 F3                  750 	.db #0xf3	; 243
   02C2 F3                  751 	.db #0xf3	; 243
   02C3 F3                  752 	.db #0xf3	; 243
   02C4 F3                  753 	.db #0xf3	; 243
   02C5 F3                  754 	.db #0xf3	; 243
   02C6 B3                  755 	.db #0xb3	; 179
   02C7 C0                  756 	.db #0xc0	; 192
   02C8 C4                  757 	.db #0xc4	; 196
   02C9 3C                  758 	.db #0x3c	; 60
   02CA 6C                  759 	.db #0x6c	; 108	'l'
   02CB C4                  760 	.db #0xc4	; 196
   02CC 3C                  761 	.db #0x3c	; 60
   02CD 6C                  762 	.db #0x6c	; 108	'l'
   02CE C4                  763 	.db #0xc4	; 196
   02CF CC                  764 	.db #0xcc	; 204
   02D0 CC                  765 	.db #0xcc	; 204
   02D1 C4                  766 	.db #0xc4	; 196
   02D2 3C                  767 	.db #0x3c	; 60
   02D3 6C                  768 	.db #0x6c	; 108	'l'
   02D4 C0                  769 	.db #0xc0	; 192
   02D5 C0                  770 	.db #0xc0	; 192
   02D6 C0                  771 	.db #0xc0	; 192
   02D7 C0                  772 	.db #0xc0	; 192
   02D8 C0                  773 	.db #0xc0	; 192
   02D9 C0                  774 	.db #0xc0	; 192
   02DA C0                  775 	.db #0xc0	; 192
   02DB C0                  776 	.db #0xc0	; 192
   02DC C0                  777 	.db #0xc0	; 192
   02DD C0                  778 	.db #0xc0	; 192
   02DE C0                  779 	.db #0xc0	; 192
   02DF C0                  780 	.db #0xc0	; 192
   02E0 C0                  781 	.db #0xc0	; 192
   02E1 C8                  782 	.db #0xc8	; 200
   02E2 30                  783 	.db #0x30	; 48	'0'
   02E3 C8                  784 	.db #0xc8	; 200
   02E4 CC                  785 	.db #0xcc	; 204
   02E5 98                  786 	.db #0x98	; 152
   02E6 C8                  787 	.db #0xc8	; 200
   02E7 98                  788 	.db #0x98	; 152
   02E8 30                  789 	.db #0x30	; 48	'0'
   02E9 60                  790 	.db #0x60	; 96
   02EA CC                  791 	.db #0xcc	; 204
   02EB 9C                  792 	.db #0x9c	; 156
   02EC C0                  793 	.db #0xc0	; 192
   02ED 91                  794 	.db #0x91	; 145
   02EE F3                  795 	.db #0xf3	; 243
   02EF F3                  796 	.db #0xf3	; 243
   02F0 F3                  797 	.db #0xf3	; 243
   02F1 F3                  798 	.db #0xf3	; 243
   02F2 F3                  799 	.db #0xf3	; 243
   02F3 F3                  800 	.db #0xf3	; 243
   02F4 B3                  801 	.db #0xb3	; 179
   02F5 C0                  802 	.db #0xc0	; 192
   02F6 C4                  803 	.db #0xc4	; 196
   02F7 30                  804 	.db #0x30	; 48	'0'
   02F8 64                  805 	.db #0x64	; 100	'd'
   02F9 C4                  806 	.db #0xc4	; 196
   02FA 30                  807 	.db #0x30	; 48	'0'
   02FB 64                  808 	.db #0x64	; 100	'd'
   02FC C4                  809 	.db #0xc4	; 196
   02FD 6C                  810 	.db #0x6c	; 108	'l'
   02FE 6C                  811 	.db #0x6c	; 108	'l'
   02FF C4                  812 	.db #0xc4	; 196
   0300 64                  813 	.db #0x64	; 100	'd'
   0301 CC                  814 	.db #0xcc	; 204
   0302 C0                  815 	.db #0xc0	; 192
   0303 C0                  816 	.db #0xc0	; 192
   0304 C0                  817 	.db #0xc0	; 192
   0305 C0                  818 	.db #0xc0	; 192
   0306 C0                  819 	.db #0xc0	; 192
   0307 C0                  820 	.db #0xc0	; 192
   0308 C0                  821 	.db #0xc0	; 192
   0309 C0                  822 	.db #0xc0	; 192
   030A C0                  823 	.db #0xc0	; 192
   030B C0                  824 	.db #0xc0	; 192
   030C C0                  825 	.db #0xc0	; 192
   030D C0                  826 	.db #0xc0	; 192
   030E C0                  827 	.db #0xc0	; 192
   030F C8                  828 	.db #0xc8	; 200
   0310 C0                  829 	.db #0xc0	; 192
   0311 C8                  830 	.db #0xc8	; 200
   0312 9C                  831 	.db #0x9c	; 156
   0313 68                  832 	.db #0x68	; 104	'h'
   0314 C8                  833 	.db #0xc8	; 200
   0315 C8                  834 	.db #0xc8	; 200
   0316 C0                  835 	.db #0xc0	; 192
   0317 C0                  836 	.db #0xc0	; 192
   0318 9C                  837 	.db #0x9c	; 156
   0319 CC                  838 	.db #0xcc	; 204
   031A C0                  839 	.db #0xc0	; 192
   031B 91                  840 	.db #0x91	; 145
   031C F3                  841 	.db #0xf3	; 243
   031D F3                  842 	.db #0xf3	; 243
   031E F3                  843 	.db #0xf3	; 243
   031F F3                  844 	.db #0xf3	; 243
   0320 F3                  845 	.db #0xf3	; 243
   0321 F3                  846 	.db #0xf3	; 243
   0322 B3                  847 	.db #0xb3	; 179
   0323 C0                  848 	.db #0xc0	; 192
   0324 C4                  849 	.db #0xc4	; 196
   0325 C0                  850 	.db #0xc0	; 192
   0326 C4                  851 	.db #0xc4	; 196
   0327 C4                  852 	.db #0xc4	; 196
   0328 C0                  853 	.db #0xc0	; 192
   0329 C4                  854 	.db #0xc4	; 196
   032A C4                  855 	.db #0xc4	; 196
   032B 34                  856 	.db #0x34	; 52	'4'
   032C 64                  857 	.db #0x64	; 100	'd'
   032D C4                  858 	.db #0xc4	; 196
   032E 94                  859 	.db #0x94	; 148
   032F 3C                  860 	.db #0x3c	; 60
   0330 C0                  861 	.db #0xc0	; 192
   0331 C0                  862 	.db #0xc0	; 192
   0332 C0                  863 	.db #0xc0	; 192
   0333 C0                  864 	.db #0xc0	; 192
   0334 C0                  865 	.db #0xc0	; 192
   0335 C0                  866 	.db #0xc0	; 192
   0336 C0                  867 	.db #0xc0	; 192
   0337 C0                  868 	.db #0xc0	; 192
   0338 C0                  869 	.db #0xc0	; 192
   0339 C0                  870 	.db #0xc0	; 192
   033A C0                  871 	.db #0xc0	; 192
   033B C0                  872 	.db #0xc0	; 192
   033C C0                  873 	.db #0xc0	; 192
   033D CC                  874 	.db #0xcc	; 204
   033E CC                  875 	.db #0xcc	; 204
   033F C8                  876 	.db #0xc8	; 200
   0340 CC                  877 	.db #0xcc	; 204
   0341 CC                  878 	.db #0xcc	; 204
   0342 C8                  879 	.db #0xc8	; 200
   0343 CC                  880 	.db #0xcc	; 204
   0344 CC                  881 	.db #0xcc	; 204
   0345 C8                  882 	.db #0xc8	; 200
   0346 98                  883 	.db #0x98	; 152
   0347 6C                  884 	.db #0x6c	; 108	'l'
   0348 C8                  885 	.db #0xc8	; 200
   0349 C1                  886 	.db #0xc1	; 193
   034A 73                  887 	.db #0x73	; 115	's'
   034B F3                  888 	.db #0xf3	; 243
   034C F3                  889 	.db #0xf3	; 243
   034D F3                  890 	.db #0xf3	; 243
   034E F3                  891 	.db #0xf3	; 243
   034F F3                  892 	.db #0xf3	; 243
   0350 63                  893 	.db #0x63	; 99	'c'
   0351 C0                  894 	.db #0xc0	; 192
   0352 C4                  895 	.db #0xc4	; 196
   0353 C0                  896 	.db #0xc0	; 192
   0354 C4                  897 	.db #0xc4	; 196
   0355 C4                  898 	.db #0xc4	; 196
   0356 CC                  899 	.db #0xcc	; 204
   0357 CC                  900 	.db #0xcc	; 204
   0358 C4                  901 	.db #0xc4	; 196
   0359 90                  902 	.db #0x90	; 144
   035A C4                  903 	.db #0xc4	; 196
   035B C4                  904 	.db #0xc4	; 196
   035C CC                  905 	.db #0xcc	; 204
   035D CC                  906 	.db #0xcc	; 204
   035E C0                  907 	.db #0xc0	; 192
   035F C0                  908 	.db #0xc0	; 192
   0360 C0                  909 	.db #0xc0	; 192
   0361 C0                  910 	.db #0xc0	; 192
   0362 C0                  911 	.db #0xc0	; 192
   0363 C0                  912 	.db #0xc0	; 192
   0364 C0                  913 	.db #0xc0	; 192
   0365 C0                  914 	.db #0xc0	; 192
   0366 C0                  915 	.db #0xc0	; 192
   0367 C0                  916 	.db #0xc0	; 192
   0368 C0                  917 	.db #0xc0	; 192
   0369 C0                  918 	.db #0xc0	; 192
   036A C0                  919 	.db #0xc0	; 192
   036B 3C                  920 	.db #0x3c	; 60
   036C 3C                  921 	.db #0x3c	; 60
   036D 68                  922 	.db #0x68	; 104	'h'
   036E 3C                  923 	.db #0x3c	; 60
   036F 3C                  924 	.db #0x3c	; 60
   0370 68                  925 	.db #0x68	; 104	'h'
   0371 3C                  926 	.db #0x3c	; 60
   0372 3C                  927 	.db #0x3c	; 60
   0373 68                  928 	.db #0x68	; 104	'h'
   0374 68                  929 	.db #0x68	; 104	'h'
   0375 34                  930 	.db #0x34	; 52	'4'
   0376 C8                  931 	.db #0xc8	; 200
   0377 90                  932 	.db #0x90	; 144
   0378 93                  933 	.db #0x93	; 147
   0379 33                  934 	.db #0x33	; 51	'3'
   037A 33                  935 	.db #0x33	; 51	'3'
   037B 33                  936 	.db #0x33	; 51	'3'
   037C 33                  937 	.db #0x33	; 51	'3'
   037D 33                  938 	.db #0x33	; 51	'3'
   037E 92                  939 	.db #0x92	; 146
   037F C0                  940 	.db #0xc0	; 192
   0380 94                  941 	.db #0x94	; 148
   0381 C0                  942 	.db #0xc0	; 192
   0382 94                  943 	.db #0x94	; 148
   0383 94                  944 	.db #0x94	; 148
   0384 3C                  945 	.db #0x3c	; 60
   0385 3C                  946 	.db #0x3c	; 60
   0386 94                  947 	.db #0x94	; 148
   0387 C0                  948 	.db #0xc0	; 192
   0388 94                  949 	.db #0x94	; 148
   0389 94                  950 	.db #0x94	; 148
   038A 3C                  951 	.db #0x3c	; 60
   038B 3C                  952 	.db #0x3c	; 60
   038C C0                  953 	.db #0xc0	; 192
   038D C0                  954 	.db #0xc0	; 192
   038E C0                  955 	.db #0xc0	; 192
   038F C0                  956 	.db #0xc0	; 192
   0390 C0                  957 	.db #0xc0	; 192
   0391 C0                  958 	.db #0xc0	; 192
   0392 C0                  959 	.db #0xc0	; 192
   0393 C0                  960 	.db #0xc0	; 192
   0394 C0                  961 	.db #0xc0	; 192
   0395 C0                  962 	.db #0xc0	; 192
   0396 C0                  963 	.db #0xc0	; 192
   0397 C0                  964 	.db #0xc0	; 192
   0398 C0                  965 	.db #0xc0	; 192
   0399 30                  966 	.db #0x30	; 48	'0'
   039A 30                  967 	.db #0x30	; 48	'0'
   039B 60                  968 	.db #0x60	; 96
   039C 30                  969 	.db #0x30	; 48	'0'
   039D 30                  970 	.db #0x30	; 48	'0'
   039E 60                  971 	.db #0x60	; 96
   039F 30                  972 	.db #0x30	; 48	'0'
   03A0 30                  973 	.db #0x30	; 48	'0'
   03A1 60                  974 	.db #0x60	; 96
   03A2 60                  975 	.db #0x60	; 96
   03A3 90                  976 	.db #0x90	; 144
   03A4 68                  977 	.db #0x68	; 104	'h'
   03A5 C0                  978 	.db #0xc0	; 192
   03A6 61                  979 	.db #0x61	; 97	'a'
   03A7 C3                  980 	.db #0xc3	; 195
   03A8 C3                  981 	.db #0xc3	; 195
   03A9 C3                  982 	.db #0xc3	; 195
   03AA C3                  983 	.db #0xc3	; 195
   03AB C3                  984 	.db #0xc3	; 195
   03AC 60                  985 	.db #0x60	; 96
   03AD C0                  986 	.db #0xc0	; 192
   03AE 90                  987 	.db #0x90	; 144
   03AF C0                  988 	.db #0xc0	; 192
   03B0 90                  989 	.db #0x90	; 144
   03B1 90                  990 	.db #0x90	; 144
   03B2 30                  991 	.db #0x30	; 48	'0'
   03B3 30                  992 	.db #0x30	; 48	'0'
   03B4 90                  993 	.db #0x90	; 144
   03B5 C0                  994 	.db #0xc0	; 192
   03B6 90                  995 	.db #0x90	; 144
   03B7 90                  996 	.db #0x90	; 144
   03B8 30                  997 	.db #0x30	; 48	'0'
   03B9 30                  998 	.db #0x30	; 48	'0'
   03BA C0                  999 	.db #0xc0	; 192
   03BB C0                 1000 	.db #0xc0	; 192
   03BC C0                 1001 	.db #0xc0	; 192
   03BD C0                 1002 	.db #0xc0	; 192
   03BE C0                 1003 	.db #0xc0	; 192
   03BF C0                 1004 	.db #0xc0	; 192
   03C0 C0                 1005 	.db #0xc0	; 192
   03C1 C0                 1006 	.db #0xc0	; 192
   03C2 C0                 1007 	.db #0xc0	; 192
   03C3 C0                 1008 	.db #0xc0	; 192
   03C4 C0                 1009 	.db #0xc0	; 192
   03C5 C0                 1010 	.db #0xc0	; 192
   03C6 C0                 1011 	.db #0xc0	; 192
   03C7 C0                 1012 	.db #0xc0	; 192
   03C8 C0                 1013 	.db #0xc0	; 192
   03C9 C0                 1014 	.db #0xc0	; 192
   03CA C0                 1015 	.db #0xc0	; 192
   03CB C0                 1016 	.db #0xc0	; 192
   03CC C0                 1017 	.db #0xc0	; 192
   03CD C0                 1018 	.db #0xc0	; 192
   03CE C0                 1019 	.db #0xc0	; 192
   03CF C0                 1020 	.db #0xc0	; 192
   03D0 C0                 1021 	.db #0xc0	; 192
   03D1 C0                 1022 	.db #0xc0	; 192
   03D2 60                 1023 	.db #0x60	; 96
   03D3 C0                 1024 	.db #0xc0	; 192
   03D4 90                 1025 	.db #0x90	; 144
   03D5 30                 1026 	.db #0x30	; 48	'0'
   03D6 30                 1027 	.db #0x30	; 48	'0'
   03D7 30                 1028 	.db #0x30	; 48	'0'
   03D8 30                 1029 	.db #0x30	; 48	'0'
   03D9 30                 1030 	.db #0x30	; 48	'0'
   03DA C0                 1031 	.db #0xc0	; 192
   03DB C0                 1032 	.db #0xc0	; 192
   03DC C0                 1033 	.db #0xc0	; 192
   03DD C0                 1034 	.db #0xc0	; 192
   03DE C0                 1035 	.db #0xc0	; 192
   03DF C0                 1036 	.db #0xc0	; 192
   03E0 C0                 1037 	.db #0xc0	; 192
   03E1 C0                 1038 	.db #0xc0	; 192
   03E2 C0                 1039 	.db #0xc0	; 192
   03E3 C0                 1040 	.db #0xc0	; 192
   03E4 C0                 1041 	.db #0xc0	; 192
   03E5 C0                 1042 	.db #0xc0	; 192
   03E6 C0                 1043 	.db #0xc0	; 192
   03E7 C0                 1044 	.db #0xc0	; 192
   03E8 C0                 1045 	.db #0xc0	; 192
   03E9 C0                 1046 	.db #0xc0	; 192
   03EA C0                 1047 	.db #0xc0	; 192
   03EB C0                 1048 	.db #0xc0	; 192
   03EC C0                 1049 	.db #0xc0	; 192
   03ED C0                 1050 	.db #0xc0	; 192
   03EE C0                 1051 	.db #0xc0	; 192
   03EF C0                 1052 	.db #0xc0	; 192
   03F0 C0                 1053 	.db #0xc0	; 192
   03F1 C0                 1054 	.db #0xc0	; 192
   03F2 C0                 1055 	.db #0xc0	; 192
   03F3 C0                 1056 	.db #0xc0	; 192
                           1057 	.area _INITIALIZER
                           1058 	.area _CABS (ABS)
