                              1 ;--------------------------------------------------------
                              2 ; File Created by SDCC : free open source ANSI-C Compiler
                              3 ; Version 3.6.8 #9946 (CYGWIN)
                              4 ;--------------------------------------------------------
                              5 	.module tiles
                              6 	.optsdcc -mz80
                              7 	
                              8 ;--------------------------------------------------------
                              9 ; Public variables in this module
                             10 ;--------------------------------------------------------
                             11 	.globl _g_tiles_59
                             12 	.globl _g_tiles_58
                             13 	.globl _g_tiles_57
                             14 	.globl _g_tiles_56
                             15 	.globl _g_tiles_55
                             16 	.globl _g_tiles_54
                             17 	.globl _g_tiles_53
                             18 	.globl _g_tiles_52
                             19 	.globl _g_tiles_51
                             20 	.globl _g_tiles_50
                             21 	.globl _g_tiles_49
                             22 	.globl _g_tiles_48
                             23 	.globl _g_tiles_47
                             24 	.globl _g_tiles_46
                             25 	.globl _g_tiles_45
                             26 	.globl _g_tiles_44
                             27 	.globl _g_tiles_43
                             28 	.globl _g_tiles_42
                             29 	.globl _g_tiles_41
                             30 	.globl _g_tiles_40
                             31 	.globl _g_tiles_39
                             32 	.globl _g_tiles_38
                             33 	.globl _g_tiles_37
                             34 	.globl _g_tiles_36
                             35 	.globl _g_tiles_35
                             36 	.globl _g_tiles_34
                             37 	.globl _g_tiles_33
                             38 	.globl _g_tiles_32
                             39 	.globl _g_tiles_31
                             40 	.globl _g_tiles_30
                             41 	.globl _g_tiles_29
                             42 	.globl _g_tiles_28
                             43 	.globl _g_tiles_27
                             44 	.globl _g_tiles_26
                             45 	.globl _g_tiles_25
                             46 	.globl _g_tiles_24
                             47 	.globl _g_tiles_23
                             48 	.globl _g_tiles_22
                             49 	.globl _g_tiles_21
                             50 	.globl _g_tiles_20
                             51 	.globl _g_tiles_19
                             52 	.globl _g_tiles_18
                             53 	.globl _g_tiles_17
                             54 	.globl _g_tiles_16
                             55 	.globl _g_tiles_15
                             56 	.globl _g_tiles_14
                             57 	.globl _g_tiles_13
                             58 	.globl _g_tiles_12
                             59 	.globl _g_tiles_11
                             60 	.globl _g_tiles_10
                             61 	.globl _g_tiles_09
                             62 	.globl _g_tiles_08
                             63 	.globl _g_tiles_07
                             64 	.globl _g_tiles_06
                             65 	.globl _g_tiles_05
                             66 	.globl _g_tiles_04
                             67 	.globl _g_tiles_03
                             68 	.globl _g_tiles_02
                             69 	.globl _g_tiles_01
                             70 	.globl _g_tiles_00
                             71 	.globl _g_tileset
                             72 	.globl _g_palette
                             73 ;--------------------------------------------------------
                             74 ; special function registers
                             75 ;--------------------------------------------------------
                             76 ;--------------------------------------------------------
                             77 ; ram data
                             78 ;--------------------------------------------------------
                             79 	.area _DATA
                             80 ;--------------------------------------------------------
                             81 ; ram data
                             82 ;--------------------------------------------------------
                             83 	.area _INITIALIZED
                             84 ;--------------------------------------------------------
                             85 ; absolute external ram data
                             86 ;--------------------------------------------------------
                             87 	.area _DABS (ABS)
                             88 ;--------------------------------------------------------
                             89 ; global & static initialisations
                             90 ;--------------------------------------------------------
                             91 	.area _HOME
                             92 	.area _GSINIT
                             93 	.area _GSFINAL
                             94 	.area _GSINIT
                             95 ;--------------------------------------------------------
                             96 ; Home
                             97 ;--------------------------------------------------------
                             98 	.area _HOME
                             99 	.area _HOME
                            100 ;--------------------------------------------------------
                            101 ; code
                            102 ;--------------------------------------------------------
                            103 	.area _CODE
                            104 	.area _CODE
   0000                     105 _g_palette:
   0000 4D                  106 	.db #0x4d	; 77	'M'
   0001 54                  107 	.db #0x54	; 84	'T'
   0002 40                  108 	.db #0x40	; 64
   0003 4B                  109 	.db #0x4b	; 75	'K'
   0004 44                  110 	.db #0x44	; 68	'D'
   0005 55                  111 	.db #0x55	; 85	'U'
   0006 57                  112 	.db #0x57	; 87	'W'
   0007 53                  113 	.db #0x53	; 83	'S'
   0008 5C                  114 	.db #0x5c	; 92
   0009 4C                  115 	.db #0x4c	; 76	'L'
   000A 4E                  116 	.db #0x4e	; 78	'N'
   000B 47                  117 	.db #0x47	; 71	'G'
   000C 56                  118 	.db #0x56	; 86	'V'
   000D 52                  119 	.db #0x52	; 82	'R'
   000E 5E                  120 	.db #0x5e	; 94
   000F 4A                  121 	.db #0x4a	; 74	'J'
   0010                     122 _g_tileset:
   0010r88r00               123 	.dw _g_tiles_00
   0012r90r00               124 	.dw _g_tiles_01
   0014r98r00               125 	.dw _g_tiles_02
   0016rA0r00               126 	.dw _g_tiles_03
   0018rA8r00               127 	.dw _g_tiles_04
   001ArB0r00               128 	.dw _g_tiles_05
   001CrB8r00               129 	.dw _g_tiles_06
   001ErC0r00               130 	.dw _g_tiles_07
   0020rC8r00               131 	.dw _g_tiles_08
   0022rD0r00               132 	.dw _g_tiles_09
   0024rD8r00               133 	.dw _g_tiles_10
   0026rE0r00               134 	.dw _g_tiles_11
   0028rE8r00               135 	.dw _g_tiles_12
   002ArF0r00               136 	.dw _g_tiles_13
   002CrF8r00               137 	.dw _g_tiles_14
   002Er00r01               138 	.dw _g_tiles_15
   0030r08r01               139 	.dw _g_tiles_16
   0032r10r01               140 	.dw _g_tiles_17
   0034r18r01               141 	.dw _g_tiles_18
   0036r20r01               142 	.dw _g_tiles_19
   0038r28r01               143 	.dw _g_tiles_20
   003Ar30r01               144 	.dw _g_tiles_21
   003Cr38r01               145 	.dw _g_tiles_22
   003Er40r01               146 	.dw _g_tiles_23
   0040r48r01               147 	.dw _g_tiles_24
   0042r50r01               148 	.dw _g_tiles_25
   0044r58r01               149 	.dw _g_tiles_26
   0046r60r01               150 	.dw _g_tiles_27
   0048r68r01               151 	.dw _g_tiles_28
   004Ar70r01               152 	.dw _g_tiles_29
   004Cr78r01               153 	.dw _g_tiles_30
   004Er80r01               154 	.dw _g_tiles_31
   0050r88r01               155 	.dw _g_tiles_32
   0052r90r01               156 	.dw _g_tiles_33
   0054r98r01               157 	.dw _g_tiles_34
   0056rA0r01               158 	.dw _g_tiles_35
   0058rA8r01               159 	.dw _g_tiles_36
   005ArB0r01               160 	.dw _g_tiles_37
   005CrB8r01               161 	.dw _g_tiles_38
   005ErC0r01               162 	.dw _g_tiles_39
   0060rC8r01               163 	.dw _g_tiles_40
   0062rD0r01               164 	.dw _g_tiles_41
   0064rD8r01               165 	.dw _g_tiles_42
   0066rE0r01               166 	.dw _g_tiles_43
   0068rE8r01               167 	.dw _g_tiles_44
   006ArF0r01               168 	.dw _g_tiles_45
   006CrF8r01               169 	.dw _g_tiles_46
   006Er00r02               170 	.dw _g_tiles_47
   0070r08r02               171 	.dw _g_tiles_48
   0072r10r02               172 	.dw _g_tiles_49
   0074r18r02               173 	.dw _g_tiles_50
   0076r20r02               174 	.dw _g_tiles_51
   0078r28r02               175 	.dw _g_tiles_52
   007Ar30r02               176 	.dw _g_tiles_53
   007Cr38r02               177 	.dw _g_tiles_54
   007Er40r02               178 	.dw _g_tiles_55
   0080r48r02               179 	.dw _g_tiles_56
   0082r50r02               180 	.dw _g_tiles_57
   0084r58r02               181 	.dw _g_tiles_58
   0086r60r02               182 	.dw _g_tiles_59
   0088                     183 _g_tiles_00:
   0088 9C                  184 	.db #0x9c	; 156
   0089 78                  185 	.db #0x78	; 120	'x'
   008A 3C                  186 	.db #0x3c	; 60
   008B 78                  187 	.db #0x78	; 120	'x'
   008C 78                  188 	.db #0x78	; 120	'x'
   008D B0                  189 	.db #0xb0	; 176
   008E 30                  190 	.db #0x30	; 48	'0'
   008F 30                  191 	.db #0x30	; 48	'0'
   0090                     192 _g_tiles_01:
   0090 C0                  193 	.db #0xc0	; 192
   0091 90                  194 	.db #0x90	; 144
   0092 C0                  195 	.db #0xc0	; 192
   0093 90                  196 	.db #0x90	; 144
   0094 C0                  197 	.db #0xc0	; 192
   0095 90                  198 	.db #0x90	; 144
   0096 90                  199 	.db #0x90	; 144
   0097 60                  200 	.db #0x60	; 96
   0098                     201 _g_tiles_02:
   0098 C0                  202 	.db #0xc0	; 192
   0099 81                  203 	.db #0x81	; 129
   009A C0                  204 	.db #0xc0	; 192
   009B 81                  205 	.db #0x81	; 129
   009C C0                  206 	.db #0xc0	; 192
   009D 81                  207 	.db #0x81	; 129
   009E 81                  208 	.db #0x81	; 129
   009F 42                  209 	.db #0x42	; 66	'B'
   00A0                     210 _g_tiles_03:
   00A0 C0                  211 	.db #0xc0	; 192
   00A1 C0                  212 	.db #0xc0	; 192
   00A2 C0                  213 	.db #0xc0	; 192
   00A3 C0                  214 	.db #0xc0	; 192
   00A4 C0                  215 	.db #0xc0	; 192
   00A5 C0                  216 	.db #0xc0	; 192
   00A6 C0                  217 	.db #0xc0	; 192
   00A7 C0                  218 	.db #0xc0	; 192
   00A8                     219 _g_tiles_04:
   00A8 C0                  220 	.db #0xc0	; 192
   00A9 90                  221 	.db #0x90	; 144
   00AA C0                  222 	.db #0xc0	; 192
   00AB 90                  223 	.db #0x90	; 144
   00AC C0                  224 	.db #0xc0	; 192
   00AD 90                  225 	.db #0x90	; 144
   00AE 90                  226 	.db #0x90	; 144
   00AF 60                  227 	.db #0x60	; 96
   00B0                     228 _g_tiles_05:
   00B0 C0                  229 	.db #0xc0	; 192
   00B1 90                  230 	.db #0x90	; 144
   00B2 C0                  231 	.db #0xc0	; 192
   00B3 90                  232 	.db #0x90	; 144
   00B4 C0                  233 	.db #0xc0	; 192
   00B5 90                  234 	.db #0x90	; 144
   00B6 90                  235 	.db #0x90	; 144
   00B7 60                  236 	.db #0x60	; 96
   00B8                     237 _g_tiles_06:
   00B8 C0                  238 	.db #0xc0	; 192
   00B9 90                  239 	.db #0x90	; 144
   00BA C0                  240 	.db #0xc0	; 192
   00BB 90                  241 	.db #0x90	; 144
   00BC C0                  242 	.db #0xc0	; 192
   00BD D1                  243 	.db #0xd1	; 209
   00BE 90                  244 	.db #0x90	; 144
   00BF 31                  245 	.db #0x31	; 49	'1'
   00C0                     246 _g_tiles_07:
   00C0 C0                  247 	.db #0xc0	; 192
   00C1 90                  248 	.db #0x90	; 144
   00C2 C8                  249 	.db #0xc8	; 200
   00C3 90                  250 	.db #0x90	; 144
   00C4 62                  251 	.db #0x62	; 98	'b'
   00C5 90                  252 	.db #0x90	; 144
   00C6 32                  253 	.db #0x32	; 50	'2'
   00C7 60                  254 	.db #0x60	; 96
   00C8                     255 _g_tiles_08:
   00C8 C0                  256 	.db #0xc0	; 192
   00C9 90                  257 	.db #0x90	; 144
   00CA C0                  258 	.db #0xc0	; 192
   00CB C4                  259 	.db #0xc4	; 196
   00CC C0                  260 	.db #0xc0	; 192
   00CD 91                  261 	.db #0x91	; 145
   00CE 90                  262 	.db #0x90	; 144
   00CF 31                  263 	.db #0x31	; 49	'1'
   00D0                     264 _g_tiles_09:
   00D0 C0                  265 	.db #0xc0	; 192
   00D1 90                  266 	.db #0x90	; 144
   00D2 C0                  267 	.db #0xc0	; 192
   00D3 90                  268 	.db #0x90	; 144
   00D4 E2                  269 	.db #0xe2	; 226
   00D5 90                  270 	.db #0x90	; 144
   00D6 32                  271 	.db #0x32	; 50	'2'
   00D7 60                  272 	.db #0x60	; 96
   00D8                     273 _g_tiles_10:
   00D8 C0                  274 	.db #0xc0	; 192
   00D9 90                  275 	.db #0x90	; 144
   00DA C0                  276 	.db #0xc0	; 192
   00DB 90                  277 	.db #0x90	; 144
   00DC C0                  278 	.db #0xc0	; 192
   00DD 90                  279 	.db #0x90	; 144
   00DE 90                  280 	.db #0x90	; 144
   00DF 60                  281 	.db #0x60	; 96
   00E0                     282 _g_tiles_11:
   00E0 C0                  283 	.db #0xc0	; 192
   00E1 90                  284 	.db #0x90	; 144
   00E2 C0                  285 	.db #0xc0	; 192
   00E3 90                  286 	.db #0x90	; 144
   00E4 C0                  287 	.db #0xc0	; 192
   00E5 90                  288 	.db #0x90	; 144
   00E6 90                  289 	.db #0x90	; 144
   00E7 60                  290 	.db #0x60	; 96
   00E8                     291 _g_tiles_12:
   00E8 30                  292 	.db #0x30	; 48	'0'
   00E9 30                  293 	.db #0x30	; 48	'0'
   00EA 34                  294 	.db #0x34	; 52	'4'
   00EB 3C                  295 	.db #0x3c	; 60
   00EC 34                  296 	.db #0x34	; 52	'4'
   00ED F0                  297 	.db #0xf0	; 240
   00EE 34                  298 	.db #0x34	; 52	'4'
   00EF F0                  299 	.db #0xf0	; 240
   00F0                     300 _g_tiles_13:
   00F0 30                  301 	.db #0x30	; 48	'0'
   00F1 30                  302 	.db #0x30	; 48	'0'
   00F2 3C                  303 	.db #0x3c	; 60
   00F3 3C                  304 	.db #0x3c	; 60
   00F4 3C                  305 	.db #0x3c	; 60
   00F5 3C                  306 	.db #0x3c	; 60
   00F6 34                  307 	.db #0x34	; 52	'4'
   00F7 3C                  308 	.db #0x3c	; 60
   00F8                     309 _g_tiles_14:
   00F8 30                  310 	.db #0x30	; 48	'0'
   00F9 30                  311 	.db #0x30	; 48	'0'
   00FA 3C                  312 	.db #0x3c	; 60
   00FB 3C                  313 	.db #0x3c	; 60
   00FC 3C                  314 	.db #0x3c	; 60
   00FD 78                  315 	.db #0x78	; 120	'x'
   00FE 3C                  316 	.db #0x3c	; 60
   00FF 78                  317 	.db #0x78	; 120	'x'
   0100                     318 _g_tiles_15:
   0100 30                  319 	.db #0x30	; 48	'0'
   0101 30                  320 	.db #0x30	; 48	'0'
   0102 3C                  321 	.db #0x3c	; 60
   0103 38                  322 	.db #0x38	; 56	'8'
   0104 B4                  323 	.db #0xb4	; 180
   0105 68                  324 	.db #0x68	; 104	'h'
   0106 B0                  325 	.db #0xb0	; 176
   0107 38                  326 	.db #0x38	; 56	'8'
   0108                     327 _g_tiles_16:
   0108 C0                  328 	.db #0xc0	; 192
   0109 90                  329 	.db #0x90	; 144
   010A 81                  330 	.db #0x81	; 129
   010B 12                  331 	.db #0x12	; 18
   010C C5                  332 	.db #0xc5	; 197
   010D CE                  333 	.db #0xce	; 206
   010E C1                  334 	.db #0xc1	; 193
   010F D3                  335 	.db #0xd3	; 211
   0110                     336 _g_tiles_17:
   0110 C0                  337 	.db #0xc0	; 192
   0111 0C                  338 	.db #0x0c	; 12
   0112 C0                  339 	.db #0xc0	; 192
   0113 CF                  340 	.db #0xcf	; 207
   0114 99                  341 	.db #0x99	; 153
   0115 CB                  342 	.db #0xcb	; 203
   0116 B3                  343 	.db #0xb3	; 179
   0117 C3                  344 	.db #0xc3	; 195
   0118                     345 _g_tiles_18:
   0118 4C                  346 	.db #0x4c	; 76	'L'
   0119 48                  347 	.db #0x48	; 72	'H'
   011A CF                  348 	.db #0xcf	; 207
   011B CC                  349 	.db #0xcc	; 204
   011C 83                  350 	.db #0x83	; 131
   011D C0                  351 	.db #0xc0	; 192
   011E 42                  352 	.db #0x42	; 66	'B'
   011F 0C                  353 	.db #0x0c	; 12
   0120                     354 _g_tiles_19:
   0120 C0                  355 	.db #0xc0	; 192
   0121 BA                  356 	.db #0xba	; 186
   0122 48                  357 	.db #0x48	; 72	'H'
   0123 C4                  358 	.db #0xc4	; 196
   0124 C0                  359 	.db #0xc0	; 192
   0125 D5                  360 	.db #0xd5	; 213
   0126 C8                  361 	.db #0xc8	; 200
   0127 95                  362 	.db #0x95	; 149
   0128                     363 _g_tiles_20:
   0128 D5                  364 	.db #0xd5	; 213
   0129 C0                  365 	.db #0xc0	; 192
   012A C8                  366 	.db #0xc8	; 200
   012B 84                  367 	.db #0x84	; 132
   012C EA                  368 	.db #0xea	; 234
   012D C0                  369 	.db #0xc0	; 192
   012E 6A                  370 	.db #0x6a	; 106	'j'
   012F C4                  371 	.db #0xc4	; 196
   0130                     372 _g_tiles_21:
   0130 84                  373 	.db #0x84	; 132
   0131 8C                  374 	.db #0x8c	; 140
   0132 CC                  375 	.db #0xcc	; 204
   0133 CF                  376 	.db #0xcf	; 207
   0134 C0                  377 	.db #0xc0	; 192
   0135 43                  378 	.db #0x43	; 67	'C'
   0136 0C                  379 	.db #0x0c	; 12
   0137 81                  380 	.db #0x81	; 129
   0138                     381 _g_tiles_22:
   0138 0C                  382 	.db #0x0c	; 12
   0139 90                  383 	.db #0x90	; 144
   013A CF                  384 	.db #0xcf	; 207
   013B 90                  385 	.db #0x90	; 144
   013C C7                  386 	.db #0xc7	; 199
   013D 66                  387 	.db #0x66	; 102	'f'
   013E C3                  388 	.db #0xc3	; 195
   013F 73                  389 	.db #0x73	; 115	's'
   0140                     390 _g_tiles_23:
   0140 C0                  391 	.db #0xc0	; 192
   0141 90                  392 	.db #0x90	; 144
   0142 81                  393 	.db #0x81	; 129
   0143 12                  394 	.db #0x12	; 18
   0144 CD                  395 	.db #0xcd	; 205
   0145 9A                  396 	.db #0x9a	; 154
   0146 E3                  397 	.db #0xe3	; 227
   0147 C2                  398 	.db #0xc2	; 194
   0148                     399 _g_tiles_24:
   0148 34                  400 	.db #0x34	; 52	'4'
   0149 38                  401 	.db #0x38	; 56	'8'
   014A 34                  402 	.db #0x34	; 52	'4'
   014B 3C                  403 	.db #0x3c	; 60
   014C 34                  404 	.db #0x34	; 52	'4'
   014D 3C                  405 	.db #0x3c	; 60
   014E 34                  406 	.db #0x34	; 52	'4'
   014F F0                  407 	.db #0xf0	; 240
   0150                     408 _g_tiles_25:
   0150 34                  409 	.db #0x34	; 52	'4'
   0151 3C                  410 	.db #0x3c	; 60
   0152 3C                  411 	.db #0x3c	; 60
   0153 3C                  412 	.db #0x3c	; 60
   0154 3C                  413 	.db #0x3c	; 60
   0155 3C                  414 	.db #0x3c	; 60
   0156 3C                  415 	.db #0x3c	; 60
   0157 3C                  416 	.db #0x3c	; 60
   0158                     417 _g_tiles_26:
   0158 3C                  418 	.db #0x3c	; 60
   0159 3C                  419 	.db #0x3c	; 60
   015A 3C                  420 	.db #0x3c	; 60
   015B 3C                  421 	.db #0x3c	; 60
   015C 3C                  422 	.db #0x3c	; 60
   015D 3C                  423 	.db #0x3c	; 60
   015E 3C                  424 	.db #0x3c	; 60
   015F 78                  425 	.db #0x78	; 120	'x'
   0160                     426 _g_tiles_27:
   0160 30                  427 	.db #0x30	; 48	'0'
   0161 38                  428 	.db #0x38	; 56	'8'
   0162 3C                  429 	.db #0x3c	; 60
   0163 38                  430 	.db #0x38	; 56	'8'
   0164 3C                  431 	.db #0x3c	; 60
   0165 38                  432 	.db #0x38	; 56	'8'
   0166 B4                  433 	.db #0xb4	; 180
   0167 68                  434 	.db #0x68	; 104	'h'
   0168                     435 _g_tiles_28:
   0168 81                  436 	.db #0x81	; 129
   0169 12                  437 	.db #0x12	; 18
   016A C0                  438 	.db #0xc0	; 192
   016B 90                  439 	.db #0x90	; 144
   016C C0                  440 	.db #0xc0	; 192
   016D 90                  441 	.db #0x90	; 144
   016E 90                  442 	.db #0x90	; 144
   016F 60                  443 	.db #0x60	; 96
   0170                     444 _g_tiles_29:
   0170 C0                  445 	.db #0xc0	; 192
   0171 83                  446 	.db #0x83	; 131
   0172 C0                  447 	.db #0xc0	; 192
   0173 03                  448 	.db #0x03	; 3
   0174 C0                  449 	.db #0xc0	; 192
   0175 90                  450 	.db #0x90	; 144
   0176 90                  451 	.db #0x90	; 144
   0177 60                  452 	.db #0x60	; 96
   0178                     453 _g_tiles_30:
   0178 84                  454 	.db #0x84	; 132
   0179 03                  455 	.db #0x03	; 3
   017A 84                  456 	.db #0x84	; 132
   017B 43                  457 	.db #0x43	; 67	'C'
   017C C0                  458 	.db #0xc0	; 192
   017D 90                  459 	.db #0x90	; 144
   017E 6E                  460 	.db #0x6e	; 110	'n'
   017F 6A                  461 	.db #0x6a	; 106	'j'
   0180                     462 _g_tiles_31:
   0180 42                  463 	.db #0x42	; 66	'B'
   0181 3A                  464 	.db #0x3a	; 58
   0182 CA                  465 	.db #0xca	; 202
   0183 90                  466 	.db #0x90	; 144
   0184 C0                  467 	.db #0xc0	; 192
   0185 90                  468 	.db #0x90	; 144
   0186 90                  469 	.db #0x90	; 144
   0187 60                  470 	.db #0x60	; 96
   0188                     471 _g_tiles_32:
   0188 95                  472 	.db #0x95	; 149
   0189 81                  473 	.db #0x81	; 129
   018A C0                  474 	.db #0xc0	; 192
   018B C5                  475 	.db #0xc5	; 197
   018C C0                  476 	.db #0xc0	; 192
   018D C0                  477 	.db #0xc0	; 192
   018E 90                  478 	.db #0x90	; 144
   018F 60                  479 	.db #0x60	; 96
   0190                     480 _g_tiles_33:
   0190 03                  481 	.db #0x03	; 3
   0191 48                  482 	.db #0x48	; 72	'H'
   0192 83                  483 	.db #0x83	; 131
   0193 48                  484 	.db #0x48	; 72	'H'
   0194 C0                  485 	.db #0xc0	; 192
   0195 C0                  486 	.db #0xc0	; 192
   0196 95                  487 	.db #0x95	; 149
   0197 9D                  488 	.db #0x9d	; 157
   0198                     489 _g_tiles_34:
   0198 43                  490 	.db #0x43	; 67	'C'
   0199 90                  491 	.db #0x90	; 144
   019A 03                  492 	.db #0x03	; 3
   019B 90                  493 	.db #0x90	; 144
   019C C0                  494 	.db #0xc0	; 192
   019D 90                  495 	.db #0x90	; 144
   019E 90                  496 	.db #0x90	; 144
   019F 60                  497 	.db #0x60	; 96
   01A0                     498 _g_tiles_35:
   01A0 81                  499 	.db #0x81	; 129
   01A1 12                  500 	.db #0x12	; 18
   01A2 C0                  501 	.db #0xc0	; 192
   01A3 90                  502 	.db #0x90	; 144
   01A4 C0                  503 	.db #0xc0	; 192
   01A5 90                  504 	.db #0x90	; 144
   01A6 90                  505 	.db #0x90	; 144
   01A7 60                  506 	.db #0x60	; 96
   01A8                     507 _g_tiles_36:
   01A8 34                  508 	.db #0x34	; 52	'4'
   01A9 F0                  509 	.db #0xf0	; 240
   01AA 34                  510 	.db #0x34	; 52	'4'
   01AB 38                  511 	.db #0x38	; 56	'8'
   01AC 34                  512 	.db #0x34	; 52	'4'
   01AD 3C                  513 	.db #0x3c	; 60
   01AE 30                  514 	.db #0x30	; 48	'0'
   01AF 60                  515 	.db #0x60	; 96
   01B0                     516 _g_tiles_37:
   01B0 34                  517 	.db #0x34	; 52	'4'
   01B1 3C                  518 	.db #0x3c	; 60
   01B2 34                  519 	.db #0x34	; 52	'4'
   01B3 3C                  520 	.db #0x3c	; 60
   01B4 3C                  521 	.db #0x3c	; 60
   01B5 3C                  522 	.db #0x3c	; 60
   01B6 30                  523 	.db #0x30	; 48	'0'
   01B7 30                  524 	.db #0x30	; 48	'0'
   01B8                     525 _g_tiles_38:
   01B8 3C                  526 	.db #0x3c	; 60
   01B9 78                  527 	.db #0x78	; 120	'x'
   01BA 3C                  528 	.db #0x3c	; 60
   01BB 3C                  529 	.db #0x3c	; 60
   01BC 3C                  530 	.db #0x3c	; 60
   01BD 3C                  531 	.db #0x3c	; 60
   01BE 60                  532 	.db #0x60	; 96
   01BF 30                  533 	.db #0x30	; 48	'0'
   01C0                     534 _g_tiles_39:
   01C0 B0                  535 	.db #0xb0	; 176
   01C1 38                  536 	.db #0x38	; 56	'8'
   01C2 30                  537 	.db #0x30	; 48	'0'
   01C3 68                  538 	.db #0x68	; 104	'h'
   01C4 3C                  539 	.db #0x3c	; 60
   01C5 38                  540 	.db #0x38	; 56	'8'
   01C6 30                  541 	.db #0x30	; 48	'0'
   01C7 30                  542 	.db #0x30	; 48	'0'
   01C8                     543 _g_tiles_40:
   01C8 C0                  544 	.db #0xc0	; 192
   01C9 90                  545 	.db #0x90	; 144
   01CA C0                  546 	.db #0xc0	; 192
   01CB 90                  547 	.db #0x90	; 144
   01CC C0                  548 	.db #0xc0	; 192
   01CD 90                  549 	.db #0x90	; 144
   01CE 90                  550 	.db #0x90	; 144
   01CF 60                  551 	.db #0x60	; 96
   01D0                     552 _g_tiles_41:
   01D0 C0                  553 	.db #0xc0	; 192
   01D1 90                  554 	.db #0x90	; 144
   01D2 C0                  555 	.db #0xc0	; 192
   01D3 4C                  556 	.db #0x4c	; 76	'L'
   01D4 C5                  557 	.db #0xc5	; 197
   01D5 E8                  558 	.db #0xe8	; 232
   01D6 83                  559 	.db #0x83	; 131
   01D7 03                  560 	.db #0x03	; 3
   01D8                     561 _g_tiles_42:
   01D8 4C                  562 	.db #0x4c	; 76	'L'
   01D9 18                  563 	.db #0x18	; 24
   01DA 8C                  564 	.db #0x8c	; 140
   01DB 0C                  565 	.db #0x0c	; 12
   01DC 68                  566 	.db #0x68	; 104	'h'
   01DD E0                  567 	.db #0xe0	; 224
   01DE 03                  568 	.db #0x03	; 3
   01DF 03                  569 	.db #0x03	; 3
   01E0                     570 _g_tiles_43:
   01E0 C0                  571 	.db #0xc0	; 192
   01E1 90                  572 	.db #0x90	; 144
   01E2 48                  573 	.db #0x48	; 72	'H'
   01E3 90                  574 	.db #0x90	; 144
   01E4 65                  575 	.db #0x65	; 101	'e'
   01E5 90                  576 	.db #0x90	; 144
   01E6 03                  577 	.db #0x03	; 3
   01E7 C2                  578 	.db #0xc2	; 194
   01E8                     579 _g_tiles_44:
   01E8 C0                  580 	.db #0xc0	; 192
   01E9 90                  581 	.db #0x90	; 144
   01EA C0                  582 	.db #0xc0	; 192
   01EB 84                  583 	.db #0x84	; 132
   01EC C0                  584 	.db #0xc0	; 192
   01ED 9A                  585 	.db #0x9a	; 154
   01EE C1                  586 	.db #0xc1	; 193
   01EF 03                  587 	.db #0x03	; 3
   01F0                     588 _g_tiles_45:
   01F0 84                  589 	.db #0x84	; 132
   01F1 8C                  590 	.db #0x8c	; 140
   01F2 CC                  591 	.db #0xcc	; 204
   01F3 0C                  592 	.db #0x0c	; 12
   01F4 D0                  593 	.db #0xd0	; 208
   01F5 94                  594 	.db #0x94	; 148
   01F6 03                  595 	.db #0x03	; 3
   01F7 03                  596 	.db #0x03	; 3
   01F8                     597 _g_tiles_46:
   01F8 C0                  598 	.db #0xc0	; 192
   01F9 90                  599 	.db #0x90	; 144
   01FA 0C                  600 	.db #0x0c	; 12
   01FB 90                  601 	.db #0x90	; 144
   01FC D4                  602 	.db #0xd4	; 212
   01FD CA                  603 	.db #0xca	; 202
   01FE 03                  604 	.db #0x03	; 3
   01FF 43                  605 	.db #0x43	; 67	'C'
   0200                     606 _g_tiles_47:
   0200 C0                  607 	.db #0xc0	; 192
   0201 90                  608 	.db #0x90	; 144
   0202 C0                  609 	.db #0xc0	; 192
   0203 90                  610 	.db #0x90	; 144
   0204 C0                  611 	.db #0xc0	; 192
   0205 90                  612 	.db #0x90	; 144
   0206 90                  613 	.db #0x90	; 144
   0207 60                  614 	.db #0x60	; 96
   0208                     615 _g_tiles_48:
   0208 95                  616 	.db #0x95	; 149
   0209 AF                  617 	.db #0xaf	; 175
   020A 95                  618 	.db #0x95	; 149
   020B 4A                  619 	.db #0x4a	; 74	'J'
   020C 95                  620 	.db #0x95	; 149
   020D 1F                  621 	.db #0x1f	; 31
   020E 95                  622 	.db #0x95	; 149
   020F 4A                  623 	.db #0x4a	; 74	'J'
   0210                     624 _g_tiles_49:
   0210 5F                  625 	.db #0x5f	; 95
   0211 5F                  626 	.db #0x5f	; 95
   0212 17                  627 	.db #0x17	; 23
   0213 17                  628 	.db #0x17	; 23
   0214 C0                  629 	.db #0xc0	; 192
   0215 C0                  630 	.db #0xc0	; 192
   0216 C0                  631 	.db #0xc0	; 192
   0217 C0                  632 	.db #0xc0	; 192
   0218                     633 _g_tiles_50:
   0218 AF                  634 	.db #0xaf	; 175
   0219 FF                  635 	.db #0xff	; 255
   021A 03                  636 	.db #0x03	; 3
   021B 3F                  637 	.db #0x3f	; 63
   021C C0                  638 	.db #0xc0	; 192
   021D C0                  639 	.db #0xc0	; 192
   021E C0                  640 	.db #0xc0	; 192
   021F C0                  641 	.db #0xc0	; 192
   0220                     642 _g_tiles_51:
   0220 DD                  643 	.db #0xdd	; 221
   0221 6A                  644 	.db #0x6a	; 106	'j'
   0222 C4                  645 	.db #0xc4	; 196
   0223 6A                  646 	.db #0x6a	; 106	'j'
   0224 2F                  647 	.db #0x2f	; 47
   0225 6A                  648 	.db #0x6a	; 106	'j'
   0226 D5                  649 	.db #0xd5	; 213
   0227 6A                  650 	.db #0x6a	; 106	'j'
   0228                     651 _g_tiles_52:
   0228 95                  652 	.db #0x95	; 149
   0229 0F                  653 	.db #0x0f	; 15
   022A 95                  654 	.db #0x95	; 149
   022B EA                  655 	.db #0xea	; 234
   022C 95                  656 	.db #0x95	; 149
   022D 1F                  657 	.db #0x1f	; 31
   022E 95                  658 	.db #0x95	; 149
   022F EA                  659 	.db #0xea	; 234
   0230                     660 _g_tiles_53:
   0230 AF                  661 	.db #0xaf	; 175
   0231 AF                  662 	.db #0xaf	; 175
   0232 2B                  663 	.db #0x2b	; 43
   0233 17                  664 	.db #0x17	; 23
   0234 C0                  665 	.db #0xc0	; 192
   0235 C0                  666 	.db #0xc0	; 192
   0236 C0                  667 	.db #0xc0	; 192
   0237 C0                  668 	.db #0xc0	; 192
   0238                     669 _g_tiles_54:
   0238 5F                  670 	.db #0x5f	; 95
   0239 FF                  671 	.db #0xff	; 255
   023A 03                  672 	.db #0x03	; 3
   023B 3F                  673 	.db #0x3f	; 63
   023C C0                  674 	.db #0xc0	; 192
   023D C0                  675 	.db #0xc0	; 192
   023E C0                  676 	.db #0xc0	; 192
   023F C0                  677 	.db #0xc0	; 192
   0240                     678 _g_tiles_55:
   0240 AF                  679 	.db #0xaf	; 175
   0241 6A                  680 	.db #0x6a	; 106	'j'
   0242 C4                  681 	.db #0xc4	; 196
   0243 6A                  682 	.db #0x6a	; 106	'j'
   0244 2F                  683 	.db #0x2f	; 47
   0245 6A                  684 	.db #0x6a	; 106	'j'
   0246 85                  685 	.db #0x85	; 133
   0247 6A                  686 	.db #0x6a	; 106	'j'
   0248                     687 _g_tiles_56:
   0248 C0                  688 	.db #0xc0	; 192
   0249 C1                  689 	.db #0xc1	; 193
   024A 91                  690 	.db #0x91	; 145
   024B F3                  691 	.db #0xf3	; 243
   024C 33                  692 	.db #0x33	; 51	'3'
   024D 66                  693 	.db #0x66	; 102	'f'
   024E 62                  694 	.db #0x62	; 98	'b'
   024F EA                  695 	.db #0xea	; 234
   0250                     696 _g_tiles_57:
   0250 EA                  697 	.db #0xea	; 234
   0251 C0                  698 	.db #0xc0	; 192
   0252 D9                  699 	.db #0xd9	; 217
   0253 62                  700 	.db #0x62	; 98	'b'
   0254 66                  701 	.db #0x66	; 102	'f'
   0255 33                  702 	.db #0x33	; 51	'3'
   0256 EA                  703 	.db #0xea	; 234
   0257 BB                  704 	.db #0xbb	; 187
   0258                     705 _g_tiles_58:
   0258 9C                  706 	.db #0x9c	; 156
   0259 3C                  707 	.db #0x3c	; 60
   025A 78                  708 	.db #0x78	; 120	'x'
   025B F0                  709 	.db #0xf0	; 240
   025C 78                  710 	.db #0x78	; 120	'x'
   025D F0                  711 	.db #0xf0	; 240
   025E B0                  712 	.db #0xb0	; 176
   025F 30                  713 	.db #0x30	; 48	'0'
   0260                     714 _g_tiles_59:
   0260 3C                  715 	.db #0x3c	; 60
   0261 3C                  716 	.db #0x3c	; 60
   0262 F0                  717 	.db #0xf0	; 240
   0263 F0                  718 	.db #0xf0	; 240
   0264 F0                  719 	.db #0xf0	; 240
   0265 B0                  720 	.db #0xb0	; 176
   0266 30                  721 	.db #0x30	; 48	'0'
   0267 30                  722 	.db #0x30	; 48	'0'
                            723 	.area _INITIALIZER
                            724 	.area _CABS (ABS)
